<?xml version="1.0" encoding="UTF-8"?>
<coverage generated="1766046678021" clover="3.2.0">
  <project timestamp="1766046678022" name="All files">
    <metrics statements="220" coveredstatements="131" conditionals="107" coveredconditionals="37" methods="19" coveredmethods="15" elements="346" coveredelements="183" complexity="0" loc="220" ncloc="220" packages="1" files="1" classes="1"/>
    <file name="dateParser.ts" path="C:\Users\karis\hr-agent-bot\src\services\dateParser.ts">
      <metrics statements="220" coveredstatements="131" conditionals="107" coveredconditionals="37" methods="19" coveredmethods="15"/>
      <line num="1" count="1" type="stmt"/>
      <line num="28" count="1" type="stmt"/>
      <line num="29" count="1" type="stmt"/>
      <line num="30" count="1" type="stmt"/>
      <line num="58" count="13" type="cond" truecount="1" falsecount="1"/>
      <line num="59" count="13" type="cond" truecount="0" falsecount="1"/>
      <line num="60" count="0" type="stmt"/>
      <line num="63" count="13" type="stmt"/>
      <line num="64" count="13" type="stmt"/>
      <line num="65" count="13" type="cond" truecount="1" falsecount="0"/>
      <line num="66" count="1" type="stmt"/>
      <line num="69" count="12" type="stmt"/>
      <line num="70" count="12" type="cond" truecount="1" falsecount="0"/>
      <line num="71" count="11" type="stmt"/>
      <line num="74" count="1" type="stmt"/>
      <line num="83" count="0" type="cond" truecount="0" falsecount="2"/>
      <line num="84" count="0" type="stmt"/>
      <line num="85" count="0" type="stmt"/>
      <line num="87" count="0" type="stmt"/>
      <line num="88" count="0" type="cond" truecount="0" falsecount="1"/>
      <line num="89" count="0" type="stmt"/>
      <line num="90" count="0" type="cond" truecount="0" falsecount="4"/>
      <line num="91" count="0" type="stmt"/>
      <line num="93" count="0" type="stmt"/>
      <line num="98" count="0" type="cond" truecount="0" falsecount="5"/>
      <line num="102" count="0" type="cond" truecount="0" falsecount="1"/>
      <line num="103" count="0" type="stmt"/>
      <line num="104" count="0" type="stmt"/>
      <line num="107" count="0" type="stmt"/>
      <line num="115" count="0" type="stmt"/>
      <line num="116" count="0" type="cond" truecount="0" falsecount="3"/>
      <line num="117" count="0" type="stmt"/>
      <line num="119" count="0" type="stmt"/>
      <line num="123" count="0" type="stmt"/>
      <line num="124" count="0" type="cond" truecount="0" falsecount="5"/>
      <line num="125" count="0" type="stmt"/>
      <line num="127" count="0" type="stmt"/>
      <line num="131" count="1" type="stmt"/>
      <line num="132" count="1" type="cond" truecount="0" falsecount="1"/>
      <line num="133" count="0" type="stmt"/>
      <line num="136" count="1" type="stmt"/>
      <line num="137" count="1" type="stmt"/>
      <line num="138" count="1" type="stmt"/>
      <line num="142" count="1" type="stmt"/>
      <line num="143" count="1" type="cond" truecount="0" falsecount="1"/>
      <line num="144" count="0" type="stmt"/>
      <line num="147" count="1" type="stmt"/>
      <line num="151" count="6" type="stmt"/>
      <line num="152" count="6" type="stmt"/>
      <line num="154" count="6" type="cond" truecount="2" falsecount="1"/>
      <line num="155" count="0" type="stmt"/>
      <line num="158" count="6" type="stmt"/>
      <line num="159" count="6" type="cond" truecount="0" falsecount="1"/>
      <line num="160" count="0" type="stmt"/>
      <line num="163" count="6" type="cond" truecount="2" falsecount="0"/>
      <line num="167" count="0" type="stmt"/>
      <line num="168" count="0" type="cond" truecount="0" falsecount="3"/>
      <line num="169" count="0" type="stmt"/>
      <line num="172" count="0" type="stmt"/>
      <line num="173" count="0" type="stmt"/>
      <line num="174" count="0" type="stmt"/>
      <line num="178" count="13" type="stmt"/>
      <line num="179" count="13" type="stmt"/>
      <line num="181" count="13" type="stmt"/>
      <line num="182" count="13" type="cond" truecount="1" falsecount="0"/>
      <line num="183" count="1" type="stmt"/>
      <line num="184" count="1" type="stmt"/>
      <line num="187" count="13" type="cond" truecount="3" falsecount="0"/>
      <line num="188" count="12" type="stmt"/>
      <line num="189" count="12" type="cond" truecount="0" falsecount="1"/>
      <line num="190" count="0" type="stmt"/>
      <line num="191" count="0" type="stmt"/>
      <line num="195" count="13" type="cond" truecount="3" falsecount="0"/>
      <line num="196" count="12" type="stmt"/>
      <line num="199" count="1" type="stmt"/>
      <line num="200" count="1" type="stmt"/>
      <line num="202" count="1" type="stmt"/>
      <line num="204" count="1" type="cond" truecount="0" falsecount="1"/>
      <line num="205" count="0" type="cond" truecount="0" falsecount="2"/>
      <line num="207" count="1" type="cond" truecount="0" falsecount="1"/>
      <line num="208" count="0" type="cond" truecount="0" falsecount="2"/>
      <line num="211" count="1" type="cond" truecount="0" falsecount="1"/>
      <line num="212" count="0" type="stmt"/>
      <line num="220" count="1" type="cond" truecount="3" falsecount="0"/>
      <line num="221" count="1" type="stmt"/>
      <line num="222" count="1" type="stmt"/>
      <line num="223" count="1" type="cond" truecount="3" falsecount="1"/>
      <line num="224" count="0" type="stmt"/>
      <line num="225" count="1" type="cond" truecount="0" falsecount="1"/>
      <line num="226" count="0" type="stmt"/>
      <line num="230" count="1" type="stmt"/>
      <line num="239" count="2" type="stmt"/>
      <line num="240" count="2" type="cond" truecount="0" falsecount="1"/>
      <line num="241" count="0" type="stmt"/>
      <line num="242" count="0" type="cond" truecount="0" falsecount="2"/>
      <line num="243" count="0" type="stmt"/>
      <line num="244" count="0" type="cond" truecount="0" falsecount="1"/>
      <line num="245" count="0" type="stmt"/>
      <line num="247" count="0" type="stmt"/>
      <line num="248" count="0" type="stmt"/>
      <line num="249" count="0" type="stmt"/>
      <line num="252" count="2" type="stmt"/>
      <line num="253" count="2" type="cond" truecount="0" falsecount="1"/>
      <line num="254" count="0" type="stmt"/>
      <line num="255" count="0" type="stmt"/>
      <line num="256" count="0" type="cond" truecount="0" falsecount="2"/>
      <line num="257" count="0" type="cond" truecount="0" falsecount="1"/>
      <line num="258" count="0" type="stmt"/>
      <line num="260" count="0" type="stmt"/>
      <line num="261" count="0" type="stmt"/>
      <line num="262" count="0" type="stmt"/>
      <line num="265" count="2" type="stmt"/>
      <line num="266" count="2" type="cond" truecount="1" falsecount="0"/>
      <line num="267" count="2" type="stmt"/>
      <line num="268" count="2" type="stmt"/>
      <line num="269" count="2" type="stmt"/>
      <line num="272" count="0" type="stmt"/>
      <line num="273" count="0" type="cond" truecount="0" falsecount="3"/>
      <line num="274" count="0" type="stmt"/>
      <line num="277" count="0" type="stmt"/>
      <line num="281" count="12" type="stmt"/>
      <line num="282" count="12" type="cond" truecount="1" falsecount="0"/>
      <line num="283" count="3" type="stmt"/>
      <line num="291" count="9" type="stmt"/>
      <line num="292" count="9" type="cond" truecount="1" falsecount="0"/>
      <line num="293" count="2" type="stmt"/>
      <line num="301" count="7" type="stmt"/>
      <line num="302" count="7" type="cond" truecount="1" falsecount="0"/>
      <line num="303" count="6" type="cond" truecount="1" falsecount="0"/>
      <line num="304" count="1" type="stmt"/>
      <line num="312" count="5" type="stmt"/>
      <line num="320" count="1" type="stmt"/>
      <line num="324" count="12" type="stmt"/>
      <line num="326" count="12" type="cond" truecount="0" falsecount="1"/>
      <line num="327" count="0" type="stmt"/>
      <line num="330" count="12" type="cond" truecount="1" falsecount="0"/>
      <line num="331" count="1" type="stmt"/>
      <line num="334" count="11" type="cond" truecount="1" falsecount="0"/>
      <line num="335" count="1" type="stmt"/>
      <line num="338" count="10" type="cond" truecount="1" falsecount="0"/>
      <line num="339" count="1" type="stmt"/>
      <line num="342" count="9" type="stmt"/>
      <line num="346" count="9" type="stmt"/>
      <line num="347" count="9" type="cond" truecount="1" falsecount="0"/>
      <line num="348" count="7" type="stmt"/>
      <line num="351" count="2" type="stmt"/>
      <line num="352" count="2" type="stmt"/>
      <line num="353" count="2" type="stmt"/>
      <line num="354" count="2" type="stmt"/>
      <line num="356" count="2" type="cond" truecount="1" falsecount="0"/>
      <line num="357" count="1" type="stmt"/>
      <line num="358" count="1" type="stmt"/>
      <line num="361" count="1" type="stmt"/>
      <line num="362" count="1" type="cond" truecount="0" falsecount="1"/>
      <line num="363" count="0" type="stmt"/>
      <line num="366" count="1" type="stmt"/>
      <line num="370" count="1" type="stmt"/>
      <line num="371" count="1" type="cond" truecount="0" falsecount="1"/>
      <line num="372" count="0" type="stmt"/>
      <line num="375" count="1" type="cond" truecount="1" falsecount="0"/>
      <line num="376" count="1" type="stmt"/>
      <line num="379" count="0" type="stmt"/>
      <line num="383" count="7" type="stmt"/>
      <line num="384" count="7" type="cond" truecount="0" falsecount="1"/>
      <line num="385" count="0" type="stmt"/>
      <line num="386" count="0" type="cond" truecount="0" falsecount="1"/>
      <line num="387" count="0" type="stmt"/>
      <line num="389" count="0" type="stmt"/>
      <line num="392" count="7" type="stmt"/>
      <line num="393" count="7" type="cond" truecount="1" falsecount="0"/>
      <line num="394" count="2" type="stmt"/>
      <line num="395" count="2" type="stmt"/>
      <line num="396" count="2" type="stmt"/>
      <line num="397" count="2" type="stmt"/>
      <line num="398" count="2" type="stmt"/>
      <line num="401" count="5" type="stmt"/>
      <line num="402" count="5" type="cond" truecount="0" falsecount="1"/>
      <line num="403" count="0" type="stmt"/>
      <line num="404" count="0" type="stmt"/>
      <line num="405" count="0" type="stmt"/>
      <line num="406" count="0" type="stmt"/>
      <line num="407" count="0" type="stmt"/>
      <line num="410" count="5" type="stmt"/>
      <line num="414" count="5" type="stmt"/>
      <line num="415" count="5" type="cond" truecount="0" falsecount="1"/>
      <line num="416" count="0" type="stmt"/>
      <line num="417" count="0" type="stmt"/>
      <line num="418" count="0" type="cond" truecount="0" falsecount="2"/>
      <line num="419" count="0" type="cond" truecount="0" falsecount="1"/>
      <line num="420" count="0" type="stmt"/>
      <line num="422" count="0" type="stmt"/>
      <line num="423" count="0" type="stmt"/>
      <line num="424" count="0" type="stmt"/>
      <line num="427" count="5" type="stmt"/>
      <line num="431" count="5" type="stmt"/>
      <line num="432" count="5" type="cond" truecount="0" falsecount="1"/>
      <line num="433" count="0" type="stmt"/>
      <line num="434" count="0" type="stmt"/>
      <line num="435" count="0" type="cond" truecount="0" falsecount="2"/>
      <line num="436" count="0" type="stmt"/>
      <line num="437" count="0" type="stmt"/>
      <line num="438" count="0" type="stmt"/>
      <line num="441" count="5" type="stmt"/>
      <line num="442" count="5" type="cond" truecount="1" falsecount="0"/>
      <line num="443" count="4" type="stmt"/>
      <line num="444" count="4" type="stmt"/>
      <line num="445" count="4" type="stmt"/>
      <line num="448" count="1" type="stmt"/>
      <line num="452" count="8" type="cond" truecount="0" falsecount="1"/>
      <line num="453" count="0" type="stmt"/>
      <line num="456" count="8" type="cond" truecount="3" falsecount="0"/>
      <line num="457" count="1" type="stmt"/>
      <line num="460" count="7" type="stmt"/>
      <line num="464" count="16" type="stmt"/>
      <line num="465" count="16" type="cond" truecount="0" falsecount="1"/>
      <line num="466" count="0" type="stmt"/>
      <line num="468" count="16" type="stmt"/>
      <line num="472" count="12" type="stmt"/>
      <line num="476" count="1" type="stmt"/>
      <line num="477" count="1" type="stmt"/>
    </file>
  </project>
</coverage>
