{"C:\\Users\\karis\\hr-agent-bot\\src\\app.ts": {"path":"C:\\Users\\karis\\hr-agent-bot\\src\\app.ts","statementMap":{"0":{"start":{"line":1,"column":0},"end":{"line":1,"column":30}},"1":{"start":{"line":2,"column":0},"end":{"line":2,"column":24}},"2":{"start":{"line":3,"column":0},"end":{"line":3,"column":28}},"3":{"start":{"line":4,"column":0},"end":{"line":4,"column":24}},"4":{"start":{"line":6,"column":0},"end":{"line":6,"column":16}},"5":{"start":{"line":8,"column":12},"end":{"line":8,"column":21}},"6":{"start":{"line":9,"column":13},"end":{"line":9,"column":37}},"7":{"start":{"line":12,"column":0},"end":{"line":12,"column":16}},"8":{"start":{"line":13,"column":0},"end":{"line":13,"column":24}},"9":{"start":{"line":14,"column":0},"end":{"line":14,"column":59}},"10":{"start":{"line":17,"column":0},"end":{"line":17,"column":62}},"11":{"start":{"line":18,"column":0},"end":{"line":18,"column":64}},"12":{"start":{"line":19,"column":0},"end":{"line":19,"column":60}},"13":{"start":{"line":20,"column":0},"end":{"line":20,"column":65}},"14":{"start":{"line":22,"column":26},"end":{"line":22,"column":49}},"15":{"start":{"line":25,"column":0},"end":{"line":25,"column":38}},"16":{"start":{"line":26,"column":0},"end":{"line":26,"column":57}},"17":{"start":{"line":27,"column":0},"end":{"line":27,"column":51}},"18":{"start":{"line":28,"column":0},"end":{"line":28,"column":65}},"19":{"start":{"line":29,"column":0},"end":{"line":29,"column":59}},"20":{"start":{"line":32,"column":0},"end":{"line":183,"column":3}},"21":{"start":{"line":33,"column":2},"end":{"line":182,"column":3}},"22":{"start":{"line":34,"column":34},"end":{"line":34,"column":43}},"23":{"start":{"line":36,"column":4},"end":{"line":46,"column":5}},"24":{"start":{"line":37,"column":6},"end":{"line":45,"column":9}},"25":{"start":{"line":49,"column":4},"end":{"line":59,"column":5}},"26":{"start":{"line":50,"column":6},"end":{"line":58,"column":9}},"27":{"start":{"line":62,"column":19},"end":{"line":62,"column":66}},"28":{"start":{"line":64,"column":4},"end":{"line":74,"column":5}},"29":{"start":{"line":65,"column":6},"end":{"line":73,"column":9}},"30":{"start":{"line":76,"column":24},"end":{"line":76,"column":37}},"31":{"start":{"line":78,"column":4},"end":{"line":169,"column":5}},"32":{"start":{"line":80,"column":22},"end":{"line":80,"column":90}},"33":{"start":{"line":83,"column":26},"end":{"line":85,"column":45}},"34":{"start":{"line":86,"column":24},"end":{"line":86,"column":46}},"35":{"start":{"line":88,"column":6},"end":{"line":115,"column":9}},"36":{"start":{"line":116,"column":11},"end":{"line":169,"column":5}},"37":{"start":{"line":118,"column":22},"end":{"line":118,"column":90}},"38":{"start":{"line":121,"column":26},"end":{"line":123,"column":45}},"39":{"start":{"line":124,"column":24},"end":{"line":124,"column":46}},"40":{"start":{"line":126,"column":6},"end":{"line":158,"column":9}},"41":{"start":{"line":160,"column":6},"end":{"line":168,"column":9}},"42":{"start":{"line":172,"column":4},"end":{"line":172,"column":44}},"43":{"start":{"line":173,"column":4},"end":{"line":181,"column":7}},"44":{"start":{"line":186,"column":0},"end":{"line":193,"column":3}},"45":{"start":{"line":187,"column":2},"end":{"line":192,"column":5}},"46":{"start":{"line":196,"column":0},"end":{"line":198,"column":3}},"47":{"start":{"line":197,"column":2},"end":{"line":197,"column":61}},"48":{"start":{"line":200,"column":0},"end":{"line":204,"column":3}},"49":{"start":{"line":201,"column":2},"end":{"line":201,"column":69}},"50":{"start":{"line":202,"column":2},"end":{"line":202,"column":92}},"51":{"start":{"line":203,"column":2},"end":{"line":203,"column":70}}},"fnMap":{"0":{"name":"(anonymous_1)","decl":{"start":{"line":32,"column":20},"end":{"line":32,"column":25}},"loc":{"start":{"line":32,"column":39},"end":{"line":183,"column":1}}},"1":{"name":"(anonymous_2)","decl":{"start":{"line":186,"column":23},"end":{"line":186,"column":24}},"loc":{"start":{"line":186,"column":36},"end":{"line":193,"column":1}}},"2":{"name":"(anonymous_3)","decl":{"start":{"line":196,"column":13},"end":{"line":196,"column":14}},"loc":{"start":{"line":196,"column":26},"end":{"line":198,"column":1}}},"3":{"name":"(anonymous_4)","decl":{"start":{"line":200,"column":17},"end":{"line":200,"column":20}},"loc":{"start":{"line":200,"column":22},"end":{"line":204,"column":1}}}},"branchMap":{"0":{"loc":{"start":{"line":9,"column":13},"end":{"line":9,"column":37}},"type":"binary-expr","locations":[{"start":{"line":9,"column":13},"end":{"line":9,"column":29}},{"start":{"line":9,"column":33},"end":{"line":9,"column":37}}]},"1":{"loc":{"start":{"line":36,"column":4},"end":{"line":46,"column":5}},"type":"if","locations":[{"start":{"line":36,"column":4},"end":{"line":46,"column":5}}]},"2":{"loc":{"start":{"line":36,"column":8},"end":{"line":36,"column":32}},"type":"binary-expr","locations":[{"start":{"line":36,"column":8},"end":{"line":36,"column":11}},{"start":{"line":36,"column":15},"end":{"line":36,"column":22}},{"start":{"line":36,"column":26},"end":{"line":36,"column":32}}]},"3":{"loc":{"start":{"line":49,"column":4},"end":{"line":59,"column":5}},"type":"if","locations":[{"start":{"line":49,"column":4},"end":{"line":59,"column":5}}]},"4":{"loc":{"start":{"line":64,"column":4},"end":{"line":74,"column":5}},"type":"if","locations":[{"start":{"line":64,"column":4},"end":{"line":74,"column":5}}]},"5":{"loc":{"start":{"line":78,"column":4},"end":{"line":169,"column":5}},"type":"if","locations":[{"start":{"line":78,"column":4},"end":{"line":169,"column":5}},{"start":{"line":116,"column":11},"end":{"line":169,"column":5}}]},"6":{"loc":{"start":{"line":83,"column":26},"end":{"line":85,"column":45}},"type":"cond-expr","locations":[{"start":{"line":84,"column":10},"end":{"line":84,"column":59}},{"start":{"line":85,"column":10},"end":{"line":85,"column":45}}]},"7":{"loc":{"start":{"line":116,"column":11},"end":{"line":169,"column":5}},"type":"if","locations":[{"start":{"line":116,"column":11},"end":{"line":169,"column":5}},{"start":{"line":159,"column":11},"end":{"line":169,"column":5}}]},"8":{"loc":{"start":{"line":121,"column":26},"end":{"line":123,"column":45}},"type":"cond-expr","locations":[{"start":{"line":122,"column":10},"end":{"line":122,"column":59}},{"start":{"line":123,"column":10},"end":{"line":123,"column":45}}]},"9":{"loc":{"start":{"line":202,"column":31},"end":{"line":202,"column":88}},"type":"cond-expr","locations":[{"start":{"line":202,"column":66},"end":{"line":202,"column":75}},{"start":{"line":202,"column":78},"end":{"line":202,"column":88}}]},"10":{"loc":{"start":{"line":203,"column":29},"end":{"line":203,"column":66}},"type":"binary-expr","locations":[{"start":{"line":203,"column":29},"end":{"line":203,"column":53}},{"start":{"line":203,"column":57},"end":{"line":203,"column":66}}]}},"s":{"0":0,"1":0,"2":0,"3":0,"4":0,"5":0,"6":0,"7":0,"8":0,"9":0,"10":0,"11":0,"12":0,"13":0,"14":0,"15":0,"16":0,"17":0,"18":0,"19":0,"20":0,"21":0,"22":0,"23":0,"24":0,"25":0,"26":0,"27":0,"28":0,"29":0,"30":0,"31":0,"32":0,"33":0,"34":0,"35":0,"36":0,"37":0,"38":0,"39":0,"40":0,"41":0,"42":0,"43":0,"44":0,"45":0,"46":0,"47":0,"48":0,"49":0,"50":0,"51":0},"f":{"0":0,"1":0,"2":0,"3":0},"b":{"0":[0,0],"1":[0],"2":[0,0,0],"3":[0],"4":[0],"5":[0,0],"6":[0,0],"7":[0,0],"8":[0,0],"9":[0,0],"10":[0,0]}}
,"C:\\Users\\karis\\hr-agent-bot\\src\\controllers\\chatController.ts": {"path":"C:\\Users\\karis\\hr-agent-bot\\src\\controllers\\chatController.ts","statementMap":{"0":{"start":{"line":2,"column":0},"end":{"line":2,"column":50}},"1":{"start":{"line":3,"column":0},"end":{"line":3,"column":66}},"2":{"start":{"line":5,"column":0},"end":{"line":5,"column":55}},"3":{"start":{"line":6,"column":0},"end":{"line":6,"column":53}},"4":{"start":{"line":8,"column":18},"end":{"line":8,"column":33}},"5":{"start":{"line":9,"column":26},"end":{"line":9,"column":49}},"6":{"start":{"line":12,"column":2},"end":{"line":12,"column":68}},"7":{"start":{"line":17,"column":2},"end":{"line":17,"column":52}},"8":{"start":{"line":22,"column":2},"end":{"line":24,"column":3}},"9":{"start":{"line":23,"column":4},"end":{"line":23,"column":47}},"10":{"start":{"line":26,"column":2},"end":{"line":30,"column":5}},"11":{"start":{"line":41,"column":2},"end":{"line":41,"column":54}},"12":{"start":{"line":52,"column":2},"end":{"line":54,"column":3}},"13":{"start":{"line":53,"column":4},"end":{"line":53,"column":47}},"14":{"start":{"line":56,"column":23},"end":{"line":56,"column":61}},"15":{"start":{"line":57,"column":18},"end":{"line":57,"column":54}},"16":{"start":{"line":60,"column":16},"end":{"line":60,"column":26}},"17":{"start":{"line":61,"column":2},"end":{"line":61,"column":29}},"18":{"start":{"line":62,"column":22},"end":{"line":62,"column":49}},"19":{"start":{"line":63,"column":2},"end":{"line":63,"column":35}},"20":{"start":{"line":65,"column":2},"end":{"line":70,"column":5}},"21":{"start":{"line":72,"column":2},"end":{"line":81,"column":3}},"22":{"start":{"line":74,"column":4},"end":{"line":74,"column":49}},"23":{"start":{"line":75,"column":4},"end":{"line":80,"column":6}},"24":{"start":{"line":84,"column":23},"end":{"line":87,"column":null}},"25":{"start":{"line":90,"column":2},"end":{"line":97,"column":3}},"26":{"start":{"line":92,"column":4},"end":{"line":96,"column":6}},"27":{"start":{"line":100,"column":2},"end":{"line":100,"column":65}},"28":{"start":{"line":101,"column":21},"end":{"line":108,"column":4}},"29":{"start":{"line":109,"column":2},"end":{"line":109,"column":81}},"30":{"start":{"line":111,"column":2},"end":{"line":111,"column":63}},"31":{"start":{"line":114,"column":30},"end":{"line":777,"column":1}},"32":{"start":{"line":115,"column":2},"end":{"line":776,"column":3}},"33":{"start":{"line":116,"column":33},"end":{"line":116,"column":41}},"34":{"start":{"line":118,"column":4},"end":{"line":120,"column":5}},"35":{"start":{"line":119,"column":6},"end":{"line":119,"column":68}},"36":{"start":{"line":122,"column":4},"end":{"line":122,"column":45}},"37":{"start":{"line":124,"column":22},"end":{"line":124,"column":39}},"38":{"start":{"line":125,"column":27},"end":{"line":125,"column":63}},"39":{"start":{"line":126,"column":25},"end":{"line":126,"column":46}},"40":{"start":{"line":127,"column":19},"end":{"line":127,"column":21}},"41":{"start":{"line":130,"column":4},"end":{"line":130,"column":63}},"42":{"start":{"line":133,"column":4},"end":{"line":173,"column":5}},"43":{"start":{"line":135,"column":20},"end":{"line":135,"column":57}},"44":{"start":{"line":137,"column":6},"end":{"line":172,"column":7}},"45":{"start":{"line":139,"column":8},"end":{"line":139,"column":54}},"46":{"start":{"line":140,"column":8},"end":{"line":140,"column":58}},"47":{"start":{"line":142,"column":8},"end":{"line":150,"column":21}},"48":{"start":{"line":152,"column":8},"end":{"line":156,"column":11}},"49":{"start":{"line":159,"column":8},"end":{"line":159,"column":51}},"50":{"start":{"line":161,"column":8},"end":{"line":165,"column":36}},"51":{"start":{"line":167,"column":8},"end":{"line":171,"column":11}},"52":{"start":{"line":176,"column":4},"end":{"line":209,"column":5}},"53":{"start":{"line":177,"column":20},"end":{"line":177,"column":57}},"54":{"start":{"line":179,"column":6},"end":{"line":208,"column":7}},"55":{"start":{"line":180,"column":8},"end":{"line":180,"column":54}},"56":{"start":{"line":181,"column":8},"end":{"line":181,"column":58}},"57":{"start":{"line":183,"column":8},"end":{"line":191,"column":21}},"58":{"start":{"line":193,"column":8},"end":{"line":197,"column":11}},"59":{"start":{"line":199,"column":8},"end":{"line":201,"column":60}},"60":{"start":{"line":203,"column":8},"end":{"line":207,"column":11}},"61":{"start":{"line":212,"column":4},"end":{"line":370,"column":5}},"62":{"start":{"line":213,"column":27},"end":{"line":213,"column":71}},"63":{"start":{"line":214,"column":22},"end":{"line":214,"column":70}},"64":{"start":{"line":216,"column":6},"end":{"line":369,"column":7}},"65":{"start":{"line":218,"column":8},"end":{"line":218,"column":59}},"66":{"start":{"line":220,"column":8},"end":{"line":340,"column":9}},"67":{"start":{"line":221,"column":10},"end":{"line":302,"column":11}},"68":{"start":{"line":222,"column":32},"end":{"line":222,"column":114}},"69":{"start":{"line":224,"column":12},"end":{"line":293,"column":13}},"70":{"start":{"line":225,"column":14},"end":{"line":240,"column":32}},"71":{"start":{"line":241,"column":19},"end":{"line":293,"column":13}},"72":{"start":{"line":242,"column":34},"end":{"line":242,"column":66}},"73":{"start":{"line":243,"column":14},"end":{"line":246,"column":17}},"74":{"start":{"line":248,"column":14},"end":{"line":262,"column":67}},"75":{"start":{"line":265,"column":14},"end":{"line":272,"column":17}},"76":{"start":{"line":274,"column":14},"end":{"line":284,"column":106}},"77":{"start":{"line":286,"column":14},"end":{"line":292,"column":17}},"78":{"start":{"line":295,"column":12},"end":{"line":295,"column":57}},"79":{"start":{"line":296,"column":12},"end":{"line":296,"column":96}},"80":{"start":{"line":297,"column":12},"end":{"line":301,"column":15}},"81":{"start":{"line":303,"column":15},"end":{"line":340,"column":9}},"82":{"start":{"line":305,"column":10},"end":{"line":339,"column":11}},"83":{"start":{"line":306,"column":30},"end":{"line":306,"column":86}},"84":{"start":{"line":307,"column":12},"end":{"line":312,"column":15}},"85":{"start":{"line":314,"column":12},"end":{"line":322,"column":48}},"86":{"start":{"line":324,"column":12},"end":{"line":330,"column":15}},"87":{"start":{"line":332,"column":12},"end":{"line":332,"column":55}},"88":{"start":{"line":333,"column":12},"end":{"line":333,"column":94}},"89":{"start":{"line":334,"column":12},"end":{"line":338,"column":15}},"90":{"start":{"line":341,"column":13},"end":{"line":369,"column":7}},"91":{"start":{"line":343,"column":8},"end":{"line":343,"column":59}},"92":{"start":{"line":344,"column":8},"end":{"line":349,"column":22}},"93":{"start":{"line":351,"column":8},"end":{"line":355,"column":11}},"94":{"start":{"line":358,"column":8},"end":{"line":362,"column":42}},"95":{"start":{"line":364,"column":8},"end":{"line":368,"column":11}},"96":{"start":{"line":373,"column":4},"end":{"line":465,"column":5}},"97":{"start":{"line":374,"column":22},"end":{"line":374,"column":63}},"98":{"start":{"line":376,"column":6},"end":{"line":438,"column":7}},"99":{"start":{"line":378,"column":27},"end":{"line":378,"column":55}},"100":{"start":{"line":380,"column":8},"end":{"line":407,"column":9}},"101":{"start":{"line":382,"column":8},"end":{"line":382,"column":51}},"102":{"start":{"line":383,"column":8},"end":{"line":383,"column":78}},"103":{"start":{"line":385,"column":8},"end":{"line":399,"column":47}},"104":{"start":{"line":401,"column":8},"end":{"line":405,"column":11}},"105":{"start":{"line":406,"column":8},"end":{"line":406,"column":15}},"106":{"start":{"line":408,"column":13},"end":{"line":438,"column":7}},"107":{"start":{"line":410,"column":27},"end":{"line":410,"column":69}},"108":{"start":{"line":412,"column":8},"end":{"line":437,"column":9}},"109":{"start":{"line":414,"column":10},"end":{"line":414,"column":53}},"110":{"start":{"line":415,"column":10},"end":{"line":415,"column":78}},"111":{"start":{"line":417,"column":8},"end":{"line":429,"column":47}},"112":{"start":{"line":431,"column":10},"end":{"line":435,"column":13}},"113":{"start":{"line":436,"column":10},"end":{"line":436,"column":17}},"114":{"start":{"line":441,"column":6},"end":{"line":457,"column":52}},"115":{"start":{"line":459,"column":6},"end":{"line":463,"column":9}},"116":{"start":{"line":464,"column":6},"end":{"line":464,"column":13}},"117":{"start":{"line":468,"column":33},"end":{"line":468,"column":82}},"118":{"start":{"line":469,"column":4},"end":{"line":546,"column":5}},"119":{"start":{"line":472,"column":6},"end":{"line":515,"column":7}},"120":{"start":{"line":476,"column":29},"end":{"line":476,"column":54}},"121":{"start":{"line":477,"column":28},"end":{"line":477,"column":52}},"122":{"start":{"line":478,"column":28},"end":{"line":478,"column":30}},"123":{"start":{"line":480,"column":8},"end":{"line":492,"column":9}},"124":{"start":{"line":481,"column":10},"end":{"line":481,"column":167}},"125":{"start":{"line":482,"column":15},"end":{"line":492,"column":9}},"126":{"start":{"line":483,"column":28},"end":{"line":483,"column":70}},"127":{"start":{"line":484,"column":27},"end":{"line":484,"column":78}},"128":{"start":{"line":485,"column":10},"end":{"line":485,"column":158}},"129":{"start":{"line":488,"column":29},"end":{"line":488,"column":178}},"130":{"start":{"line":489,"column":10},"end":{"line":491,"column":11}},"131":{"start":{"line":490,"column":12},"end":{"line":490,"column":98}},"132":{"start":{"line":495,"column":8},"end":{"line":501,"column":85}},"133":{"start":{"line":504,"column":8},"end":{"line":507,"column":11}},"134":{"start":{"line":509,"column":8},"end":{"line":513,"column":11}},"135":{"start":{"line":514,"column":8},"end":{"line":514,"column":15}},"136":{"start":{"line":518,"column":29},"end":{"line":518,"column":91}},"137":{"start":{"line":519,"column":6},"end":{"line":545,"column":7}},"138":{"start":{"line":521,"column":28},"end":{"line":521,"column":139}},"139":{"start":{"line":522,"column":29},"end":{"line":522,"column":61}},"140":{"start":{"line":524,"column":8},"end":{"line":544,"column":9}},"141":{"start":{"line":526,"column":10},"end":{"line":526,"column":62}},"142":{"start":{"line":529,"column":10},"end":{"line":529,"column":82}},"143":{"start":{"line":531,"column":10},"end":{"line":535,"column":52}},"144":{"start":{"line":537,"column":10},"end":{"line":542,"column":13}},"145":{"start":{"line":543,"column":10},"end":{"line":543,"column":17}},"146":{"start":{"line":549,"column":31},"end":{"line":553,"column":64}},"147":{"start":{"line":556,"column":19},"end":{"line":556,"column":50}},"148":{"start":{"line":559,"column":20},"end":{"line":559,"column":56}},"149":{"start":{"line":560,"column":4},"end":{"line":560,"column":60}},"150":{"start":{"line":562,"column":4},"end":{"line":763,"column":5}},"151":{"start":{"line":565,"column":8},"end":{"line":635,"column":9}},"152":{"start":{"line":567,"column":33},"end":{"line":567,"column":61}},"153":{"start":{"line":568,"column":10},"end":{"line":571,"column":13}},"154":{"start":{"line":573,"column":10},"end":{"line":582,"column":118}},"155":{"start":{"line":585,"column":31},"end":{"line":585,"column":59}},"156":{"start":{"line":587,"column":10},"end":{"line":634,"column":9}},"157":{"start":{"line":589,"column":12},"end":{"line":589,"column":84}},"158":{"start":{"line":591,"column":12},"end":{"line":595,"column":52}},"159":{"start":{"line":597,"column":12},"end":{"line":602,"column":15}},"160":{"start":{"line":603,"column":12},"end":{"line":603,"column":19}},"161":{"start":{"line":604,"column":17},"end":{"line":634,"column":9}},"162":{"start":{"line":606,"column":10},"end":{"line":606,"column":226}},"163":{"start":{"line":607,"column":15},"end":{"line":634,"column":9}},"164":{"start":{"line":609,"column":10},"end":{"line":613,"column":45}},"165":{"start":{"line":616,"column":30},"end":{"line":616,"column":68}},"166":{"start":{"line":617,"column":10},"end":{"line":633,"column":11}},"167":{"start":{"line":618,"column":12},"end":{"line":624,"column":64}},"168":{"start":{"line":626,"column":12},"end":{"line":632,"column":102}},"169":{"start":{"line":636,"column":8},"end":{"line":636,"column":14}},"170":{"start":{"line":640,"column":27},"end":{"line":640,"column":53}},"171":{"start":{"line":642,"column":8},"end":{"line":683,"column":9}},"172":{"start":{"line":644,"column":10},"end":{"line":668,"column":11}},"173":{"start":{"line":645,"column":30},"end":{"line":645,"column":65}},"174":{"start":{"line":648,"column":12},"end":{"line":653,"column":15}},"175":{"start":{"line":655,"column":12},"end":{"line":665,"column":82}},"176":{"start":{"line":667,"column":12},"end":{"line":667,"column":94}},"177":{"start":{"line":669,"column":15},"end":{"line":683,"column":9}},"178":{"start":{"line":671,"column":10},"end":{"line":671,"column":185}},"179":{"start":{"line":672,"column":15},"end":{"line":683,"column":9}},"180":{"start":{"line":674,"column":10},"end":{"line":674,"column":192}},"181":{"start":{"line":677,"column":10},"end":{"line":682,"column":99}},"182":{"start":{"line":684,"column":8},"end":{"line":684,"column":14}},"183":{"start":{"line":687,"column":8},"end":{"line":705,"column":76}},"184":{"start":{"line":706,"column":8},"end":{"line":706,"column":14}},"185":{"start":{"line":709,"column":8},"end":{"line":726,"column":46}},"186":{"start":{"line":727,"column":8},"end":{"line":727,"column":14}},"187":{"start":{"line":730,"column":8},"end":{"line":755,"column":45}},"188":{"start":{"line":756,"column":8},"end":{"line":756,"column":14}},"189":{"start":{"line":760,"column":36},"end":{"line":760,"column":75}},"190":{"start":{"line":761,"column":8},"end":{"line":761,"column":93}},"191":{"start":{"line":762,"column":8},"end":{"line":762,"column":14}},"192":{"start":{"line":765,"column":4},"end":{"line":769,"column":7}},"193":{"start":{"line":772,"column":4},"end":{"line":772,"column":51}},"194":{"start":{"line":773,"column":4},"end":{"line":775,"column":7}},"195":{"start":{"line":114,"column":13},"end":{"line":114,"column":30}},"196":{"start":{"line":779,"column":0},"end":{"line":779,"column":30}}},"fnMap":{"0":{"name":"getSessionId","decl":{"start":{"line":11,"column":9},"end":{"line":11,"column":21}},"loc":{"start":{"line":11,"column":34},"end":{"line":13,"column":1}}},"1":{"name":"extractWfhDetails","decl":{"start":{"line":16,"column":9},"end":{"line":16,"column":26}},"loc":{"start":{"line":16,"column":42},"end":{"line":18,"column":1}}},"2":{"name":"processWfhRequest","decl":{"start":{"line":21,"column":15},"end":{"line":21,"column":32}},"loc":{"start":{"line":21,"column":117},"end":{"line":31,"column":1}}},"3":{"name":"extractLeaveDetails","decl":{"start":{"line":34,"column":9},"end":{"line":34,"column":28}},"loc":{"start":{"line":34,"column":44},"end":{"line":42,"column":1}}},"4":{"name":"processLeaveRequest","decl":{"start":{"line":45,"column":15},"end":{"line":45,"column":34}},"loc":{"start":{"line":51,"column":21},"end":{"line":112,"column":1}}},"5":{"name":"(anonymous_6)","decl":{"start":{"line":114,"column":30},"end":{"line":114,"column":35}},"loc":{"start":{"line":114,"column":68},"end":{"line":777,"column":1}}}},"branchMap":{"0":{"loc":{"start":{"line":12,"column":9},"end":{"line":12,"column":67}},"type":"binary-expr","locations":[{"start":{"line":12,"column":9},"end":{"line":12,"column":46}},{"start":{"line":12,"column":50},"end":{"line":12,"column":67}}]},"1":{"loc":{"start":{"line":22,"column":2},"end":{"line":24,"column":3}},"type":"if","locations":[{"start":{"line":22,"column":2},"end":{"line":24,"column":3}}]},"2":{"loc":{"start":{"line":22,"column":6},"end":{"line":22,"column":38}},"type":"binary-expr","locations":[{"start":{"line":22,"column":6},"end":{"line":22,"column":19}},{"start":{"line":22,"column":23},"end":{"line":22,"column":38}}]},"3":{"loc":{"start":{"line":27,"column":18},"end":{"line":27,"column":56}},"type":"binary-expr","locations":[{"start":{"line":27,"column":18},"end":{"line":27,"column":38}},{"start":{"line":27,"column":42},"end":{"line":27,"column":56}}]},"4":{"loc":{"start":{"line":52,"column":2},"end":{"line":54,"column":3}},"type":"if","locations":[{"start":{"line":52,"column":2},"end":{"line":54,"column":3}}]},"5":{"loc":{"start":{"line":52,"column":6},"end":{"line":52,"column":46}},"type":"binary-expr","locations":[{"start":{"line":52,"column":6},"end":{"line":52,"column":24}},{"start":{"line":52,"column":28},"end":{"line":52,"column":46}}]},"6":{"loc":{"start":{"line":56,"column":23},"end":{"line":56,"column":61}},"type":"binary-expr","locations":[{"start":{"line":56,"column":23},"end":{"line":56,"column":43}},{"start":{"line":56,"column":47},"end":{"line":56,"column":61}}]},"7":{"loc":{"start":{"line":57,"column":18},"end":{"line":57,"column":54}},"type":"binary-expr","locations":[{"start":{"line":57,"column":18},"end":{"line":57,"column":33}},{"start":{"line":57,"column":37},"end":{"line":57,"column":54}}]},"8":{"loc":{"start":{"line":72,"column":2},"end":{"line":81,"column":3}},"type":"if","locations":[{"start":{"line":72,"column":2},"end":{"line":81,"column":3}}]},"9":{"loc":{"start":{"line":90,"column":2},"end":{"line":97,"column":3}},"type":"if","locations":[{"start":{"line":90,"column":2},"end":{"line":97,"column":3}}]},"10":{"loc":{"start":{"line":106,"column":12},"end":{"line":106,"column":40}},"type":"binary-expr","locations":[{"start":{"line":106,"column":12},"end":{"line":106,"column":26}},{"start":{"line":106,"column":30},"end":{"line":106,"column":40}}]},"11":{"loc":{"start":{"line":118,"column":4},"end":{"line":120,"column":5}},"type":"if","locations":[{"start":{"line":118,"column":4},"end":{"line":120,"column":5}}]},"12":{"loc":{"start":{"line":133,"column":4},"end":{"line":173,"column":5}},"type":"if","locations":[{"start":{"line":133,"column":4},"end":{"line":173,"column":5}}]},"13":{"loc":{"start":{"line":133,"column":8},"end":{"line":133,"column":93}},"type":"binary-expr","locations":[{"start":{"line":133,"column":8},"end":{"line":133,"column":47}},{"start":{"line":133,"column":51},"end":{"line":133,"column":93}}]},"14":{"loc":{"start":{"line":137,"column":6},"end":{"line":172,"column":7}},"type":"if","locations":[{"start":{"line":137,"column":6},"end":{"line":172,"column":7}},{"start":{"line":157,"column":13},"end":{"line":172,"column":7}}]},"15":{"loc":{"start":{"line":176,"column":4},"end":{"line":209,"column":5}},"type":"if","locations":[{"start":{"line":176,"column":4},"end":{"line":209,"column":5}}]},"16":{"loc":{"start":{"line":179,"column":6},"end":{"line":208,"column":7}},"type":"if","locations":[{"start":{"line":179,"column":6},"end":{"line":208,"column":7}},{"start":{"line":198,"column":13},"end":{"line":208,"column":7}}]},"17":{"loc":{"start":{"line":212,"column":4},"end":{"line":370,"column":5}},"type":"if","locations":[{"start":{"line":212,"column":4},"end":{"line":370,"column":5}}]},"18":{"loc":{"start":{"line":216,"column":6},"end":{"line":369,"column":7}},"type":"if","locations":[{"start":{"line":216,"column":6},"end":{"line":369,"column":7}},{"start":{"line":341,"column":13},"end":{"line":369,"column":7}}]},"19":{"loc":{"start":{"line":216,"column":10},"end":{"line":216,"column":43}},"type":"binary-expr","locations":[{"start":{"line":216,"column":10},"end":{"line":216,"column":32}},{"start":{"line":216,"column":36},"end":{"line":216,"column":43}}]},"20":{"loc":{"start":{"line":220,"column":8},"end":{"line":340,"column":9}},"type":"if","locations":[{"start":{"line":220,"column":8},"end":{"line":340,"column":9}},{"start":{"line":303,"column":15},"end":{"line":340,"column":9}}]},"21":{"loc":{"start":{"line":224,"column":12},"end":{"line":293,"column":13}},"type":"if","locations":[{"start":{"line":224,"column":12},"end":{"line":293,"column":13}},{"start":{"line":241,"column":19},"end":{"line":293,"column":13}}]},"22":{"loc":{"start":{"line":241,"column":19},"end":{"line":293,"column":13}},"type":"if","locations":[{"start":{"line":241,"column":19},"end":{"line":293,"column":13}},{"start":{"line":263,"column":19},"end":{"line":293,"column":13}}]},"23":{"loc":{"start":{"line":269,"column":25},"end":{"line":269,"column":61}},"type":"binary-expr","locations":[{"start":{"line":269,"column":25},"end":{"line":269,"column":48}},{"start":{"line":269,"column":52},"end":{"line":269,"column":61}}]},"24":{"loc":{"start":{"line":270,"column":24},"end":{"line":270,"column":59}},"type":"binary-expr","locations":[{"start":{"line":270,"column":24},"end":{"line":270,"column":46}},{"start":{"line":270,"column":50},"end":{"line":270,"column":59}}]},"25":{"loc":{"start":{"line":278,"column":14},"end":{"line":278,"column":51}},"type":"binary-expr","locations":[{"start":{"line":278,"column":14},"end":{"line":278,"column":42}},{"start":{"line":278,"column":46},"end":{"line":278,"column":51}}]},"26":{"loc":{"start":{"line":280,"column":38},"end":{"line":280,"column":158}},"type":"cond-expr","locations":[{"start":{"line":280,"column":121},"end":{"line":280,"column":153}},{"start":{"line":280,"column":156},"end":{"line":280,"column":158}}]},"27":{"loc":{"start":{"line":280,"column":38},"end":{"line":280,"column":118}},"type":"binary-expr","locations":[{"start":{"line":280,"column":38},"end":{"line":280,"column":61}},{"start":{"line":280,"column":65},"end":{"line":280,"column":118}}]},"28":{"loc":{"start":{"line":303,"column":15},"end":{"line":340,"column":9}},"type":"if","locations":[{"start":{"line":303,"column":15},"end":{"line":340,"column":9}}]},"29":{"loc":{"start":{"line":341,"column":13},"end":{"line":369,"column":7}},"type":"if","locations":[{"start":{"line":341,"column":13},"end":{"line":369,"column":7}},{"start":{"line":356,"column":13},"end":{"line":369,"column":7}}]},"30":{"loc":{"start":{"line":373,"column":4},"end":{"line":465,"column":5}},"type":"if","locations":[{"start":{"line":373,"column":4},"end":{"line":465,"column":5}}]},"31":{"loc":{"start":{"line":373,"column":8},"end":{"line":373,"column":90}},"type":"binary-expr","locations":[{"start":{"line":373,"column":8},"end":{"line":373,"column":46}},{"start":{"line":373,"column":50},"end":{"line":373,"column":90}}]},"32":{"loc":{"start":{"line":376,"column":6},"end":{"line":438,"column":7}},"type":"if","locations":[{"start":{"line":376,"column":6},"end":{"line":438,"column":7}},{"start":{"line":408,"column":13},"end":{"line":438,"column":7}}]},"33":{"loc":{"start":{"line":380,"column":8},"end":{"line":407,"column":9}},"type":"if","locations":[{"start":{"line":380,"column":8},"end":{"line":407,"column":9}}]},"34":{"loc":{"start":{"line":380,"column":12},"end":{"line":380,"column":56}},"type":"binary-expr","locations":[{"start":{"line":380,"column":12},"end":{"line":380,"column":32}},{"start":{"line":380,"column":36},"end":{"line":380,"column":56}}]},"35":{"loc":{"start":{"line":389,"column":30},"end":{"line":389,"column":118}},"type":"cond-expr","locations":[{"start":{"line":389,"column":89},"end":{"line":389,"column":113}},{"start":{"line":389,"column":116},"end":{"line":389,"column":118}}]},"36":{"loc":{"start":{"line":389,"column":30},"end":{"line":389,"column":86}},"type":"binary-expr","locations":[{"start":{"line":389,"column":30},"end":{"line":389,"column":45}},{"start":{"line":389,"column":49},"end":{"line":389,"column":86}}]},"37":{"loc":{"start":{"line":394,"column":33},"end":{"line":394,"column":133}},"type":"cond-expr","locations":[{"start":{"line":394,"column":101},"end":{"line":394,"column":128}},{"start":{"line":394,"column":131},"end":{"line":394,"column":133}}]},"38":{"loc":{"start":{"line":394,"column":33},"end":{"line":394,"column":98}},"type":"binary-expr","locations":[{"start":{"line":394,"column":33},"end":{"line":394,"column":51}},{"start":{"line":394,"column":55},"end":{"line":394,"column":98}}]},"39":{"loc":{"start":{"line":395,"column":12},"end":{"line":395,"column":43}},"type":"binary-expr","locations":[{"start":{"line":395,"column":12},"end":{"line":395,"column":29}},{"start":{"line":395,"column":33},"end":{"line":395,"column":43}}]},"40":{"loc":{"start":{"line":408,"column":13},"end":{"line":438,"column":7}},"type":"if","locations":[{"start":{"line":408,"column":13},"end":{"line":438,"column":7}}]},"41":{"loc":{"start":{"line":412,"column":8},"end":{"line":437,"column":9}},"type":"if","locations":[{"start":{"line":412,"column":8},"end":{"line":437,"column":9}}]},"42":{"loc":{"start":{"line":425,"column":12},"end":{"line":425,"column":43}},"type":"binary-expr","locations":[{"start":{"line":425,"column":12},"end":{"line":425,"column":29}},{"start":{"line":425,"column":33},"end":{"line":425,"column":43}}]},"43":{"loc":{"start":{"line":444,"column":2},"end":{"line":447,"column":28}},"type":"cond-expr","locations":[{"start":{"line":444,"column":27},"end":{"line":445,"column":28}},{"start":{"line":445,"column":31},"end":{"line":447,"column":28}}]},"44":{"loc":{"start":{"line":446,"column":30},"end":{"line":446,"column":118}},"type":"cond-expr","locations":[{"start":{"line":446,"column":89},"end":{"line":446,"column":113}},{"start":{"line":446,"column":116},"end":{"line":446,"column":118}}]},"45":{"loc":{"start":{"line":446,"column":30},"end":{"line":446,"column":86}},"type":"binary-expr","locations":[{"start":{"line":446,"column":30},"end":{"line":446,"column":45}},{"start":{"line":446,"column":49},"end":{"line":446,"column":86}}]},"46":{"loc":{"start":{"line":455,"column":2},"end":{"line":457,"column":49}},"type":"cond-expr","locations":[{"start":{"line":456,"column":2},"end":{"line":456,"column":48}},{"start":{"line":457,"column":2},"end":{"line":457,"column":49}}]},"47":{"loc":{"start":{"line":469,"column":4},"end":{"line":546,"column":5}},"type":"if","locations":[{"start":{"line":469,"column":4},"end":{"line":546,"column":5}}]},"48":{"loc":{"start":{"line":472,"column":6},"end":{"line":515,"column":7}},"type":"if","locations":[{"start":{"line":472,"column":6},"end":{"line":515,"column":7}}]},"49":{"loc":{"start":{"line":472,"column":10},"end":{"line":473,"column":80}},"type":"binary-expr","locations":[{"start":{"line":472,"column":10},"end":{"line":472,"column":45}},{"start":{"line":472,"column":49},"end":{"line":472,"column":84}},{"start":{"line":473,"column":10},"end":{"line":473,"column":80}}]},"50":{"loc":{"start":{"line":480,"column":8},"end":{"line":492,"column":9}},"type":"if","locations":[{"start":{"line":480,"column":8},"end":{"line":492,"column":9}},{"start":{"line":482,"column":15},"end":{"line":492,"column":9}}]},"51":{"loc":{"start":{"line":482,"column":15},"end":{"line":492,"column":9}},"type":"if","locations":[{"start":{"line":482,"column":15},"end":{"line":492,"column":9}},{"start":{"line":486,"column":15},"end":{"line":492,"column":9}}]},"52":{"loc":{"start":{"line":483,"column":28},"end":{"line":483,"column":70}},"type":"cond-expr","locations":[{"start":{"line":483,"column":50},"end":{"line":483,"column":51}},{"start":{"line":483,"column":54},"end":{"line":483,"column":70}}]},"53":{"loc":{"start":{"line":484,"column":27},"end":{"line":484,"column":78}},"type":"cond-expr","locations":[{"start":{"line":484,"column":49},"end":{"line":484,"column":64}},{"start":{"line":484,"column":67},"end":{"line":484,"column":78}}]},"54":{"loc":{"start":{"line":489,"column":10},"end":{"line":491,"column":11}},"type":"if","locations":[{"start":{"line":489,"column":10},"end":{"line":491,"column":11}}]},"55":{"loc":{"start":{"line":519,"column":6},"end":{"line":545,"column":7}},"type":"if","locations":[{"start":{"line":519,"column":6},"end":{"line":545,"column":7}}]},"56":{"loc":{"start":{"line":519,"column":10},"end":{"line":519,"column":62}},"type":"binary-expr","locations":[{"start":{"line":519,"column":10},"end":{"line":519,"column":24}},{"start":{"line":519,"column":28},"end":{"line":519,"column":62}}]},"57":{"loc":{"start":{"line":524,"column":8},"end":{"line":544,"column":9}},"type":"if","locations":[{"start":{"line":524,"column":8},"end":{"line":544,"column":9}}]},"58":{"loc":{"start":{"line":524,"column":12},"end":{"line":524,"column":60}},"type":"binary-expr","locations":[{"start":{"line":524,"column":12},"end":{"line":524,"column":34}},{"start":{"line":524,"column":38},"end":{"line":524,"column":60}}]},"59":{"loc":{"start":{"line":534,"column":39},"end":{"line":534,"column":147}},"type":"cond-expr","locations":[{"start":{"line":534,"column":113},"end":{"line":534,"column":142}},{"start":{"line":534,"column":145},"end":{"line":534,"column":147}}]},"60":{"loc":{"start":{"line":534,"column":39},"end":{"line":534,"column":110}},"type":"binary-expr","locations":[{"start":{"line":534,"column":39},"end":{"line":534,"column":59}},{"start":{"line":534,"column":63},"end":{"line":534,"column":110}}]},"61":{"loc":{"start":{"line":535,"column":16},"end":{"line":535,"column":49}},"type":"binary-expr","locations":[{"start":{"line":535,"column":16},"end":{"line":535,"column":35}},{"start":{"line":535,"column":39},"end":{"line":535,"column":49}}]},"62":{"loc":{"start":{"line":549,"column":31},"end":{"line":553,"column":64}},"type":"binary-expr","locations":[{"start":{"line":549,"column":31},"end":{"line":549,"column":68}},{"start":{"line":550,"column":30},"end":{"line":550,"column":65}},{"start":{"line":551,"column":30},"end":{"line":551,"column":69}},{"start":{"line":552,"column":30},"end":{"line":552,"column":64}},{"start":{"line":553,"column":30},"end":{"line":553,"column":64}}]},"63":{"loc":{"start":{"line":562,"column":4},"end":{"line":763,"column":5}},"type":"switch","locations":[{"start":{"line":563,"column":6},"end":{"line":636,"column":14}},{"start":{"line":638,"column":6},"end":{"line":684,"column":14}},{"start":{"line":686,"column":6},"end":{"line":706,"column":14}},{"start":{"line":708,"column":6},"end":{"line":727,"column":14}},{"start":{"line":729,"column":6},"end":{"line":756,"column":14}},{"start":{"line":758,"column":6},"end":{"line":762,"column":14}}]},"64":{"loc":{"start":{"line":565,"column":8},"end":{"line":635,"column":9}},"type":"if","locations":[{"start":{"line":565,"column":8},"end":{"line":635,"column":9}},{"start":{"line":583,"column":15},"end":{"line":635,"column":9}}]},"65":{"loc":{"start":{"line":569,"column":25},"end":{"line":569,"column":76}},"type":"binary-expr","locations":[{"start":{"line":569,"column":25},"end":{"line":569,"column":68}},{"start":{"line":569,"column":72},"end":{"line":569,"column":76}}]},"66":{"loc":{"start":{"line":587,"column":10},"end":{"line":634,"column":9}},"type":"if","locations":[{"start":{"line":587,"column":10},"end":{"line":634,"column":9}},{"start":{"line":604,"column":17},"end":{"line":634,"column":9}}]},"67":{"loc":{"start":{"line":587,"column":14},"end":{"line":587,"column":85}},"type":"binary-expr","locations":[{"start":{"line":587,"column":14},"end":{"line":587,"column":36}},{"start":{"line":587,"column":40},"end":{"line":587,"column":62}},{"start":{"line":587,"column":66},"end":{"line":587,"column":85}}]},"68":{"loc":{"start":{"line":594,"column":39},"end":{"line":594,"column":147}},"type":"cond-expr","locations":[{"start":{"line":594,"column":113},"end":{"line":594,"column":142}},{"start":{"line":594,"column":145},"end":{"line":594,"column":147}}]},"69":{"loc":{"start":{"line":594,"column":39},"end":{"line":594,"column":110}},"type":"binary-expr","locations":[{"start":{"line":594,"column":39},"end":{"line":594,"column":59}},{"start":{"line":594,"column":63},"end":{"line":594,"column":110}}]},"70":{"loc":{"start":{"line":595,"column":16},"end":{"line":595,"column":49}},"type":"binary-expr","locations":[{"start":{"line":595,"column":16},"end":{"line":595,"column":35}},{"start":{"line":595,"column":39},"end":{"line":595,"column":49}}]},"71":{"loc":{"start":{"line":604,"column":17},"end":{"line":634,"column":9}},"type":"if","locations":[{"start":{"line":604,"column":17},"end":{"line":634,"column":9}},{"start":{"line":607,"column":15},"end":{"line":634,"column":9}}]},"72":{"loc":{"start":{"line":604,"column":21},"end":{"line":604,"column":69}},"type":"binary-expr","locations":[{"start":{"line":604,"column":21},"end":{"line":604,"column":43}},{"start":{"line":604,"column":47},"end":{"line":604,"column":69}}]},"73":{"loc":{"start":{"line":607,"column":15},"end":{"line":634,"column":9}},"type":"if","locations":[{"start":{"line":607,"column":15},"end":{"line":634,"column":9}},{"start":{"line":614,"column":15},"end":{"line":634,"column":9}}]},"74":{"loc":{"start":{"line":607,"column":19},"end":{"line":607,"column":96}},"type":"binary-expr","locations":[{"start":{"line":607,"column":19},"end":{"line":607,"column":41}},{"start":{"line":607,"column":45},"end":{"line":607,"column":96}}]},"75":{"loc":{"start":{"line":617,"column":10},"end":{"line":633,"column":11}},"type":"if","locations":[{"start":{"line":617,"column":10},"end":{"line":633,"column":11}},{"start":{"line":625,"column":17},"end":{"line":633,"column":11}}]},"76":{"loc":{"start":{"line":642,"column":8},"end":{"line":683,"column":9}},"type":"if","locations":[{"start":{"line":642,"column":8},"end":{"line":683,"column":9}},{"start":{"line":669,"column":15},"end":{"line":683,"column":9}}]},"77":{"loc":{"start":{"line":642,"column":12},"end":{"line":642,"column":48}},"type":"binary-expr","locations":[{"start":{"line":642,"column":12},"end":{"line":642,"column":27}},{"start":{"line":642,"column":31},"end":{"line":642,"column":48}}]},"78":{"loc":{"start":{"line":660,"column":14},"end":{"line":660,"column":46}},"type":"binary-expr","locations":[{"start":{"line":660,"column":14},"end":{"line":660,"column":37}},{"start":{"line":660,"column":41},"end":{"line":660,"column":46}}]},"79":{"loc":{"start":{"line":669,"column":15},"end":{"line":683,"column":9}},"type":"if","locations":[{"start":{"line":669,"column":15},"end":{"line":683,"column":9}},{"start":{"line":672,"column":15},"end":{"line":683,"column":9}}]},"80":{"loc":{"start":{"line":672,"column":15},"end":{"line":683,"column":9}},"type":"if","locations":[{"start":{"line":672,"column":15},"end":{"line":683,"column":9}},{"start":{"line":675,"column":15},"end":{"line":683,"column":9}}]}},"s":{"0":1,"1":1,"2":1,"3":1,"4":1,"5":1,"6":3,"7":0,"8":0,"9":0,"10":0,"11":0,"12":0,"13":0,"14":0,"15":0,"16":0,"17":0,"18":0,"19":0,"20":0,"21":0,"22":0,"23":0,"24":0,"25":0,"26":0,"27":0,"28":0,"29":0,"30":0,"31":1,"32":4,"33":4,"34":4,"35":1,"36":3,"37":3,"38":3,"39":3,"40":3,"41":3,"42":3,"43":1,"44":1,"45":0,"46":0,"47":0,"48":0,"49":1,"50":1,"51":1,"52":2,"53":0,"54":0,"55":0,"56":0,"57":0,"58":0,"59":0,"60":0,"61":2,"62":0,"63":0,"64":0,"65":0,"66":0,"67":0,"68":0,"69":0,"70":0,"71":0,"72":0,"73":0,"74":0,"75":0,"76":0,"77":0,"78":0,"79":0,"80":0,"81":0,"82":0,"83":0,"84":0,"85":0,"86":0,"87":0,"88":0,"89":0,"90":0,"91":0,"92":0,"93":0,"94":0,"95":0,"96":2,"97":0,"98":0,"99":0,"100":0,"101":0,"102":0,"103":0,"104":0,"105":0,"106":0,"107":0,"108":0,"109":0,"110":0,"111":0,"112":0,"113":0,"114":0,"115":0,"116":0,"117":2,"118":2,"119":0,"120":0,"121":0,"122":0,"123":0,"124":0,"125":0,"126":0,"127":0,"128":0,"129":0,"130":0,"131":0,"132":0,"133":0,"134":0,"135":0,"136":0,"137":0,"138":0,"139":0,"140":0,"141":0,"142":0,"143":0,"144":0,"145":0,"146":2,"147":2,"148":2,"149":2,"150":2,"151":0,"152":0,"153":0,"154":0,"155":0,"156":0,"157":0,"158":0,"159":0,"160":0,"161":0,"162":0,"163":0,"164":0,"165":0,"166":0,"167":0,"168":0,"169":0,"170":0,"171":0,"172":0,"173":0,"174":0,"175":0,"176":0,"177":0,"178":0,"179":0,"180":0,"181":0,"182":0,"183":1,"184":1,"185":1,"186":1,"187":0,"188":0,"189":0,"190":0,"191":0,"192":2,"193":0,"194":0,"195":1,"196":1},"f":{"0":3,"1":0,"2":0,"3":0,"4":0,"5":4},"b":{"0":[3,0],"1":[0],"2":[0,0],"3":[0,0],"4":[0],"5":[0,0],"6":[0,0],"7":[0,0],"8":[0],"9":[0],"10":[0,0],"11":[1],"12":[1],"13":[3,1],"14":[0,1],"15":[0],"16":[0,0],"17":[0],"18":[0,0],"19":[0,0],"20":[0,0],"21":[0,0],"22":[0,0],"23":[0,0],"24":[0,0],"25":[0,0],"26":[0,0],"27":[0,0],"28":[0],"29":[0,0],"30":[0],"31":[2,0],"32":[0,0],"33":[0],"34":[0,0],"35":[0,0],"36":[0,0],"37":[0,0],"38":[0,0],"39":[0,0],"40":[0],"41":[0],"42":[0,0],"43":[0,0],"44":[0,0],"45":[0,0],"46":[0,0],"47":[0],"48":[0],"49":[0,0,0],"50":[0,0],"51":[0,0],"52":[0,0],"53":[0,0],"54":[0],"55":[0],"56":[0,0],"57":[0],"58":[0,0],"59":[0,0],"60":[0,0],"61":[0,0],"62":[2,2,2,2,2],"63":[0,0,1,1,0,0],"64":[0,0],"65":[0,0],"66":[0,0],"67":[0,0,0],"68":[0,0],"69":[0,0],"70":[0,0],"71":[0,0],"72":[0,0],"73":[0,0],"74":[0,0],"75":[0,0],"76":[0,0],"77":[0,0],"78":[0,0],"79":[0,0],"80":[0,0]}}
,"C:\\Users\\karis\\hr-agent-bot\\src\\controllers\\leaveController.ts": {"path":"C:\\Users\\karis\\hr-agent-bot\\src\\controllers\\leaveController.ts","statementMap":{"0":{"start":{"line":2,"column":0},"end":{"line":2,"column":66}},"1":{"start":{"line":4,"column":26},"end":{"line":4,"column":49}},"2":{"start":{"line":6,"column":13},"end":{"line":82,"column":2}},"3":{"start":{"line":8,"column":4},"end":{"line":56,"column":5}},"4":{"start":{"line":9,"column":70},"end":{"line":9,"column":78}},"5":{"start":{"line":12,"column":6},"end":{"line":16,"column":7}},"6":{"start":{"line":13,"column":8},"end":{"line":15,"column":11}},"7":{"start":{"line":18,"column":6},"end":{"line":18,"column":101}},"8":{"start":{"line":21,"column":21},"end":{"line":27,"column":8}},"9":{"start":{"line":29,"column":6},"end":{"line":49,"column":7}},"10":{"start":{"line":30,"column":8},"end":{"line":43,"column":11}},"11":{"start":{"line":45,"column":8},"end":{"line":48,"column":11}},"12":{"start":{"line":52,"column":6},"end":{"line":52,"column":54}},"13":{"start":{"line":53,"column":6},"end":{"line":55,"column":9}},"14":{"start":{"line":60,"column":4},"end":{"line":80,"column":5}},"15":{"start":{"line":61,"column":21},"end":{"line":61,"column":31}},"16":{"start":{"line":63,"column":21},"end":{"line":63,"column":58}},"17":{"start":{"line":65,"column":6},"end":{"line":74,"column":7}},"18":{"start":{"line":66,"column":8},"end":{"line":69,"column":11}},"19":{"start":{"line":71,"column":8},"end":{"line":73,"column":11}},"20":{"start":{"line":76,"column":6},"end":{"line":76,"column":54}},"21":{"start":{"line":77,"column":6},"end":{"line":79,"column":9}}},"fnMap":{"0":{"name":"(anonymous_0)","decl":{"start":{"line":7,"column":2},"end":{"line":7,"column":7}},"loc":{"start":{"line":7,"column":46},"end":{"line":57,"column":3}}},"1":{"name":"(anonymous_1)","decl":{"start":{"line":59,"column":2},"end":{"line":59,"column":7}},"loc":{"start":{"line":59,"column":50},"end":{"line":81,"column":3}}}},"branchMap":{"0":{"loc":{"start":{"line":12,"column":6},"end":{"line":16,"column":7}},"type":"if","locations":[{"start":{"line":12,"column":6},"end":{"line":16,"column":7}}]},"1":{"loc":{"start":{"line":12,"column":10},"end":{"line":12,"column":63}},"type":"binary-expr","locations":[{"start":{"line":12,"column":10},"end":{"line":12,"column":23}},{"start":{"line":12,"column":27},"end":{"line":12,"column":37}},{"start":{"line":12,"column":41},"end":{"line":12,"column":51}},{"start":{"line":12,"column":55},"end":{"line":12,"column":63}}]},"2":{"loc":{"start":{"line":26,"column":16},"end":{"line":26,"column":46}},"type":"binary-expr","locations":[{"start":{"line":26,"column":16},"end":{"line":26,"column":22}},{"start":{"line":26,"column":26},"end":{"line":26,"column":46}}]},"3":{"loc":{"start":{"line":29,"column":6},"end":{"line":49,"column":7}},"type":"if","locations":[{"start":{"line":29,"column":6},"end":{"line":49,"column":7}},{"start":{"line":44,"column":13},"end":{"line":49,"column":7}}]},"4":{"loc":{"start":{"line":65,"column":6},"end":{"line":74,"column":7}},"type":"if","locations":[{"start":{"line":65,"column":6},"end":{"line":74,"column":7}},{"start":{"line":70,"column":13},"end":{"line":74,"column":7}}]}},"s":{"0":0,"1":0,"2":0,"3":0,"4":0,"5":0,"6":0,"7":0,"8":0,"9":0,"10":0,"11":0,"12":0,"13":0,"14":0,"15":0,"16":0,"17":0,"18":0,"19":0,"20":0,"21":0},"f":{"0":0,"1":0},"b":{"0":[0],"1":[0,0,0,0],"2":[0,0],"3":[0,0],"4":[0,0]}}
,"C:\\Users\\karis\\hr-agent-bot\\src\\controllers\\wfhController.ts": {"path":"C:\\Users\\karis\\hr-agent-bot\\src\\controllers\\wfhController.ts","statementMap":{"0":{"start":{"line":2,"column":0},"end":{"line":2,"column":66}},"1":{"start":{"line":4,"column":26},"end":{"line":4,"column":49}},"2":{"start":{"line":6,"column":13},"end":{"line":79,"column":2}},"3":{"start":{"line":8,"column":4},"end":{"line":53,"column":5}},"4":{"start":{"line":9,"column":45},"end":{"line":9,"column":53}},"5":{"start":{"line":12,"column":6},"end":{"line":16,"column":7}},"6":{"start":{"line":13,"column":8},"end":{"line":15,"column":11}},"7":{"start":{"line":18,"column":6},"end":{"line":18,"column":82}},"8":{"start":{"line":21,"column":21},"end":{"line":25,"column":8}},"9":{"start":{"line":27,"column":6},"end":{"line":46,"column":7}},"10":{"start":{"line":28,"column":8},"end":{"line":40,"column":11}},"11":{"start":{"line":42,"column":8},"end":{"line":45,"column":11}},"12":{"start":{"line":49,"column":6},"end":{"line":49,"column":52}},"13":{"start":{"line":50,"column":6},"end":{"line":52,"column":9}},"14":{"start":{"line":57,"column":4},"end":{"line":77,"column":5}},"15":{"start":{"line":58,"column":21},"end":{"line":58,"column":31}},"16":{"start":{"line":60,"column":21},"end":{"line":60,"column":58}},"17":{"start":{"line":62,"column":6},"end":{"line":71,"column":7}},"18":{"start":{"line":63,"column":8},"end":{"line":66,"column":11}},"19":{"start":{"line":68,"column":8},"end":{"line":70,"column":11}},"20":{"start":{"line":73,"column":6},"end":{"line":73,"column":52}},"21":{"start":{"line":74,"column":6},"end":{"line":76,"column":9}}},"fnMap":{"0":{"name":"(anonymous_0)","decl":{"start":{"line":7,"column":2},"end":{"line":7,"column":7}},"loc":{"start":{"line":7,"column":44},"end":{"line":54,"column":3}}},"1":{"name":"(anonymous_1)","decl":{"start":{"line":56,"column":2},"end":{"line":56,"column":7}},"loc":{"start":{"line":56,"column":48},"end":{"line":78,"column":3}}}},"branchMap":{"0":{"loc":{"start":{"line":12,"column":6},"end":{"line":16,"column":7}},"type":"if","locations":[{"start":{"line":12,"column":6},"end":{"line":16,"column":7}}]},"1":{"loc":{"start":{"line":12,"column":10},"end":{"line":12,"column":32}},"type":"binary-expr","locations":[{"start":{"line":12,"column":10},"end":{"line":12,"column":23}},{"start":{"line":12,"column":27},"end":{"line":12,"column":32}}]},"2":{"loc":{"start":{"line":24,"column":16},"end":{"line":24,"column":46}},"type":"binary-expr","locations":[{"start":{"line":24,"column":16},"end":{"line":24,"column":22}},{"start":{"line":24,"column":26},"end":{"line":24,"column":46}}]},"3":{"loc":{"start":{"line":27,"column":6},"end":{"line":46,"column":7}},"type":"if","locations":[{"start":{"line":27,"column":6},"end":{"line":46,"column":7}},{"start":{"line":41,"column":13},"end":{"line":46,"column":7}}]},"4":{"loc":{"start":{"line":35,"column":20},"end":{"line":35,"column":50}},"type":"binary-expr","locations":[{"start":{"line":35,"column":20},"end":{"line":35,"column":26}},{"start":{"line":35,"column":30},"end":{"line":35,"column":50}}]},"5":{"loc":{"start":{"line":62,"column":6},"end":{"line":71,"column":7}},"type":"if","locations":[{"start":{"line":62,"column":6},"end":{"line":71,"column":7}},{"start":{"line":67,"column":13},"end":{"line":71,"column":7}}]}},"s":{"0":0,"1":0,"2":0,"3":0,"4":0,"5":0,"6":0,"7":0,"8":0,"9":0,"10":0,"11":0,"12":0,"13":0,"14":0,"15":0,"16":0,"17":0,"18":0,"19":0,"20":0,"21":0},"f":{"0":0,"1":0},"b":{"0":[0],"1":[0,0],"2":[0,0],"3":[0,0],"4":[0,0],"5":[0,0]}}
,"C:\\Users\\karis\\hr-agent-bot\\src\\middleware\\auth.ts": {"path":"C:\\Users\\karis\\hr-agent-bot\\src\\middleware\\auth.ts","statementMap":{"0":{"start":{"line":3,"column":30},"end":{"line":22,"column":1}},"1":{"start":{"line":4,"column":18},"end":{"line":4,"column":46}},"2":{"start":{"line":6,"column":4},"end":{"line":8,"column":5}},"3":{"start":{"line":7,"column":8},"end":{"line":7,"column":72}},"4":{"start":{"line":21,"column":4},"end":{"line":21,"column":11}},"5":{"start":{"line":3,"column":13},"end":{"line":3,"column":30}}},"fnMap":{"0":{"name":"(anonymous_0)","decl":{"start":{"line":3,"column":30},"end":{"line":3,"column":31}},"loc":{"start":{"line":3,"column":82},"end":{"line":22,"column":1}}}},"branchMap":{"0":{"loc":{"start":{"line":6,"column":4},"end":{"line":8,"column":5}},"type":"if","locations":[{"start":{"line":6,"column":4},"end":{"line":8,"column":5}}]}},"s":{"0":0,"1":0,"2":0,"3":0,"4":0,"5":0},"f":{"0":0},"b":{"0":[0]}}
,"C:\\Users\\karis\\hr-agent-bot\\src\\middleware\\validation.ts": {"path":"C:\\Users\\karis\\hr-agent-bot\\src\\middleware\\validation.ts","statementMap":{"0":{"start":{"line":3,"column":36},"end":{"line":11,"column":1}},"1":{"start":{"line":4,"column":66},"end":{"line":4,"column":74}},"2":{"start":{"line":6,"column":4},"end":{"line":8,"column":5}},"3":{"start":{"line":7,"column":8},"end":{"line":7,"column":95}},"4":{"start":{"line":10,"column":4},"end":{"line":10,"column":11}},"5":{"start":{"line":3,"column":13},"end":{"line":3,"column":36}},"6":{"start":{"line":13,"column":34},"end":{"line":21,"column":1}},"7":{"start":{"line":14,"column":55},"end":{"line":14,"column":63}},"8":{"start":{"line":16,"column":4},"end":{"line":18,"column":5}},"9":{"start":{"line":17,"column":8},"end":{"line":17,"column":104}},"10":{"start":{"line":20,"column":4},"end":{"line":20,"column":11}},"11":{"start":{"line":13,"column":13},"end":{"line":13,"column":34}},"12":{"start":{"line":23,"column":29},"end":{"line":31,"column":1}},"13":{"start":{"line":24,"column":22},"end":{"line":24,"column":30}},"14":{"start":{"line":26,"column":4},"end":{"line":28,"column":5}},"15":{"start":{"line":27,"column":8},"end":{"line":27,"column":71}},"16":{"start":{"line":30,"column":4},"end":{"line":30,"column":11}},"17":{"start":{"line":23,"column":13},"end":{"line":23,"column":29}}},"fnMap":{"0":{"name":"(anonymous_0)","decl":{"start":{"line":3,"column":36},"end":{"line":3,"column":37}},"loc":{"start":{"line":3,"column":88},"end":{"line":11,"column":1}}},"1":{"name":"(anonymous_1)","decl":{"start":{"line":13,"column":34},"end":{"line":13,"column":35}},"loc":{"start":{"line":13,"column":86},"end":{"line":21,"column":1}}},"2":{"name":"(anonymous_2)","decl":{"start":{"line":23,"column":29},"end":{"line":23,"column":30}},"loc":{"start":{"line":23,"column":81},"end":{"line":31,"column":1}}}},"branchMap":{"0":{"loc":{"start":{"line":6,"column":4},"end":{"line":8,"column":5}},"type":"if","locations":[{"start":{"line":6,"column":4},"end":{"line":8,"column":5}}]},"1":{"loc":{"start":{"line":6,"column":8},"end":{"line":6,"column":70}},"type":"binary-expr","locations":[{"start":{"line":6,"column":8},"end":{"line":6,"column":19}},{"start":{"line":6,"column":23},"end":{"line":6,"column":33}},{"start":{"line":6,"column":37},"end":{"line":6,"column":47}},{"start":{"line":6,"column":51},"end":{"line":6,"column":59}},{"start":{"line":6,"column":63},"end":{"line":6,"column":70}}]},"2":{"loc":{"start":{"line":16,"column":4},"end":{"line":18,"column":5}},"type":"if","locations":[{"start":{"line":16,"column":4},"end":{"line":18,"column":5}}]},"3":{"loc":{"start":{"line":16,"column":8},"end":{"line":16,"column":56}},"type":"binary-expr","locations":[{"start":{"line":16,"column":8},"end":{"line":16,"column":19}},{"start":{"line":16,"column":23},"end":{"line":16,"column":33}},{"start":{"line":16,"column":37},"end":{"line":16,"column":45}},{"start":{"line":16,"column":49},"end":{"line":16,"column":56}}]},"4":{"loc":{"start":{"line":26,"column":4},"end":{"line":28,"column":5}},"type":"if","locations":[{"start":{"line":26,"column":4},"end":{"line":28,"column":5}}]}},"s":{"0":0,"1":0,"2":0,"3":0,"4":0,"5":0,"6":0,"7":0,"8":0,"9":0,"10":0,"11":0,"12":0,"13":0,"14":0,"15":0,"16":0,"17":0},"f":{"0":0,"1":0,"2":0},"b":{"0":[0],"1":[0,0,0,0,0],"2":[0],"3":[0,0,0,0],"4":[0]}}
,"C:\\Users\\karis\\hr-agent-bot\\src\\models\\Employee.ts": {"path":"C:\\Users\\karis\\hr-agent-bot\\src\\models\\Employee.ts","statementMap":{"0":{"start":{"line":7,"column":8},"end":{"line":7,"column":21}},"1":{"start":{"line":8,"column":8},"end":{"line":8,"column":25}},"2":{"start":{"line":9,"column":8},"end":{"line":9,"column":27}},"3":{"start":{"line":1,"column":0},"end":{"line":1,"column":13}}},"fnMap":{"0":{"name":"(anonymous_0)","decl":{"start":{"line":6,"column":4},"end":{"line":6,"column":16}},"loc":{"start":{"line":6,"column":55},"end":{"line":10,"column":5}}}},"branchMap":{},"s":{"0":0,"1":0,"2":0,"3":0},"f":{"0":0},"b":{}}
,"C:\\Users\\karis\\hr-agent-bot\\src\\models\\LeaveRequest.ts": {"path":"C:\\Users\\karis\\hr-agent-bot\\src\\models\\LeaveRequest.ts","statementMap":{"0":{"start":{"line":10,"column":8},"end":{"line":10,"column":21}},"1":{"start":{"line":11,"column":8},"end":{"line":11,"column":37}},"2":{"start":{"line":12,"column":8},"end":{"line":12,"column":35}},"3":{"start":{"line":13,"column":8},"end":{"line":13,"column":35}},"4":{"start":{"line":14,"column":8},"end":{"line":14,"column":31}},"5":{"start":{"line":15,"column":8},"end":{"line":15,"column":29}},"6":{"start":{"line":1,"column":0},"end":{"line":1,"column":13}}},"fnMap":{"0":{"name":"(anonymous_0)","decl":{"start":{"line":9,"column":4},"end":{"line":9,"column":16}},"loc":{"start":{"line":9,"column":113},"end":{"line":16,"column":5}}}},"branchMap":{},"s":{"0":0,"1":0,"2":0,"3":0,"4":0,"5":0,"6":0},"f":{"0":0},"b":{}}
,"C:\\Users\\karis\\hr-agent-bot\\src\\models\\WfhRequest.ts": {"path":"C:\\Users\\karis\\hr-agent-bot\\src\\models\\WfhRequest.ts","statementMap":{"0":{"start":{"line":9,"column":8},"end":{"line":9,"column":21}},"1":{"start":{"line":10,"column":8},"end":{"line":10,"column":37}},"2":{"start":{"line":11,"column":8},"end":{"line":11,"column":35}},"3":{"start":{"line":12,"column":8},"end":{"line":12,"column":31}},"4":{"start":{"line":13,"column":8},"end":{"line":13,"column":29}},"5":{"start":{"line":1,"column":0},"end":{"line":1,"column":13}}},"fnMap":{"0":{"name":"(anonymous_0)","decl":{"start":{"line":8,"column":4},"end":{"line":8,"column":16}},"loc":{"start":{"line":8,"column":94},"end":{"line":14,"column":5}}}},"branchMap":{},"s":{"0":0,"1":0,"2":0,"3":0,"4":0,"5":0},"f":{"0":0},"b":{}}
,"C:\\Users\\karis\\hr-agent-bot\\src\\routes\\chat.ts": {"path":"C:\\Users\\karis\\hr-agent-bot\\src\\routes\\chat.ts","statementMap":{"0":{"start":{"line":6,"column":0},"end":{"line":6,"column":16}},"1":{"start":{"line":1,"column":0},"end":{"line":1,"column":46}},"2":{"start":{"line":2,"column":0},"end":{"line":2,"column":63}},"3":{"start":{"line":4,"column":15},"end":{"line":4,"column":23}},"4":{"start":{"line":7,"column":4},"end":{"line":7,"column":42}}},"fnMap":{"0":{"name":"setChatRoutes","decl":{"start":{"line":6,"column":16},"end":{"line":6,"column":29}},"loc":{"start":{"line":6,"column":46},"end":{"line":8,"column":1}}}},"branchMap":{},"s":{"0":0,"1":0,"2":0,"3":0,"4":0},"f":{"0":0},"b":{}}
,"C:\\Users\\karis\\hr-agent-bot\\src\\routes\\leave.ts": {"path":"C:\\Users\\karis\\hr-agent-bot\\src\\routes\\leave.ts","statementMap":{"0":{"start":{"line":6,"column":0},"end":{"line":6,"column":16}},"1":{"start":{"line":1,"column":0},"end":{"line":1,"column":46}},"2":{"start":{"line":2,"column":0},"end":{"line":2,"column":65}},"3":{"start":{"line":4,"column":15},"end":{"line":4,"column":23}},"4":{"start":{"line":7,"column":4},"end":{"line":7,"column":61}}},"fnMap":{"0":{"name":"setLeaveRoutes","decl":{"start":{"line":6,"column":16},"end":{"line":6,"column":30}},"loc":{"start":{"line":6,"column":47},"end":{"line":8,"column":1}}}},"branchMap":{},"s":{"0":0,"1":0,"2":0,"3":0,"4":0},"f":{"0":0},"b":{}}
,"C:\\Users\\karis\\hr-agent-bot\\src\\routes\\wfh.ts": {"path":"C:\\Users\\karis\\hr-agent-bot\\src\\routes\\wfh.ts","statementMap":{"0":{"start":{"line":6,"column":0},"end":{"line":6,"column":16}},"1":{"start":{"line":1,"column":0},"end":{"line":1,"column":46}},"2":{"start":{"line":2,"column":0},"end":{"line":2,"column":61}},"3":{"start":{"line":4,"column":15},"end":{"line":4,"column":23}},"4":{"start":{"line":7,"column":4},"end":{"line":7,"column":55}}},"fnMap":{"0":{"name":"setWfhRoutes","decl":{"start":{"line":6,"column":16},"end":{"line":6,"column":28}},"loc":{"start":{"line":6,"column":45},"end":{"line":8,"column":1}}}},"branchMap":{},"s":{"0":0,"1":0,"2":0,"3":0,"4":0},"f":{"0":0},"b":{}}
,"C:\\Users\\karis\\hr-agent-bot\\src\\services\\aiService.ts": {"path":"C:\\Users\\karis\\hr-agent-bot\\src\\services\\aiService.ts","statementMap":{"0":{"start":{"line":1,"column":0},"end":{"line":1,"column":28}},"1":{"start":{"line":2,"column":0},"end":{"line":2,"column":25}},"2":{"start":{"line":3,"column":0},"end":{"line":3,"column":29}},"3":{"start":{"line":5,"column":13},"end":{"line":7,"column":2}},"4":{"start":{"line":10,"column":20},"end":{"line":10,"column":105}},"5":{"start":{"line":11,"column":17},"end":{"line":11,"column":99}},"6":{"start":{"line":12,"column":18},"end":{"line":12,"column":101}},"7":{"start":{"line":16,"column":28},"end":{"line":16,"column":106}},"8":{"start":{"line":18,"column":8},"end":{"line":48,"column":61}},"9":{"start":{"line":52,"column":8},"end":{"line":89,"column":9}},"10":{"start":{"line":54,"column":38},"end":{"line":54,"column":40}},"11":{"start":{"line":55,"column":12},"end":{"line":60,"column":13}},"12":{"start":{"line":56,"column":16},"end":{"line":59,"column":32}},"13":{"start":{"line":58,"column":37},"end":{"line":58,"column":78}},"14":{"start":{"line":62,"column":33},"end":{"line":62,"column":76}},"15":{"start":{"line":64,"column":29},"end":{"line":73,"column":14}},"16":{"start":{"line":75,"column":12},"end":{"line":75,"column":126}},"17":{"start":{"line":77,"column":12},"end":{"line":77,"column":54}},"18":{"start":{"line":80,"column":12},"end":{"line":86,"column":13}},"19":{"start":{"line":81,"column":16},"end":{"line":85,"column":17}},"20":{"start":{"line":82,"column":20},"end":{"line":82,"column":100}},"21":{"start":{"line":83,"column":23},"end":{"line":85,"column":17}},"22":{"start":{"line":84,"column":20},"end":{"line":84,"column":95}},"23":{"start":{"line":88,"column":12},"end":{"line":88,"column":108}},"24":{"start":{"line":93,"column":29},"end":{"line":93,"column":50}},"25":{"start":{"line":96,"column":28},"end":{"line":96,"column":104}},"26":{"start":{"line":97,"column":30},"end":{"line":97,"column":89}},"27":{"start":{"line":97,"column":58},"end":{"line":97,"column":88}},"28":{"start":{"line":99,"column":8},"end":{"line":112,"column":9}},"29":{"start":{"line":101,"column":35},"end":{"line":101,"column":118}},"30":{"start":{"line":102,"column":37},"end":{"line":102,"column":99}},"31":{"start":{"line":102,"column":68},"end":{"line":102,"column":98}},"32":{"start":{"line":104,"column":12},"end":{"line":106,"column":13}},"33":{"start":{"line":105,"column":16},"end":{"line":105,"column":35}},"34":{"start":{"line":109,"column":12},"end":{"line":111,"column":13}},"35":{"start":{"line":110,"column":16},"end":{"line":110,"column":36}},"36":{"start":{"line":115,"column":32},"end":{"line":115,"column":98}},"37":{"start":{"line":117,"column":8},"end":{"line":146,"column":9}},"38":{"start":{"line":119,"column":36},"end":{"line":119,"column":124}},"39":{"start":{"line":120,"column":12},"end":{"line":122,"column":13}},"40":{"start":{"line":120,"column":48},"end":{"line":120,"column":78}},"41":{"start":{"line":121,"column":16},"end":{"line":121,"column":39}},"42":{"start":{"line":125,"column":12},"end":{"line":127,"column":13}},"43":{"start":{"line":126,"column":16},"end":{"line":126,"column":38}},"44":{"start":{"line":130,"column":42},"end":{"line":134,"column":14}},"45":{"start":{"line":136,"column":41},"end":{"line":136,"column":114}},"46":{"start":{"line":136,"column":81},"end":{"line":136,"column":113}},"47":{"start":{"line":139,"column":35},"end":{"line":141,"column":76}},"48":{"start":{"line":143,"column":12},"end":{"line":145,"column":13}},"49":{"start":{"line":144,"column":16},"end":{"line":144,"column":37}},"50":{"start":{"line":149,"column":8},"end":{"line":151,"column":9}},"51":{"start":{"line":150,"column":12},"end":{"line":150,"column":34}},"52":{"start":{"line":154,"column":8},"end":{"line":156,"column":9}},"53":{"start":{"line":155,"column":12},"end":{"line":155,"column":40}},"54":{"start":{"line":159,"column":8},"end":{"line":159,"column":31}},"55":{"start":{"line":163,"column":8},"end":{"line":163,"column":74}},"56":{"start":{"line":167,"column":8},"end":{"line":167,"column":58}},"57":{"start":{"line":14,"column":0},"end":{"line":14,"column":13}}},"fnMap":{"0":{"name":"(anonymous_10)","decl":{"start":{"line":15,"column":12},"end":{"line":15,"column":29}},"loc":{"start":{"line":15,"column":58},"end":{"line":49,"column":5}}},"1":{"name":"(anonymous_11)","decl":{"start":{"line":51,"column":4},"end":{"line":51,"column":9}},"loc":{"start":{"line":51,"column":55},"end":{"line":90,"column":5}}},"2":{"name":"(anonymous_12)","decl":{"start":{"line":58,"column":25},"end":{"line":58,"column":26}},"loc":{"start":{"line":58,"column":37},"end":{"line":58,"column":78}}},"3":{"name":"(anonymous_13)","decl":{"start":{"line":92,"column":4},"end":{"line":92,"column":16}},"loc":{"start":{"line":92,"column":32},"end":{"line":160,"column":5}}},"4":{"name":"(anonymous_14)","decl":{"start":{"line":97,"column":47},"end":{"line":97,"column":54}},"loc":{"start":{"line":97,"column":58},"end":{"line":97,"column":88}}},"5":{"name":"(anonymous_15)","decl":{"start":{"line":102,"column":57},"end":{"line":102,"column":64}},"loc":{"start":{"line":102,"column":68},"end":{"line":102,"column":98}}},"6":{"name":"(anonymous_16)","decl":{"start":{"line":120,"column":37},"end":{"line":120,"column":44}},"loc":{"start":{"line":120,"column":48},"end":{"line":120,"column":78}}},"7":{"name":"(anonymous_17)","decl":{"start":{"line":136,"column":68},"end":{"line":136,"column":77}},"loc":{"start":{"line":136,"column":81},"end":{"line":136,"column":113}}},"8":{"name":"(anonymous_18)","decl":{"start":{"line":162,"column":4},"end":{"line":162,"column":14}},"loc":{"start":{"line":162,"column":28},"end":{"line":164,"column":5}}},"9":{"name":"(anonymous_19)","decl":{"start":{"line":166,"column":4},"end":{"line":166,"column":20}},"loc":{"start":{"line":166,"column":37},"end":{"line":168,"column":5}}}},"branchMap":{"0":{"loc":{"start":{"line":16,"column":28},"end":{"line":16,"column":106}},"type":"cond-expr","locations":[{"start":{"line":16,"column":50},"end":{"line":16,"column":101}},{"start":{"line":16,"column":104},"end":{"line":16,"column":106}}]},"1":{"loc":{"start":{"line":55,"column":12},"end":{"line":60,"column":13}},"type":"if","locations":[{"start":{"line":55,"column":12},"end":{"line":60,"column":13}}]},"2":{"loc":{"start":{"line":55,"column":16},"end":{"line":55,"column":62}},"type":"binary-expr","locations":[{"start":{"line":55,"column":16},"end":{"line":55,"column":32}},{"start":{"line":55,"column":36},"end":{"line":55,"column":62}}]},"3":{"loc":{"start":{"line":75,"column":19},"end":{"line":75,"column":125}},"type":"binary-expr","locations":[{"start":{"line":75,"column":19},"end":{"line":75,"column":56}},{"start":{"line":75,"column":60},"end":{"line":75,"column":125}}]},"4":{"loc":{"start":{"line":80,"column":12},"end":{"line":86,"column":13}},"type":"if","locations":[{"start":{"line":80,"column":12},"end":{"line":86,"column":13}}]},"5":{"loc":{"start":{"line":81,"column":16},"end":{"line":85,"column":17}},"type":"if","locations":[{"start":{"line":81,"column":16},"end":{"line":85,"column":17}},{"start":{"line":83,"column":23},"end":{"line":85,"column":17}}]},"6":{"loc":{"start":{"line":83,"column":23},"end":{"line":85,"column":17}},"type":"if","locations":[{"start":{"line":83,"column":23},"end":{"line":85,"column":17}}]},"7":{"loc":{"start":{"line":99,"column":8},"end":{"line":112,"column":9}},"type":"if","locations":[{"start":{"line":99,"column":8},"end":{"line":112,"column":9}}]},"8":{"loc":{"start":{"line":104,"column":12},"end":{"line":106,"column":13}},"type":"if","locations":[{"start":{"line":104,"column":12},"end":{"line":106,"column":13}}]},"9":{"loc":{"start":{"line":109,"column":12},"end":{"line":111,"column":13}},"type":"if","locations":[{"start":{"line":109,"column":12},"end":{"line":111,"column":13}}]},"10":{"loc":{"start":{"line":109,"column":16},"end":{"line":109,"column":79}},"type":"binary-expr","locations":[{"start":{"line":109,"column":16},"end":{"line":109,"column":44}},{"start":{"line":109,"column":48},"end":{"line":109,"column":79}}]},"11":{"loc":{"start":{"line":115,"column":32},"end":{"line":115,"column":98}},"type":"binary-expr","locations":[{"start":{"line":115,"column":32},"end":{"line":115,"column":62}},{"start":{"line":115,"column":66},"end":{"line":115,"column":98}}]},"12":{"loc":{"start":{"line":117,"column":8},"end":{"line":146,"column":9}},"type":"if","locations":[{"start":{"line":117,"column":8},"end":{"line":146,"column":9}}]},"13":{"loc":{"start":{"line":117,"column":12},"end":{"line":117,"column":45}},"type":"binary-expr","locations":[{"start":{"line":117,"column":12},"end":{"line":117,"column":27}},{"start":{"line":117,"column":31},"end":{"line":117,"column":45}}]},"14":{"loc":{"start":{"line":120,"column":12},"end":{"line":122,"column":13}},"type":"if","locations":[{"start":{"line":120,"column":12},"end":{"line":122,"column":13}}]},"15":{"loc":{"start":{"line":125,"column":12},"end":{"line":127,"column":13}},"type":"if","locations":[{"start":{"line":125,"column":12},"end":{"line":127,"column":13}}]},"16":{"loc":{"start":{"line":125,"column":16},"end":{"line":125,"column":119}},"type":"binary-expr","locations":[{"start":{"line":125,"column":16},"end":{"line":125,"column":47}},{"start":{"line":125,"column":51},"end":{"line":125,"column":83}},{"start":{"line":125,"column":87},"end":{"line":125,"column":119}}]},"17":{"loc":{"start":{"line":139,"column":35},"end":{"line":141,"column":76}},"type":"binary-expr","locations":[{"start":{"line":139,"column":35},"end":{"line":139,"column":135}},{"start":{"line":140,"column":34},"end":{"line":140,"column":76}},{"start":{"line":141,"column":34},"end":{"line":141,"column":76}}]},"18":{"loc":{"start":{"line":143,"column":12},"end":{"line":145,"column":13}},"type":"if","locations":[{"start":{"line":143,"column":12},"end":{"line":145,"column":13}}]},"19":{"loc":{"start":{"line":143,"column":16},"end":{"line":143,"column":54}},"type":"binary-expr","locations":[{"start":{"line":143,"column":16},"end":{"line":143,"column":36}},{"start":{"line":143,"column":40},"end":{"line":143,"column":54}}]},"20":{"loc":{"start":{"line":149,"column":8},"end":{"line":151,"column":9}},"type":"if","locations":[{"start":{"line":149,"column":8},"end":{"line":151,"column":9}}]},"21":{"loc":{"start":{"line":149,"column":12},"end":{"line":149,"column":149}},"type":"binary-expr","locations":[{"start":{"line":149,"column":12},"end":{"line":149,"column":44}},{"start":{"line":149,"column":49},"end":{"line":149,"column":78}},{"start":{"line":149,"column":82},"end":{"line":149,"column":115}},{"start":{"line":149,"column":119},"end":{"line":149,"column":148}}]},"22":{"loc":{"start":{"line":154,"column":8},"end":{"line":156,"column":9}},"type":"if","locations":[{"start":{"line":154,"column":8},"end":{"line":156,"column":9}}]},"23":{"loc":{"start":{"line":154,"column":12},"end":{"line":154,"column":122}},"type":"binary-expr","locations":[{"start":{"line":154,"column":12},"end":{"line":154,"column":50}},{"start":{"line":154,"column":54},"end":{"line":154,"column":88}},{"start":{"line":154,"column":92},"end":{"line":154,"column":122}}]}},"s":{"0":1,"1":1,"2":1,"3":1,"4":1,"5":1,"6":1,"7":0,"8":0,"9":0,"10":0,"11":0,"12":0,"13":0,"14":0,"15":0,"16":0,"17":0,"18":0,"19":0,"20":0,"21":0,"22":0,"23":0,"24":2,"25":2,"26":2,"27":10,"28":2,"29":0,"30":0,"31":0,"32":0,"33":0,"34":0,"35":0,"36":2,"37":2,"38":2,"39":2,"40":14,"41":0,"42":2,"43":1,"44":1,"45":1,"46":15,"47":1,"48":1,"49":0,"50":1,"51":1,"52":0,"53":0,"54":0,"55":0,"56":0,"57":1},"f":{"0":0,"1":0,"2":0,"3":2,"4":10,"5":0,"6":14,"7":15,"8":0,"9":0},"b":{"0":[0,0],"1":[0],"2":[0,0],"3":[0,0],"4":[0],"5":[0,0],"6":[0],"7":[0],"8":[0],"9":[0],"10":[0,0],"11":[2,1],"12":[2],"13":[2,2],"14":[0],"15":[1],"16":[2,1,1],"17":[1,1,1],"18":[0],"19":[1,1],"20":[1],"21":[1,1,1,0],"22":[0],"23":[0,0,0]}}
,"C:\\Users\\karis\\hr-agent-bot\\src\\services\\hrService.ts": {"path":"C:\\Users\\karis\\hr-agent-bot\\src\\services\\hrService.ts","statementMap":{"0":{"start":{"line":1,"column":0},"end":{"line":1,"column":13}}},"fnMap":{"0":{"name":"(anonymous_0)","decl":{"start":{"line":2,"column":4},"end":{"line":2,"column":18}},"loc":{"start":{"line":2,"column":18},"end":{"line":4,"column":5}}},"1":{"name":"(anonymous_1)","decl":{"start":{"line":6,"column":4},"end":{"line":6,"column":18}},"loc":{"start":{"line":6,"column":18},"end":{"line":8,"column":5}}}},"branchMap":{},"s":{"0":0},"f":{"0":0,"1":0},"b":{}}
,"C:\\Users\\karis\\hr-agent-bot\\src\\services\\salesforceService.ts": {"path":"C:\\Users\\karis\\hr-agent-bot\\src\\services\\salesforceService.ts","statementMap":{"0":{"start":{"line":2,"column":0},"end":{"line":2,"column":30}},"1":{"start":{"line":5,"column":12},"end":{"line":5,"column":37}},"2":{"start":{"line":6,"column":12},"end":{"line":6,"column":23}},"3":{"start":{"line":11,"column":8},"end":{"line":11,"column":57}},"4":{"start":{"line":12,"column":8},"end":{"line":12,"column":103}},"5":{"start":{"line":15,"column":8},"end":{"line":19,"column":9}},"6":{"start":{"line":16,"column":12},"end":{"line":18,"column":15}},"7":{"start":{"line":22,"column":8},"end":{"line":24,"column":9}},"8":{"start":{"line":23,"column":12},"end":{"line":23,"column":38}},"9":{"start":{"line":28,"column":8},"end":{"line":43,"column":9}},"10":{"start":{"line":29,"column":29},"end":{"line":29,"column":66}},"11":{"start":{"line":30,"column":29},"end":{"line":30,"column":66}},"12":{"start":{"line":31,"column":26},"end":{"line":31,"column":69}},"13":{"start":{"line":33,"column":29},"end":{"line":33,"column":78}},"14":{"start":{"line":35,"column":12},"end":{"line":35,"column":66}},"15":{"start":{"line":36,"column":12},"end":{"line":36,"column":49}},"16":{"start":{"line":37,"column":12},"end":{"line":37,"column":60}},"17":{"start":{"line":39,"column":12},"end":{"line":39,"column":24}},"18":{"start":{"line":41,"column":12},"end":{"line":41,"column":80}},"19":{"start":{"line":42,"column":12},"end":{"line":42,"column":25}},"20":{"start":{"line":48,"column":8},"end":{"line":59,"column":11}},"21":{"start":{"line":60,"column":8},"end":{"line":60,"column":90}},"22":{"start":{"line":64,"column":8},"end":{"line":66,"column":9}},"23":{"start":{"line":65,"column":12},"end":{"line":65,"column":60}},"24":{"start":{"line":69,"column":8},"end":{"line":69,"column":56}},"25":{"start":{"line":73,"column":8},"end":{"line":128,"column":9}},"26":{"start":{"line":75,"column":32},"end":{"line":75,"column":57}},"27":{"start":{"line":76,"column":12},"end":{"line":78,"column":13}},"28":{"start":{"line":77,"column":16},"end":{"line":77,"column":68}},"29":{"start":{"line":81,"column":60},"end":{"line":87,"column":14}},"30":{"start":{"line":89,"column":32},"end":{"line":89,"column":83}},"31":{"start":{"line":92,"column":36},"end":{"line":100,"column":14}},"32":{"start":{"line":103,"column":12},"end":{"line":108,"column":13}},"33":{"start":{"line":104,"column":16},"end":{"line":104,"column":71}},"34":{"start":{"line":105,"column":16},"end":{"line":105,"column":81}},"35":{"start":{"line":107,"column":16},"end":{"line":107,"column":74}},"36":{"start":{"line":110,"column":27},"end":{"line":110,"column":89}},"37":{"start":{"line":112,"column":12},"end":{"line":112,"column":78}},"38":{"start":{"line":113,"column":12},"end":{"line":113,"column":98}},"39":{"start":{"line":115,"column":12},"end":{"line":120,"column":14}},"40":{"start":{"line":123,"column":12},"end":{"line":123,"column":69}},"41":{"start":{"line":124,"column":12},"end":{"line":127,"column":14}},"42":{"start":{"line":132,"column":23},"end":{"line":143,"column":10}},"43":{"start":{"line":145,"column":8},"end":{"line":145,"column":39}},"44":{"start":{"line":148,"column":8},"end":{"line":148,"column":63}},"45":{"start":{"line":148,"column":37},"end":{"line":148,"column":61}},"46":{"start":{"line":150,"column":8},"end":{"line":150,"column":63}},"47":{"start":{"line":151,"column":8},"end":{"line":151,"column":95}},"48":{"start":{"line":154,"column":8},"end":{"line":154,"column":56}},"49":{"start":{"line":158,"column":8},"end":{"line":160,"column":9}},"50":{"start":{"line":159,"column":12},"end":{"line":159,"column":56}},"51":{"start":{"line":163,"column":8},"end":{"line":163,"column":52}},"52":{"start":{"line":167,"column":8},"end":{"line":206,"column":9}},"53":{"start":{"line":168,"column":32},"end":{"line":168,"column":57}},"54":{"start":{"line":169,"column":12},"end":{"line":171,"column":13}},"55":{"start":{"line":170,"column":16},"end":{"line":170,"column":68}},"56":{"start":{"line":174,"column":36},"end":{"line":182,"column":14}},"57":{"start":{"line":184,"column":12},"end":{"line":186,"column":13}},"58":{"start":{"line":185,"column":16},"end":{"line":185,"column":69}},"59":{"start":{"line":188,"column":27},"end":{"line":188,"column":89}},"60":{"start":{"line":190,"column":12},"end":{"line":190,"column":76}},"61":{"start":{"line":191,"column":12},"end":{"line":191,"column":98}},"62":{"start":{"line":193,"column":12},"end":{"line":198,"column":14}},"63":{"start":{"line":201,"column":12},"end":{"line":201,"column":67}},"64":{"start":{"line":202,"column":12},"end":{"line":205,"column":14}},"65":{"start":{"line":211,"column":23},"end":{"line":220,"column":10}},"66":{"start":{"line":222,"column":8},"end":{"line":222,"column":39}},"67":{"start":{"line":225,"column":8},"end":{"line":225,"column":63}},"68":{"start":{"line":225,"column":37},"end":{"line":225,"column":61}},"69":{"start":{"line":227,"column":8},"end":{"line":227,"column":61}},"70":{"start":{"line":228,"column":8},"end":{"line":228,"column":95}},"71":{"start":{"line":231,"column":8},"end":{"line":231,"column":56}},"72":{"start":{"line":235,"column":8},"end":{"line":237,"column":9}},"73":{"start":{"line":236,"column":12},"end":{"line":236,"column":48}},"74":{"start":{"line":240,"column":8},"end":{"line":240,"column":44}},"75":{"start":{"line":244,"column":23},"end":{"line":244,"column":69}},"76":{"start":{"line":244,"column":51},"end":{"line":244,"column":68}},"77":{"start":{"line":246,"column":8},"end":{"line":250,"column":9}},"78":{"start":{"line":247,"column":12},"end":{"line":247,"column":45}},"79":{"start":{"line":249,"column":12},"end":{"line":249,"column":67}},"80":{"start":{"line":254,"column":8},"end":{"line":275,"column":9}},"81":{"start":{"line":255,"column":32},"end":{"line":255,"column":57}},"82":{"start":{"line":256,"column":12},"end":{"line":258,"column":13}},"83":{"start":{"line":257,"column":16},"end":{"line":257,"column":68}},"84":{"start":{"line":260,"column":12},"end":{"line":260,"column":74}},"85":{"start":{"line":262,"column":27},"end":{"line":262,"column":89}},"86":{"start":{"line":264,"column":12},"end":{"line":270,"column":13}},"87":{"start":{"line":265,"column":16},"end":{"line":265,"column":55}},"88":{"start":{"line":266,"column":16},"end":{"line":266,"column":57}},"89":{"start":{"line":268,"column":16},"end":{"line":268,"column":63}},"90":{"start":{"line":269,"column":16},"end":{"line":269,"column":71}},"91":{"start":{"line":273,"column":12},"end":{"line":273,"column":62}},"92":{"start":{"line":274,"column":12},"end":{"line":274,"column":62}},"93":{"start":{"line":279,"column":8},"end":{"line":279,"column":33}},"94":{"start":{"line":284,"column":8},"end":{"line":286,"column":9}},"95":{"start":{"line":285,"column":12},"end":{"line":285,"column":65}},"96":{"start":{"line":289,"column":8},"end":{"line":289,"column":61}},"97":{"start":{"line":293,"column":8},"end":{"line":338,"column":9}},"98":{"start":{"line":294,"column":32},"end":{"line":294,"column":57}},"99":{"start":{"line":295,"column":12},"end":{"line":297,"column":13}},"100":{"start":{"line":296,"column":16},"end":{"line":296,"column":68}},"101":{"start":{"line":300,"column":12},"end":{"line":303,"column":15}},"102":{"start":{"line":305,"column":12},"end":{"line":305,"column":80}},"103":{"start":{"line":308,"column":12},"end":{"line":331,"column":13}},"104":{"start":{"line":309,"column":40},"end":{"line":314,"column":18}},"105":{"start":{"line":316,"column":39},"end":{"line":325,"column":18}},"106":{"start":{"line":327,"column":16},"end":{"line":327,"column":105}},"107":{"start":{"line":330,"column":16},"end":{"line":330,"column":112}},"108":{"start":{"line":333,"column":12},"end":{"line":333,"column":59}},"109":{"start":{"line":336,"column":12},"end":{"line":336,"column":63}},"110":{"start":{"line":337,"column":12},"end":{"line":337,"column":60}},"111":{"start":{"line":342,"column":23},"end":{"line":342,"column":69}},"112":{"start":{"line":342,"column":51},"end":{"lin
[...]
,"C:\\Users\\karis\\hr-agent-bot\\src\\utils\\intentDetector.ts": {"path":"C:\\Users\\karis\\hr-agent-bot\\src\\utils\\intentDetector.ts","statementMap":{"0":{"start":{"line":18,"column":10},"end":{"line":18,"column":78}},"1":{"start":{"line":24,"column":25},"end":{"line":24,"column":46}},"2":{"start":{"line":25,"column":26},"end":{"line":25,"column":28}},"3":{"start":{"line":28,"column":4},"end":{"line":34,"column":5}},"4":{"start":{"line":29,"column":6},"end":{"line":33,"column":8}},"5":{"start":{"line":37,"column":4},"end":{"line":43,"column":5}},"6":{"start":{"line":38,"column":6},"end":{"line":42,"column":8}},"7":{"start":{"line":46,"column":4},"end":{"line":48,"column":5}},"8":{"start":{"line":47,"column":6},"end":{"line":47,"column":71}},"9":{"start":{"line":50,"column":4},"end":{"line":52,"column":5}},"10":{"start":{"line":51,"column":6},"end":{"line":51,"column":72}},"11":{"start":{"line":54,"column":4},"end":{"line":56,"column":5}},"12":{"start":{"line":55,"column":6},"end":{"line":55,"column":70}},"13":{"start":{"line":59,"column":4},"end":{"line":61,"column":5}},"14":{"start":{"line":60,"column":6},"end":{"line":60,"column":73}},"15":{"start":{"line":64,"column":4},"end":{"line":64,"column":70}},"16":{"start":{"line":71,"column":24},"end":{"line":71,"column":85}},"17":{"start":{"line":72,"column":26},"end":{"line":72,"column":80}},"18":{"start":{"line":72,"column":54},"end":{"line":72,"column":79}},"19":{"start":{"line":74,"column":4},"end":{"line":74,"column":37}},"20":{"start":{"line":74,"column":24},"end":{"line":74,"column":37}},"21":{"start":{"line":77,"column":28},"end":{"line":77,"column":89}},"22":{"start":{"line":78,"column":29},"end":{"line":78,"column":87}},"23":{"start":{"line":78,"column":61},"end":{"line":78,"column":86}},"24":{"start":{"line":80,"column":4},"end":{"line":80,"column":29}},"25":{"start":{"line":87,"column":28},"end":{"line":87,"column":84}},"26":{"start":{"line":89,"column":4},"end":{"line":89,"column":39}},"27":{"start":{"line":89,"column":26},"end":{"line":89,"column":39}},"28":{"start":{"line":92,"column":4},"end":{"line":92,"column":84}},"29":{"start":{"line":92,"column":71},"end":{"line":92,"column":84}},"30":{"start":{"line":95,"column":34},"end":{"line":102,"column":6}},"31":{"start":{"line":104,"column":4},"end":{"line":110,"column":7}},"32":{"start":{"line":105,"column":6},"end":{"line":109,"column":7}},"33":{"start":{"line":106,"column":8},"end":{"line":106,"column":43}},"34":{"start":{"line":108,"column":8},"end":{"line":108,"column":39}},"35":{"start":{"line":117,"column":28},"end":{"line":120,"column":6}},"36":{"start":{"line":122,"column":21},"end":{"line":122,"column":46}},"37":{"start":{"line":123,"column":30},"end":{"line":123,"column":88}},"38":{"start":{"line":123,"column":62},"end":{"line":123,"column":87}},"39":{"start":{"line":125,"column":4},"end":{"line":125,"column":41}},"40":{"start":{"line":132,"column":21},"end":{"line":132,"column":24}},"41":{"start":{"line":135,"column":4},"end":{"line":135,"column":58}},"42":{"start":{"line":135,"column":40},"end":{"line":135,"column":58}},"43":{"start":{"line":138,"column":4},"end":{"line":138,"column":83}},"44":{"start":{"line":138,"column":65},"end":{"line":138,"column":83}},"45":{"start":{"line":141,"column":4},"end":{"line":141,"column":96}},"46":{"start":{"line":141,"column":78},"end":{"line":141,"column":96}},"47":{"start":{"line":143,"column":4},"end":{"line":143,"column":37}},"48":{"start":{"line":150,"column":21},"end":{"line":150,"column":24}},"49":{"start":{"line":153,"column":4},"end":{"line":153,"column":81}},"50":{"start":{"line":153,"column":37},"end":{"line":153,"column":59}},"51":{"start":{"line":153,"column":62},"end":{"line":153,"column":81}},"52":{"start":{"line":156,"column":4},"end":{"line":156,"column":59}},"53":{"start":{"line":156,"column":40},"end":{"line":156,"column":59}},"54":{"start":{"line":159,"column":4},"end":{"line":159,"column":83}},"55":{"start":{"line":159,"column":65},"end":{"line":159,"column":83}},"56":{"start":{"line":161,"column":4},"end":{"line":161,"column":37}},"57":{"start":{"line":168,"column":25},"end":{"line":173,"column":6}},"58":{"start":{"line":175,"column":4},"end":{"line":175,"column":63}},"59":{"start":{"line":175,"column":40},"end":{"line":175,"column":61}},"60":{"start":{"line":182,"column":26},"end":{"line":182,"column":28}},"61":{"start":{"line":185,"column":4},"end":{"line":187,"column":5}},"62":{"start":{"line":186,"column":6},"end":{"line":186,"column":30}},"63":{"start":{"line":190,"column":24},"end":{"line":190,"column":70}},"64":{"start":{"line":191,"column":4},"end":{"line":193,"column":5}},"65":{"start":{"line":192,"column":6},"end":{"line":192,"column":46}},"66":{"start":{"line":195,"column":4},"end":{"line":195,"column":20}},"67":{"start":{"line":202,"column":26},"end":{"line":202,"column":28}},"68":{"start":{"line":203,"column":25},"end":{"line":203,"column":46}},"69":{"start":{"line":206,"column":4},"end":{"line":211,"column":5}},"70":{"start":{"line":207,"column":6},"end":{"line":210,"column":7}},"71":{"start":{"line":208,"column":8},"end":{"line":208,"column":48}},"72":{"start":{"line":209,"column":8},"end":{"line":209,"column":14}},"73":{"start":{"line":214,"column":4},"end":{"line":225,"column":5}},"74":{"start":{"line":215,"column":6},"end":{"line":224,"column":7}},"75":{"start":{"line":216,"column":8},"end":{"line":216,"column":36}},"76":{"start":{"line":217,"column":8},"end":{"line":217,"column":37}},"77":{"start":{"line":218,"column":13},"end":{"line":224,"column":7}},"78":{"start":{"line":219,"column":8},"end":{"line":219,"column":38}},"79":{"start":{"line":220,"column":8},"end":{"line":220,"column":37}},"80":{"start":{"line":221,"column":13},"end":{"line":224,"column":7}},"81":{"start":{"line":222,"column":8},"end":{"line":222,"column":38}},"82":{"start":{"line":223,"column":8},"end":{"line":223,"column":37}},"83":{"start":{"line":228,"column":4},"end":{"line":230,"column":5}},"84":{"start":{"line":229,"column":6},"end":{"line":229,"column":30}},"85":{"start":{"line":233,"column":24},"end":{"line":233,"column":54}},"86":{"start":{"line":234,"column":4},"end":{"line":236,"column":5}},"87":{"start":{"line":235,"column":6},"end":{"line":235,"column":46}},"88":{"start":{"line":238,"column":4},"end":{"line":238,"column":20}},"89":{"start":{"line":245,"column":25},"end":{"line":245,"column":46}},"90":{"start":{"line":248,"column":21},"end":{"line":248,"column":87}},"91":{"start":{"line":249,"column":4},"end":{"line":255,"column":5}},"92":{"start":{"line":250,"column":21},"end":{"line":250,"column":39}},"93":{"start":{"line":252,"column":6},"end":{"line":254,"column":7}},"94":{"start":{"line":253,"column":8},"end":{"line":253,"column":22}},"95":{"start":{"line":258,"column":25},"end":{"line":258,"column":59}},"96":{"start":{"line":259,"column":4},"end":{"line":261,"column":5}},"97":{"start":{"line":260,"column":6},"end":{"line":260,"column":36}},"98":{"start":{"line":264,"column":4},"end":{"line":283,"column":5}},"99":{"start":{"line":265,"column":30},"end":{"line":276,"column":8}},"100":{"start":{"line":278,"column":6},"end":{"line":282,"column":7}},"101":{"start":{"line":279,"column":8},"end":{"line":281,"column":9}},"102":{"start":{"line":280,"column":10},"end":{"line":280,"column":24}},"103":{"start":{"line":285,"column":4},"end":{"line":285,"column":16}},"104":{"start":{"line":17,"column":0},"end":{"line":17,"column":13}},"105":{"start":{"line":289,"column":0},"end":{"line":289,"column":36}}},"fnMap":{"0":{"name":"(anonymous_0)","decl":{"start":{"line":17,"column":0},"end":{"line":17,"column":13}},"loc":{"start":{"line":17,"column":0},"end":{"line":287,"column":1}}},"1":{"name":"(anonymous_1)","decl":{"start":{"line":23,"column":2},"end":{"line":23,"column":14}},"loc":{"start":{"line":23,"column":30},"end":{"line":65,"column":3}}},"2":{"name":"(anonymous_2)","decl":{"start":{"line":70,"column":10},"end":{"line":70,"column":22}},"loc":{"start":{"line":70,"column":38},"end":{"line":81,"column":3}}},"3":{"name":"(anonymous_3)","decl":{"start":{"line":72,"column":43},"end":{"line":72,"column":50}},"loc":{"start":{"line":72,"column":54},"end":{"line":72,"column":79}}},"4":{"name":"(anonymous_4)","decl":{"start":{"line":78,"column":50},"end":{"line":78,"column":57}},"loc":{"start":{"line":78,"column":61},"end":{"line":78,"column":86}}},"5":{"name":"(anonymous_5)","decl":{"start":{"line":86,"column":10},"end":{"line":86,"column":24}},"loc":{"start":{"line":86,"column":40},"end":{"line":111,"column":3}}},"6":{"name":"(anonymous_6)","decl":{"start":{"line":104,"column":38},"end":{"line":104,"column":47}},"loc":{"start":{"line":104,"column":50},"end":{"line":110,"column":5}}},"7":{"name":"(anonymous_7)","decl":{"start":{"line":116,"column":10},"end":{"line":116,"column":29}},"loc":{"start":{"line":116,"column":45},"end":{"line":126,"column":3}}},"8":{"name":"(anonymous_8)","decl":{"start":{"line":123,"column":51},"end":{"line":123,"column":58}},"loc":{"start":{"line":123,"column":62},"end":{"line":123,"column":87}}},"9":{"name":"(anonymous_9)","decl":{"start":{"line":131,"column":10},"end":{"line":131,"column":32}},"loc":{"start":{"line":131,"column":48},"end":{"line":144,"column":3}}},"10":{"name":"(anonymous_10)","decl":{"start":{"line":149,"column":10},"end":{"line":149,"column":34}},"loc":{"start":{"line":149,"column":50},"end":{"line":162,"column":3}}},"11":{"name":"(anonymous_11)","decl":{"start":{"line":153,"column":29},"end":{"line":153,"column":33}},"loc":{"start":{"line":153,"column":37},"end":{"line":153,"column":59}}},"12":{"name":"(anonymous_12)","decl":{"start":{"line":167,"column":10},"end":{"line":167,"column":26}},"loc":{"start":{"line":167,"column":42},"end":{"line":176,"column":3}}},"13":{"name":"(anonymous_13)","decl":{"start":{"line":175,"column":29},"end":{"line":175,"column":36}},"loc":{"start":{"line":175,"column":40},"end":{"line":175,"column":61}}},"14":{"name":"(anonymous_14)","decl":{"start":{"line":181,"column":10},"end":{"line":181,"column":28}},"loc":{"start":{"line":181,"column":44},"end":{"line":196,"column":3}}},"15":{"name":"(anonymous_15)","decl":{"start":{"line":201,"column":10},"end":{"line":201,"column":30}},"loc":{"start":{"line":201,"column":46},"end":{"line":239,"column":3}}},"16":{"name":"(anonymous_16)","decl":{"start":{"line":244,"column":2},"end":{"line":244,"column":15}},"loc":{"start":{"line":244,"column":54},"end":{"line":286,"column":3}}}},"branchMap":{"0":{"loc":{"start":{"line":28,"column":4},"end":{"line":34,"column":5}},"type":"if","locations":[{"start":{"line":28,"column":4},"end":{"line":34,"column":5}}]},"1":{"loc":{"start":{"line":37,"column":4},"end":{"line":43,"column":5}},"type":"if","locations":[{"start":{"line":37,"column":4},"end":{"line":43,"column":5}}]},"2":{"loc":{"start":{"line":46,"column":4},"end":{"line":48,"column":5}},"type":"if","locations":[{"start":{"line":46,"column":4},"end":{"line":48,"column":5}}]},"3":{"loc":{"start":{"line":46,"column":8},"end":{"line":46,"column":112}},"type":"binary-expr","locations":[{"start":{"line":46,"column":8},"end":{"line":46,"column":40}},{"start":{"line":46,"column":45},"end":{"line":46,"column":74}},{"start":{"line":46,"column":78},"end":{"line":46,"column":111}}]},"4":{"loc":{"start":{"line":50,"column":4},"end":{"line":52,"column":5}},"type":"if","locations":[{"start":{"line":50,"column":4},"end":{"line":52,"column":5}}]},"5":{"loc":{"start":{"line":50,"column":8},"end":{"line":50,"column":73}},"type":"binary-expr","locations":[{"start":{"line":50,"column":8},"end":{"line":50,"column":38}},{"start":{"line":50,"column":42},"end":{"line":50,"column":73}}]},"6":{"loc":{"start":{"line":54,"column":4},"end":{"line":56,"column":5}},"type":"if","locations":[{"start":{"line":54,"column":4},"end":{"line":56,"column":5}}]},"7":{"loc":{"start":{"line":54,"column":8},"end":{"line":54,"column":71}},"type":"binary-expr","locations":[{"start":{"line":54,"column":8},"end":{"line":54,"column":36}},{"start":{"line":54,"column":40},"end":{"line":54,"column":71}}]},"8":{"loc":{"start":{"line":59,"column":4},"end":{"line":61,"column":5}},"type":"if","locations":[{"start":{"line":59,"column":4},"end":{"line":61,"column":5}}]},"9":{"loc":{"start":{"line":74,"column":4},"end":{"line":74,"column":37}},"type":"if","locations":[{"start":{"line":74,"column":4},"end":{"line":74,"column":37}}]},"10":{"loc":{"start":{"line":87,"column":28},"end":{"line":87,"column":84}},"type":"binary-expr","locations":[{"start":{"line":87,"column":28},"end":{"line":87,"column":53}},{"start":{"line":87,"column":57},"end":{"line":87,"column":84}}]},"11":{"loc":{"start":{"line":89,"column":4},"end":{"line":89,"column":39}},"type":"if","locations":[{"start":{"line":89,"column":4},"end":{"line":89,"column":39}}]},"12":{"loc":{"start":{"line":92,"column":4},"end":{"line":92,"column":84}},"type":"if","locations":[{"start":{"line":92,"column":4},"end":{"line":92,"column":84}}]},"13":{"loc":{"start":{"line":92,"column":8},"end":{"line":92,"column":69}},"type":"binary-expr","locations":[{"start":{"line":92,"column":8},"end":{"line":92,"column":31}},{"start":{"line":92,"column":35},"end":{"line":92,"column":69}}]},"14":{"loc":{"start":{"line":105,"column":6},"end":{"line":109,"column":7}},"type":"if","locations":[{"start":{"line":105,"column":6},"end":{"line":109,"column":7}},{"start":{"line":107,"column":13},"end":{"line":109,"column":7}}]},"15":{"loc":{"start":{"line":125,"column":11},"end":{"line":125,"column":40}},"type":"binary-expr","locations":[{"start":{"line":125,"column":11},"end":{"line":125,"column":19}},{"start":{"line":125,"column":23},"end":{"line":125,"column":40}}]},"16":{"loc":{"start":{"line":135,"column":4},"end":{"line":135,"column":58}},"type":"if","locations":[{"start":{"line":135,"column":4},"end":{"line":135,"column":58}}]},"17":{"loc":{"start":{"line":138,"column":4},"end":{"line":138,"column":83}},"type":"if","locations":[{"start":{"line":138,"column":4},"end":{"line":138,"column":83}}]},"18":{"loc":{"start":{"line":138,"column":8},"end":{"line":138,"column":63}},"type":"binary-expr","locations":[{"start":{"line":138,"column":8},"end":{"line":138,"column":32}},{"start":{"line":138,"column":36},"end":{"line":138,"column":63}}]},"19":{"loc":{"start":{"line":141,"column":4},"end":{"line":141,"column":96}},"type":"if","locations":[{"start":{"line":141,"column":4},"end":{"line":141,"column":96}}]},"20":{"loc":{"start":{"line":141,"column":8},"end":{"line":141,"column":76}},"type":"binary-expr","locations":[{"start":{"line":141,"column":8},"end":{"line":141,"column":41}},{"start":{"line":141,"column":45},"end":{"line":141,"column":76}}]},"21":{"loc":{"start":{"line":153,"column":4},"end":{"line":153,"column":81}},"type":"if","locations":[{"start":{"line":153,"column":4},"end":{"line":153,"column":81}}]},"22":{"loc":{"start":{"line":156,"column":4},"end":{"line":156,"column":59}},"type":"if","locations":[{"start":{"line":156,"column":4},"end":{"line":156,"column":59}}]},"23":{"loc":{"start":{"line":159,"column":4},"end":{"line":159,"column":83}},"type":"if","locations":[{"start":{"line":159,"column":4},"end":{"line":159,"column":83}}]},"24":{"loc":{"start":{"line":159,"column":8},"end":{"line":159,"column":63}},"type":"binary-expr","locations":[{"start":{"line":159,"column":8},"end":{"line":159,"column":32}},{"start":{"line":159,"column":36},"end":{"line":159,"column":63}}]},"25":{"loc":{"start":{"line":185,"column":4},"end":{"line":187,"column":5}},"type":"if","locations":[{"start":{"line":185,"column":4},"end":{"line":187,"column":5}}]},"26":{"loc":{"start":{"line":191,"column":4},"end":{"line":193,"column":5}},"type":"if","locations":[{"start":{"line":191,"column":4},"end":{"line":193,"column":5}}]},"27":{"loc":{"start":{"line":207,"column":6},"end":{"line":210,"column":7}},"type":"if","locations":[{"start":{"line":207,"column":6},"end":{"line":210,"column":7}}]},"28":{"loc":{"start":{"line":214,"column":4},"end":{"line":225,"column":5}},"type":"if","locations":[{"start":{"line":214,"column":4},"end":{"line":225,"column":5}}]},"29":{"loc":{"start":{"line":215,"column":6},"end":{"line":224,"column":7}},"type":"if","locations":[{"start":{"line":215,"column":6},"end":{"line":224,"column":7}},{"start":{"line":218,"column":13},"end":{"line":224,"column":7}}]},"30":{"loc":{"start":{"line":218,"column":13},"end":{"line":224,"column":7}},"type":"if","locations":[{"start":{"line":218,"column":13},"end":{"line":224,"column":7}},{"start":{"line":221,"column":13},"end":{"line":224,"column":7}}]},"31":{"loc":{"start":{"line":221,"column":13},"end":{"line":224,"column":7}},"type":"if","locations":[{"start":{"line":221,"column":13},"end":{"line":224,"column":7}}]},"32":{"loc":{"start":{"line":228,"column":4},"end":{"line":230,"column":5}},"type":"if","locations":[{"start":{"line":228,"column":4},"end":{"line":230,"column":5}}]},"33":{"loc":{"start":{"line":234,"column":4},"end":{"line":236,"column":5}},"type":"if","locations":[{"start":{"line":234,"column":4},"end":{"line":236,"column":5}}]},"34":{"loc":{"start":{"line":249,"column":4},"end":{"line":255,"column":5}},"type":"if","locations":[{"start":{"line":249,"column":4},"end":{"line":255,"column":5}}]},"35":{"loc":{"start":{"line":252,"column":6},"end":{"line":254,"column":7}},"type":"if","locations":[{"start":{"line":252,"column":6},"end":{"line":254,"column":7}}]},"36":{"loc":{"start":{"line":252,"column":10},"end":{"line":252,"column":83}},"type":"binary-expr","locations":[{"start":{"line":252,"column":10},"end":{"line":252,"column":27}},{"start":{"line":252,"column":31},"end":{"line":252,"column":83}}]},"37":{"loc":{"start":{"line":259,"column":4},"end":{"line":261,"column":5}},"type":"if","locations":[{"start":{"line":259,"column":4},"end":{"line":261,"column":5}}]},"38":{"loc":{"start":{"line":264,"column":4},"end":{"line":283,"column":5}},"type":"if","locations":[{"start":{"line":264,"column":4},"end":{"line":283,"column":5}}]},"39":{"loc":{"start":{"line":279,"column":8},"end":{"line":281,"column":9}},"type":"if","locations":[{"start":{"line":279,"column":8},"end":{"line":281,"column":9}}]}},"s":{"0":0,"1":0,"2":0,"3":0,"4":0,"5":0,"6":0,"7":0,"8":0,"9":0,"10":0,"11":0,"12":0,"13":0,"14":0,"15":0,"16":0,"17":0,"18":0,"19":0,"20":0,"21":0,"22":0,"23":0,"24":0,"25":0,"26":0,"27":0,"28":0,"29":0,"30":0,"31":0,"32":0,"33":0,"34":0,"35":0,"36":0,"37":0,"38":0,"39":0,"40":0,"41":0,"42":0,"43":0,"44":0,"45":0,"46":0,"47":0,"48":0,"49":0,"50":0,"51":0,"52":0,"53":0,"54":0,"55":0,"56":0,"57":0,"58":0,"59":0,"60":0,"61":0,"62":0,"63":0,"64":0,"65":0,"66":0,"67":0,"68":0,"69":0,"70":0,"71":0,"72":0,"73":0,"74":0,"75":0,"76":0,"77":0,"78":0,"79":0,"80":0,"81":0,"82":0,"83":0,"84":0,"85":0,"86":0,"87":0,"88":0,"89":0,"90":0,"91":0,"92":0,"93":0,"94":0,"95":0,"96":0,"97":0,"98":0,"99":0,"100":0,"101":0,"102":0,"103":0,"104":0,"105":0},"f":{"0":0,"1":0,"2":0,"3":0,"4":0,"5":0,"6":0,"7":0,"8":0,"9":0,"10":0,"11":0,"12":0,"13":0,"14":0,"15":0,"16":0},"b":{"0":[0],"1":[0],"2":[0],"3":[0,0,0],"4":[0],"5":[0,0],"6":[0],"7":[0,0],"8":[0],"9":[0],"10":[0,0],"11":[0],"12":[0],"13":[0,0],"14":[0,0],"15":[0,0],"16":[0],"17":[0],"18":[0,0],"19":[0],"20":[0,0],"21":[0],"22":[0],"23":[0],"24":[0,0],"25":[0],"26":[0],"27":[0],"28":[0],"29":[0,0],"30":[0,0],"31":[0],"32":[0],"33":[0],"34":[0],"35":[0],"36":[0,0],"37":[0],"38":[0],"39":[0]}}
,"C:\\Users\\karis\\hr-agent-bot\\src\\utils\\logger.ts": {"path":"C:\\Users\\karis\\hr-agent-bot\\src\\utils\\logger.ts","statementMap":{"0":{"start":{"line":1,"column":0},"end":{"line":1,"column":59}},"1":{"start":{"line":3,"column":15},"end":{"line":14,"column":2}},"2":{"start":{"line":16,"column":0},"end":{"line":16,"column":22}}},"fnMap":{},"branchMap":{},"s":{"0":0,"1":0,"2":0},"f":{},"b":{}}
}
