{"C:\\Users\\karis\\hr-agent-bot\\src\\app.ts": {"path":"C:\\Users\\karis\\hr-agent-bot\\src\\app.ts","statementMap":{"0":{"start":{"line":1,"column":0},"end":{"line":1,"column":30}},"1":{"start":{"line":2,"column":0},"end":{"line":2,"column":24}},"2":{"start":{"line":3,"column":0},"end":{"line":3,"column":28}},"3":{"start":{"line":4,"column":0},"end":{"line":4,"column":24}},"4":{"start":{"line":6,"column":0},"end":{"line":6,"column":16}},"5":{"start":{"line":8,"column":12},"end":{"line":8,"column":21}},"6":{"start":{"line":9,"column":13},"end":{"line":9,"column":37}},"7":{"start":{"line":12,"column":0},"end":{"line":12,"column":16}},"8":{"start":{"line":13,"column":0},"end":{"line":13,"column":24}},"9":{"start":{"line":14,"column":0},"end":{"line":14,"column":59}},"10":{"start":{"line":17,"column":0},"end":{"line":17,"column":62}},"11":{"start":{"line":18,"column":0},"end":{"line":18,"column":64}},"12":{"start":{"line":19,"column":0},"end":{"line":19,"column":60}},"13":{"start":{"line":20,"column":0},"end":{"line":20,"column":65}},"14":{"start":{"line":22,"column":26},"end":{"line":22,"column":49}},"15":{"start":{"line":25,"column":0},"end":{"line":25,"column":38}},"16":{"start":{"line":26,"column":0},"end":{"line":26,"column":57}},"17":{"start":{"line":27,"column":0},"end":{"line":27,"column":51}},"18":{"start":{"line":28,"column":0},"end":{"line":28,"column":65}},"19":{"start":{"line":29,"column":0},"end":{"line":29,"column":59}},"20":{"start":{"line":32,"column":0},"end":{"line":183,"column":3}},"21":{"start":{"line":33,"column":2},"end":{"line":182,"column":3}},"22":{"start":{"line":34,"column":34},"end":{"line":34,"column":43}},"23":{"start":{"line":36,"column":4},"end":{"line":46,"column":5}},"24":{"start":{"line":37,"column":6},"end":{"line":45,"column":9}},"25":{"start":{"line":49,"column":4},"end":{"line":59,"column":5}},"26":{"start":{"line":50,"column":6},"end":{"line":58,"column":9}},"27":{"start":{"line":62,"column":19},"end":{"line":62,"column":66}},"28":{"start":{"line":64,"column":4},"end":{"line":74,"column":5}},"29":{"start":{"line":65,"column":6},"end":{"line":73,"column":9}},"30":{"start":{"line":76,"column":24},"end":{"line":76,"column":37}},"31":{"start":{"line":78,"column":4},"end":{"line":169,"column":5}},"32":{"start":{"line":80,"column":22},"end":{"line":80,"column":90}},"33":{"start":{"line":83,"column":26},"end":{"line":85,"column":45}},"34":{"start":{"line":86,"column":24},"end":{"line":86,"column":46}},"35":{"start":{"line":88,"column":6},"end":{"line":115,"column":9}},"36":{"start":{"line":116,"column":11},"end":{"line":169,"column":5}},"37":{"start":{"line":118,"column":22},"end":{"line":118,"column":90}},"38":{"start":{"line":121,"column":26},"end":{"line":123,"column":45}},"39":{"start":{"line":124,"column":24},"end":{"line":124,"column":46}},"40":{"start":{"line":126,"column":6},"end":{"line":158,"column":9}},"41":{"start":{"line":160,"column":6},"end":{"line":168,"column":9}},"42":{"start":{"line":172,"column":4},"end":{"line":172,"column":44}},"43":{"start":{"line":173,"column":4},"end":{"line":181,"column":7}},"44":{"start":{"line":186,"column":0},"end":{"line":193,"column":3}},"45":{"start":{"line":187,"column":2},"end":{"line":192,"column":5}},"46":{"start":{"line":196,"column":0},"end":{"line":198,"column":3}},"47":{"start":{"line":197,"column":2},"end":{"line":197,"column":61}},"48":{"start":{"line":200,"column":0},"end":{"line":204,"column":3}},"49":{"start":{"line":201,"column":2},"end":{"line":201,"column":69}},"50":{"start":{"line":202,"column":2},"end":{"line":202,"column":92}},"51":{"start":{"line":203,"column":2},"end":{"line":203,"column":70}}},"fnMap":{"0":{"name":"(anonymous_1)","decl":{"start":{"line":32,"column":20},"end":{"line":32,"column":25}},"loc":{"start":{"line":32,"column":39},"end":{"line":183,"column":1}}},"1":{"name":"(anonymous_2)","decl":{"start":{"line":186,"column":23},"end":{"line":186,"column":24}},"loc":{"start":{"line":186,"column":36},"end":{"line":193,"column":1}}},"2":{"name":"(anonymous_3)","decl":{"start":{"line":196,"column":13},"end":{"line":196,"column":14}},"loc":{"start":{"line":196,"column":26},"end":{"line":198,"column":1}}},"3":{"name":"(anonymous_4)","decl":{"start":{"line":200,"column":17},"end":{"line":200,"column":20}},"loc":{"start":{"line":200,"column":22},"end":{"line":204,"column":1}}}},"branchMap":{"0":{"loc":{"start":{"line":9,"column":13},"end":{"line":9,"column":37}},"type":"binary-expr","locations":[{"start":{"line":9,"column":13},"end":{"line":9,"column":29}},{"start":{"line":9,"column":33},"end":{"line":9,"column":37}}]},"1":{"loc":{"start":{"line":36,"column":4},"end":{"line":46,"column":5}},"type":"if","locations":[{"start":{"line":36,"column":4},"end":{"line":46,"column":5}}]},"2":{"loc":{"start":{"line":36,"column":8},"end":{"line":36,"column":32}},"type":"binary-expr","locations":[{"start":{"line":36,"column":8},"end":{"line":36,"column":11}},{"start":{"line":36,"column":15},"end":{"line":36,"column":22}},{"start":{"line":36,"column":26},"end":{"line":36,"column":32}}]},"3":{"loc":{"start":{"line":49,"column":4},"end":{"line":59,"column":5}},"type":"if","locations":[{"start":{"line":49,"column":4},"end":{"line":59,"column":5}}]},"4":{"loc":{"start":{"line":64,"column":4},"end":{"line":74,"column":5}},"type":"if","locations":[{"start":{"line":64,"column":4},"end":{"line":74,"column":5}}]},"5":{"loc":{"start":{"line":78,"column":4},"end":{"line":169,"column":5}},"type":"if","locations":[{"start":{"line":78,"column":4},"end":{"line":169,"column":5}},{"start":{"line":116,"column":11},"end":{"line":169,"column":5}}]},"6":{"loc":{"start":{"line":83,"column":26},"end":{"line":85,"column":45}},"type":"cond-expr","locations":[{"start":{"line":84,"column":10},"end":{"line":84,"column":59}},{"start":{"line":85,"column":10},"end":{"line":85,"column":45}}]},"7":{"loc":{"start":{"line":116,"column":11},"end":{"line":169,"column":5}},"type":"if","locations":[{"start":{"line":116,"column":11},"end":{"line":169,"column":5}},{"start":{"line":159,"column":11},"end":{"line":169,"column":5}}]},"8":{"loc":{"start":{"line":121,"column":26},"end":{"line":123,"column":45}},"type":"cond-expr","locations":[{"start":{"line":122,"column":10},"end":{"line":122,"column":59}},{"start":{"line":123,"column":10},"end":{"line":123,"column":45}}]},"9":{"loc":{"start":{"line":202,"column":31},"end":{"line":202,"column":88}},"type":"cond-expr","locations":[{"start":{"line":202,"column":66},"end":{"line":202,"column":75}},{"start":{"line":202,"column":78},"end":{"line":202,"column":88}}]},"10":{"loc":{"start":{"line":203,"column":29},"end":{"line":203,"column":66}},"type":"binary-expr","locations":[{"start":{"line":203,"column":29},"end":{"line":203,"column":53}},{"start":{"line":203,"column":57},"end":{"line":203,"column":66}}]}},"s":{"0":0,"1":0,"2":0,"3":0,"4":0,"5":0,"6":0,"7":0,"8":0,"9":0,"10":0,"11":0,"12":0,"13":0,"14":0,"15":0,"16":0,"17":0,"18":0,"19":0,"20":0,"21":0,"22":0,"23":0,"24":0,"25":0,"26":0,"27":0,"28":0,"29":0,"30":0,"31":0,"32":0,"33":0,"34":0,"35":0,"36":0,"37":0,"38":0,"39":0,"40":0,"41":0,"42":0,"43":0,"44":0,"45":0,"46":0,"47":0,"48":0,"49":0,"50":0,"51":0},"f":{"0":0,"1":0,"2":0,"3":0},"b":{"0":[0,0],"1":[0],"2":[0,0,0],"3":[0],"4":[0],"5":[0,0],"6":[0,0],"7":[0,0],"8":[0,0],"9":[0,0],"10":[0,0]}}
,"C:\\Users\\karis\\hr-agent-bot\\src\\chatbot.ts": {"path":"C:\\Users\\karis\\hr-agent-bot\\src\\chatbot.ts","statementMap":{"0":{"start":{"line":1,"column":0},"end":{"line":1,"column":7}},"1":{"start":{"line":17,"column":0},"end":{"line":17,"column":7}},"2":{"start":{"line":2,"column":2},"end":{"line":4,"column":3}},"3":{"start":{"line":3,"column":4},"end":{"line":3,"column":58}},"4":{"start":{"line":6,"column":2},"end":{"line":8,"column":3}},"5":{"start":{"line":7,"column":4},"end":{"line":7,"column":79}},"6":{"start":{"line":10,"column":2},"end":{"line":12,"column":3}},"7":{"start":{"line":11,"column":4},"end":{"line":11,"column":82}},"8":{"start":{"line":14,"column":2},"end":{"line":14,"column":42}},"9":{"start":{"line":19,"column":2},"end":{"line":19,"column":9}}},"fnMap":{"0":{"name":"handleChatMessage","decl":{"start":{"line":1,"column":22},"end":{"line":1,"column":39}},"loc":{"start":{"line":1,"column":71},"end":{"line":15,"column":1}}},"1":{"name":"resetChatbotState","decl":{"start":{"line":17,"column":22},"end":{"line":17,"column":39}},"loc":{"start":{"line":17,"column":39},"end":{"line":20,"column":1}}}},"branchMap":{"0":{"loc":{"start":{"line":2,"column":2},"end":{"line":4,"column":3}},"type":"if","locations":[{"start":{"line":2,"column":2},"end":{"line":4,"column":3}}]},"1":{"loc":{"start":{"line":6,"column":2},"end":{"line":8,"column":3}},"type":"if","locations":[{"start":{"line":6,"column":2},"end":{"line":8,"column":3}}]},"2":{"loc":{"start":{"line":10,"column":2},"end":{"line":12,"column":3}},"type":"if","locations":[{"start":{"line":10,"column":2},"end":{"line":12,"column":3}}]}},"s":{"0":1,"1":1,"2":3,"3":1,"4":2,"5":1,"6":1,"7":1,"8":0,"9":0},"f":{"0":3,"1":0},"b":{"0":[1],"1":[1],"2":[1]}}
,"C:\\Users\\karis\\hr-agent-bot\\src\\controllers\\chatController.ts": {"path":"C:\\Users\\karis\\hr-agent-bot\\src\\controllers\\chatController.ts","statementMap":{"0":{"start":{"line":2,"column":0},"end":{"line":2,"column":50}},"1":{"start":{"line":3,"column":0},"end":{"line":3,"column":66}},"2":{"start":{"line":4,"column":0},"end":{"line":4,"column":48}},"3":{"start":{"line":5,"column":0},"end":{"line":5,"column":55}},"4":{"start":{"line":6,"column":0},"end":{"line":6,"column":53}},"5":{"start":{"line":8,"column":18},"end":{"line":8,"column":33}},"6":{"start":{"line":9,"column":26},"end":{"line":9,"column":49}},"7":{"start":{"line":12,"column":2},"end":{"line":12,"column":68}},"8":{"start":{"line":15,"column":25},"end":{"line":15,"column":69}},"9":{"start":{"line":16,"column":30},"end":{"line":16,"column":44}},"10":{"start":{"line":19,"column":16},"end":{"line":19,"column":37}},"11":{"start":{"line":20,"column":45},"end":{"line":35,"column":4}},"12":{"start":{"line":37,"column":2},"end":{"line":41,"column":3}},"13":{"start":{"line":38,"column":4},"end":{"line":40,"column":5}},"14":{"start":{"line":39,"column":6},"end":{"line":39,"column":18}},"15":{"start":{"line":43,"column":2},"end":{"line":45,"column":3}},"16":{"start":{"line":44,"column":4},"end":{"line":44,"column":23}},"17":{"start":{"line":47,"column":2},"end":{"line":49,"column":3}},"18":{"start":{"line":48,"column":4},"end":{"line":48,"column":20}},"19":{"start":{"line":51,"column":2},"end":{"line":51,"column":14}},"20":{"start":{"line":55,"column":18},"end":{"line":62,"column":11}},"21":{"start":{"line":64,"column":2},"end":{"line":66,"column":3}},"22":{"start":{"line":65,"column":4},"end":{"line":65,"column":16}},"23":{"start":{"line":68,"column":2},"end":{"line":68,"column":17}},"24":{"start":{"line":72,"column":23},"end":{"line":72,"column":67}},"25":{"start":{"line":73,"column":2},"end":{"line":78,"column":3}},"26":{"start":{"line":74,"column":20},"end":{"line":74,"column":48}},"27":{"start":{"line":75,"column":4},"end":{"line":77,"column":5}},"28":{"start":{"line":76,"column":6},"end":{"line":76,"column":21}},"29":{"start":{"line":80,"column":19},"end":{"line":80,"column":98}},"30":{"start":{"line":81,"column":2},"end":{"line":86,"column":3}},"31":{"start":{"line":82,"column":20},"end":{"line":82,"column":44}},"32":{"start":{"line":83,"column":4},"end":{"line":85,"column":5}},"33":{"start":{"line":84,"column":6},"end":{"line":84,"column":21}},"34":{"start":{"line":88,"column":16},"end":{"line":88,"column":37}},"35":{"start":{"line":89,"column":2},"end":{"line":91,"column":3}},"36":{"start":{"line":90,"column":4},"end":{"line":90,"column":29}},"37":{"start":{"line":92,"column":2},"end":{"line":94,"column":3}},"38":{"start":{"line":93,"column":4},"end":{"line":93,"column":26}},"39":{"start":{"line":95,"column":2},"end":{"line":97,"column":3}},"40":{"start":{"line":96,"column":4},"end":{"line":96,"column":20}},"41":{"start":{"line":99,"column":2},"end":{"line":99,"column":14}},"42":{"start":{"line":103,"column":2},"end":{"line":105,"column":3}},"43":{"start":{"line":104,"column":4},"end":{"line":104,"column":16}},"44":{"start":{"line":107,"column":23},"end":{"line":107,"column":43}},"45":{"start":{"line":108,"column":16},"end":{"line":108,"column":85}},"46":{"start":{"line":109,"column":2},"end":{"line":109,"column":34}},"47":{"start":{"line":114,"column":2},"end":{"line":114,"column":52}},"48":{"start":{"line":119,"column":2},"end":{"line":121,"column":3}},"49":{"start":{"line":120,"column":4},"end":{"line":120,"column":47}},"50":{"start":{"line":123,"column":2},"end":{"line":127,"column":5}},"51":{"start":{"line":141,"column":22},"end":{"line":141,"column":52}},"52":{"start":{"line":142,"column":23},"end":{"line":142,"column":56}},"53":{"start":{"line":143,"column":20},"end":{"line":143,"column":45}},"54":{"start":{"line":144,"column":17},"end":{"line":144,"column":39}},"55":{"start":{"line":146,"column":18},"end":{"line":146,"column":39}},"56":{"start":{"line":147,"column":16},"end":{"line":147,"column":60}},"57":{"start":{"line":149,"column":2},"end":{"line":153,"column":3}},"58":{"start":{"line":150,"column":4},"end":{"line":152,"column":72}},"59":{"start":{"line":155,"column":2},"end":{"line":157,"column":3}},"60":{"start":{"line":156,"column":4},"end":{"line":156,"column":24}},"61":{"start":{"line":159,"column":17},"end":{"line":159,"column":40}},"62":{"start":{"line":160,"column":2},"end":{"line":166,"column":3}},"63":{"start":{"line":161,"column":22},"end":{"line":161,"column":51}},"64":{"start":{"line":162,"column":20},"end":{"line":162,"column":47}},"65":{"start":{"line":163,"column":4},"end":{"line":165,"column":5}},"66":{"start":{"line":164,"column":6},"end":{"line":164,"column":65}},"67":{"start":{"line":168,"column":23},"end":{"line":168,"column":149}},"68":{"start":{"line":170,"column":2},"end":{"line":179,"column":4}},"69":{"start":{"line":183,"column":23},"end":{"line":183,"column":43}},"70":{"start":{"line":184,"column":2},"end":{"line":184,"column":68}},"71":{"start":{"line":197,"column":2},"end":{"line":211,"column":3}},"72":{"start":{"line":198,"column":4},"end":{"line":210,"column":5}},"73":{"start":{"line":199,"column":6},"end":{"line":199,"column":42}},"74":{"start":{"line":200,"column":6},"end":{"line":200,"column":33}},"75":{"start":{"line":201,"column":11},"end":{"line":210,"column":5}},"76":{"start":{"line":202,"column":6},"end":{"line":204,"column":7}},"77":{"start":{"line":203,"column":8},"end":{"line":203,"column":93}},"78":{"start":{"line":205,"column":11},"end":{"line":210,"column":5}},"79":{"start":{"line":206,"column":6},"end":{"line":206,"column":88}},"80":{"start":{"line":208,"column":6},"end":{"line":208,"column":42}},"81":{"start":{"line":209,"column":6},"end":{"line":209,"column":31}},"82":{"start":{"line":213,"column":2},"end":{"line":215,"column":3}},"83":{"start":{"line":214,"column":4},"end":{"line":214,"column":33}},"84":{"start":{"line":217,"column":2},"end":{"line":219,"column":3}},"85":{"start":{"line":218,"column":4},"end":{"line":218,"column":32}},"86":{"start":{"line":221,"column":2},"end":{"line":223,"column":3}},"87":{"start":{"line":222,"column":4},"end":{"line":222,"column":49}},"88":{"start":{"line":225,"column":2},"end":{"line":225,"column":17}},"89":{"start":{"line":236,"column":2},"end":{"line":238,"column":3}},"90":{"start":{"line":237,"column":4},"end":{"line":237,"column":47}},"91":{"start":{"line":240,"column":23},"end":{"line":240,"column":61}},"92":{"start":{"line":241,"column":18},"end":{"line":241,"column":54}},"93":{"start":{"line":244,"column":16},"end":{"line":244,"column":26}},"94":{"start":{"line":245,"column":2},"end":{"line":245,"column":29}},"95":{"start":{"line":246,"column":22},"end":{"line":246,"column":49}},"96":{"start":{"line":247,"column":2},"end":{"line":247,"column":35}},"97":{"start":{"line":249,"column":2},"end":{"line":254,"column":5}},"98":{"start":{"line":256,"column":2},"end":{"line":265,"column":5}},"99":{"start":{"line":258,"column":4},"end":{"line":258,"column":49}},"100":{"start":{"line":259,"column":4},"end":{"line":264,"column":6}},"101":{"start":{"line":268,"column":23},"end":{"line":271,"column":null}},"102":{"start":{"line":274,"column":2},"end":{"line":281,"column":3}},"103":{"start":{"line":276,"column":4},"end":{"line":280,"column":6}},"104":{"start":{"line":284,"column":2},"end":{"line":284,"column":65}},"105":{"start":{"line":285,"column":21},"end":{"line":292,"column":4}},"106":{"start":{"line":293,"column":2},"end":{"line":293,"column":81}},"107":{"start":{"line":295,"column":2},"end":{"line":295,"column":63}},"108":{"start":{"line":299,"column":2},"end":{"line":301,"column":3}},"109":{"start":{"line":300,"column":4},"end":{"line":300,"column":32}},"110":{"start":{"line":303,"column":2},"end":{"line":306,"column":3}},"111":{"start":{"line":304,"column":22},"end":{"line":304,"column":140}},"112":{"start":{"line":305,"column":4},"end":{"line":305,"column":44}},"113":{"start":{"line":308,"column":2},"end":{"line":308,"column":14}},"114":{"start":{"line":316,"column":24},"end":{"line":316,"column":54}},"115":{"start":{"line":317,"column":2},"end":{"line":319,"column":3}},"116":{"start":{"line":318,"column":4},"end":{"line":318,"column":17}},"117":{"start":{"line":321,"column":2},"end":{"line":343,"column":3}},"118":{"start":{"line":322,"column":22},"end":{"line":322,"column":60}},"119":{"start":{"line":323,"column":20},"end":{"line":323,"column":106}},"120":{"start":{"line":325,"column":4},"end":{"line":340,"column":5}},"121":{"start":{"line":326,"column":25},"end":{"line":326,"column":101}},"122":{"start":{"line":326,"column":45},"end":{"line":326,"column":100}},"123":{"start":{"line":327,"column":23},"end":{"line":332,"column":62}},"124":{"start":{"line":334,"column":6},"end":{"line":338,"column":9}},"125":{"start":{"line":339,"column":6},"end":{"line":339,"column":18}},"126":{"start":{"line":342,"column":4},"end":{"line":342,"column":56}},"127":{"start":{"line":345,"column":2},"end":{"line":345,"column":15}},"128":{"start":{"line":355,"column":26},"end":{"line":355,"column":93}},"129":{"start":{"line":356,"column":24},"end":{"line":356,"column":28}},"130":{"start":{"line":358,"column":2},"end":{"line":377,"column":3}},"131":{"start":{"line":359,"column":25},"end":{"line":359,"column":79}},"132":{"start":{"line":360,"column":23},"end":{"line":360,"column":89}},"133":{"start":{"line":361,"column":4},"end":{"line":368,"column":6}},"134":{"start":{"line":370,"column":4},"end":{"line":370,"column":46}},"135":{"start":{"line":371,"column":4},"end":{"line":376,"column":5}},"136":{"start":{"line":372,"column":6},"end":{"line":375,"column":8}},"137":{"start":{"line":379,"column":2},"end":{"line":381,"column":3}},"138":{"start":{"line":380,"column":4},"end":{"line":380,"column":48}},"139":{"start":{"line":383,"column":2},"end":{"line":397,"column":3}},"140":{"start":{"line":384,"column":25},"end":{"line":384,"column":45}},"141":{"start":{"line":385,"column":25},"end":{"line":387,"column":27}},"142":{"start":{"line":389,"column":4},"end":{"line":395,"column":7}},"143":{"start":{"line":396,"column":4},"end":{"line":396,"column":16}},"144":{"start":{"line":399,"column":2},"end":{"line":423,"column":3}},"145":{"start":{"line":400,"column":4},"end":{"line":400,"column":56}},"146":{"start":{"line":401,"column":4},"end":{"line":403,"column":5}},"147":{"start":{"line":402,"column":6},"end":{"line":402,"column":18}},"148":{"start":{"line":404,"column":42},"end":{"line":404,"column":52}},"149":{"start":{"line":405,"column":4},"end":{"line":405,"column":78}},"150":{"start":{"line":407,"column":18},"end":{"line":413,"column":39}},"151":{"start":{"line":415,"column":4},"end":{"line":421,"column":7}},"152":{"start":{"line":422,"column":4},"end":{"line":422,"column":16}},"153":{"start":{"line":425,"column":24},"end":{"line":438,"column":47}},"154":{"start":{"line":440,"column":2},"end":{"line":444,"column":5}},"155":{"start":{"line":445,"column":2},"end":{"line":445,"column":14}},"156":{"start":{"line":455,"column":26},"end":{"line":455,"column":93}},"157":{"start":{"line":456,"column":24},"end":{"line":456,"column":28}},"158":{"start":{"line":458,"column":2},"end":{"line":473,"column":3}},"159":{"start":{"line":459,"column":4},"end":{"line":464,"column":6}},"160":{"start":{"line":466,"column":4},"end":{"line":466,"column":44}},"161":{"start":{"line":467,"column":4},"end":{"line":472,"column":5}},"162":{"start":{"line":468,"column":6},"end":{"line":471,"column":8}},"163":{"start":{"line":475,"column":2},"end":{"line":494,"column":3}},"164":{"start":{"line":476,"column":4},"end":{"line":476,"column":56}},"165":{"start":{"line":477,"column":4},"end":{"line":477,"column":72}},"166":{"start":{"line":479,"column":18},"end":{"line":484,"column":39}},"167":{"start":{"line":486,"column":4},"end":{"line":492,"column":7}},"168":{"start":{"line":493,"column":4},"end":{"line":493,"column":16}},"169":{"start":{"line":496,"column":24},"end":{"line":503,"column":44}},"170":{"start":{"line":505,"column":2},"end":{"line":509,"column":5}},"171":{"start":{"line":510,"column":2},"end":{"line":510,"column":14}},"172":{"start":{"line":513,"column":30},"end":{"line":1259,"column":1}},"173":{"start":{"line":514,"column":2},"end":{"line":1258,"column":3}},"174":{"start":{"line":515,"column":97},"end":{"line":515,"column":105}},"175":{"start":{"line":517,"column":4},"end":{"line":519,"column":5}},"176":{"start":{"line":518,"column":6},"end":{"line":518,"column":68}},"177":{"start":{"line":521,"column":4},"end":{"line":521,"column":45}},"178":{"start":{"line":523,"column":22},"end":{"line":523,"column":39}},"179":{"start":{"line":525,"column":4},"end":{"line":531,"column":5}},"180":{"start":{"line":526,"column":22},"end":{"line":526,"column":42}},"181":{"start":{"line":527,"column":6},"end":{"line":530,"column":7}},"182":{"start":{"line":528,"column":8},"end":{"line":528,"column":56}},"183":{"start":{"line":529,"column":8},"end":{"line":529,"column":70}},"184":{"start":{"line":533,"column":41},"end":{"line":533,"column":121}},"185":{"start":{"line":534,"column":37},"end":{"line":534,"column":109}},"186":{"start":{"line":535,"column":30},"end":{"line":535,"column":109}},"187":{"start":{"line":537,"column":25},"end":{"line":537,"column":46}},"188":{"start":{"line":538,"column":19},"end":{"line":538,"column":21}},"189":{"start":{"line":541,"column":4},"end":{"line":543,"column":5}},"190":{"start":{"line":542,"column":6},"end":{"line":542,"column":65}},"191":{"start":{"line":546,"column":4},"end":{"line":586,"column":5}},"192":{"start":{"line":548,"column":20},"end":{"line":548,"column":57}},"193":{"start":{"line":550,"column":6},"end":{"line":585,"column":7}},"194":{"start":{"line":552,"column":8},"end":{"line":552,"column":54}},"195":{"start":{"line":553,"column":8},"end":{"line":553,"column":58}},"196":{"start":{"line":555,"column":8},"end":{"line":563,"column":21}},"197":{"start":{"line":565,"column":8},"end":{"line":569,"column":11}},"198":{"start":{"line":572,"column":8},"end":{"line":572,"column":51}},"199":{"start":{"line":574,"column":8},"end":{"line":578,"column":36}},"200":{"start":{"line":580,"column":8},"end":{"line":584,"column":11}},"201":{"start":{"line":589,"column":4},"end":{"line":622,"column":5}},"202":{"start":{"line":590,"column":20},"end":{"line":590,"column":57}},"203":{"start":{"line":592,"column":6},"end":{"line":621,"column":7}},"204":{"start":{"line":593,"column":8},"end":{"line":593,"column":54}},"205":{"start":{"line":594,"column":8},"end":{"line":594,"column":58}},"206":{"start":{"line":596,"column":8},"end":{"line":604,"column":21}},"207":{"start":{"line":606,"column":8},"end":{"line":610,"column":11}},"208":{"start":{"line":612,"column":8},"end":{"line":614,"column":60}},"209":{"start":{"line":616,"column":8},"end":{"line":620,"column":11}},"210":{"start":{"line":625,"column":4},"end":{"line":631,"column":5}},"211":{"start":{"line":626,"column":22},"end":{"line":626,"column":42}},"212":{"start":{"line":627,"column":6},"end":{"line":630,"column":7}},"213":{"start":{"line":628,"column":8},"end":{"line":628,"column":56}},"214":{"start":{"line":629,"column":8},"end":{"line":629,"column":70}},"215":{"start":{"line":633,"column":32},"end":{"line":633,"column":80}},"216":{"start":{"line":634,"column":25},"end":{"line":634,"column":101}},"217":{"start":{"line":636,"column":4},"end":{"line":691,"column":5}},"218":{"start":{"line":637,"column":26},"end":{"line":637,"column":66}},"219":{"start":{"line":639,"column":6},"end":{"line":682,"column":7}},"220":{"start":{"line":640,"column":8},"end":{"line":675,"column":9}},"221":{"start":{"line":641,"column":10},"end":{"line":654,"column":11}},"222":{"start":{"line":642,"column":12},"end":{"line":653,"column":15}},"223":{"start":{"line":656,"column":10},"end":{"line":668,"column":11}},"224":{"start":{"line":657,"column":12},"end":{"line":667,"column":15}},"225":{"start":{"line":670,"column":10},"end":{"line":674,"column":13}},"226":{"start":{"line":677,"column":8},"end":{"line":681,"column":11}},"227":{"start":{"line":684,"column":6},"end":{"line":690,"column":7}},"228":{"start":{"line":685,"column":8},"end":{"line":689,"column":11}},"229":{"start":{"line":693,"column":4},"end":{"line":868,"column":5}},"230":{"start":{"line":694,"column":22},"end":{"line":694,"column":41}},"231":{"start":{"line":695,"column":27},"end":{"line":695,"column":153}},"232":{"start":{"line":697,"column":6},"end":{"line":710,"column":7}},"233":{"start":{"line":698,"column":8},"end":{"line":698,"column":77}},"234":{"start":{"line":700,"column":8},"end":{"line":709,"column":9}},"235":{"start":{"line":701,"column":26},"end":{"line":701,"column":101}},"236":{"start":{"line":702,"column":10},"end":{"line":704,"column":11}},"237":{"start":{"line":703,"column":12},"end":{"line":703,"column":19}},"238":{"start":{"line":705,"column":15},"end":{"line":709,"column":9}},"239":{"start":{"line":706,"column":10},"end":{"line":708,"column":11}},"240":{"start":{"line":707,"column":12},"end":{"line":707,"column":19}},"241":{"start":{"line":712,"column":6},"end":{"line":867,"column":7}},"242":{"start":{"line":714,"column":8},"end":{"line":714,"column":59}},"243":{"start":{"line":716,"column":8},"end":{"line":837,"column":9}},"244":{"start":{"line":717,"column":10},"end":{"line":794,"column":11}},"245":{"start":{"line":718,"column":32},"end":{"line":718,"column":114}},"246":{"start":{"line":720,"column":12},"end":{"line":785,"column":13}},"247":{"start":{"line":721,"column":14},"end":{"line":736,"column":32}},"248":{"start":{"line":737,"column":19},"end":{"line":785,"column":13}},"249":{"start":{"line":738,"column":34},"end":{"line":738,"column":66}},"250":{"start":{"line":739,"column":14},"end":{"line":742,"column":17}},"251":{"start":{"line":744,"column":14},"end":{"line":758,"column":67}},"252":{"start":{"line":761,"column":14},"end":{"line":768,"column":17}},"253":{"start":{"line":770,"column":14},"end":{"line":777,"column":70}},"254":{"start":{"line":779,"column":14},"end":{"line":784,"column":17}},"255":{"start":{"line":787,"column":12},"end":{"line":787,"column":57}},"256":{"start":{"line":788,"column":12},"end":{"line":788,"column":96}},"257":{"start":{"line":789,"column":12},"end":{"line":793,"column":15}},"258":{"start":{"line":795,"column":15},"end":{"line":837,"column":9}},"259":{"start":{"line":797,"column":10},"end":{"line":836,"column":11}},"260":{"start":{"line":798,"column":30},"end":{"line":798,"column":68}},"261":{"start":{"line":799,"column":31},"end":{"line":804,"column":14}},"262":{"start":{"line":806,"column":30},"end":{"line":806,"column":81}},"263":{"start":{"line":807,"column":12},"end":{"line":812,"column":15}},"264":{"start":{"line":814,"column":12},"end":{"line":820,"column":70}},"265":{"start":{"line":822,"column":12},"end":{"line":827,"column":15}},"266":{"start":{"line":829,"column":12},"end":{"line":829,"column":55}},"267":{"start":{"line":830,"column":12},"end":{"line":830,"column":94}},"268":{"start":{"line":831,"column":12},"end":{"line":835,"column":15}},"269":{"start":{"line":838,"column":13},"end":{"line":867,"column":7}},"270":{"start":{"line":840,"column":8},"end":{"line":840,"column":59}},"271":{"start":{"line":841,"column":8},"end":{"line":846,"column":22}},"272":{"start":{"line":848,"column":8},"end":{"line":852,"column":11}},"273":{"start":{"line":855,"column":8},"end":{"line":860,"column":26}},"274":{"start":{"line":862,"column":8},"end":{"line":866,"column":11}},"275":{"start":{"line":870,"column":4},"end":{"line":876,"column":5}},"276":{"start":{"line":871,"column":6},"end":{"line":875,"column":9}},"277":{"start":{"line":879,"column":4},"end":{"line":896,"column":5}},"278":{"start":{"line":880,"column":22},"end":{"line":880,"column":63}},"279":{"start":{"line":882,"column":6},"end":{"line":888,"column":57}},"280":{"start":{"line":890,"column":6},"end":{"line":894,"column":9}},"281":{"start":{"line":895,"column":6},"end":{"line":895,"column":13}},"282":{"start":{"line":899,"column":33},"end":{"line":899,"column":82}},"283":{"start":{"line":900,"column":4},"end":{"line":984,"column":5}},"284":{"start":{"line":903,"column":6},"end":{"line":946,"column":7}},"285":{"start":{"line":907,"column":29},"end":{"line":907,"column":54}},"286":{"start":{"line":908,"column":28},"end":{"line":908,"column":52}},"287":{"start":{"line":909,"column":28},"end":{"line":909,"column":30}},"288":{"start":{"line":911,"column":8},"end":{"line":923,"column":9}},"289":{"start":{"line":912,"column":10},"end":{"line":912,"column":167}},"290":{"start":{"line":913,"column":15},"end":{"line":923,"column":9}},"291":{"start":{"line":914,"column":28},"end":{"line":914,"column":70}},"292":{"start":{"line":915,"column":27},"end":{"line":915,"column":78}},"293":{"start":{"line":916,"column":10},"end":{"line":916,"column":158}},"294":{"start":{"line":919,"column":29},"end":{"line":919,"column":178}},"295":{"start":{"line":920,"column":10},"end":{"line":922,"column":11}},"296":{"start":{"line":921,"column":12},"end":{"line":921,"column":98}},"297":{"start":{"line":926,"column":8},"end":{"line":932,"column":85}},"298":{"start":{"line":935,"column":8},"end":{"line":938,"column":11}},"299":{"start":{"line":940,"column":8},"end":{"line":944,"column":11}},"300":{"start":{"line":945,"column":8},"end":{"line":945,"column":15}},"301":{"start":{"line":949,"column":29},"end":{"line":949,"column":91}},"302":{"start":{"line":950,"column":6},"end":{"line":983,"column":7}},"303":{"start":{"line":952,"column":28},"end":{"line":952,"column":139}},"304":{"start":{"line":953,"column":29},"end":{"line":953,"column":81}},"305":{"start":{"line":955,"column":8},"end":{"line":982,"column":9}},"306":{"start":{"line":957,"column":10},"end":{"line":959,"column":11}},"307":{"start":{"line":958,"column":12},"end":{"line":958,"column":19}},"308":{"start":{"line":960,"column":10},"end":{"line":960,"column":62}},"309":{"start":{"line":963,"column":10},"end":{"line":963,"column":66}},"310":{"start":{"line":964,"column":10},"end":{"line":964,"column":82}},"311":{"start":{"line":966,"column":10},"end":{"line":972,"column":39}},"312":{"start":{"line":974,"column":10},"end":{"line":980,"column":13}},"313":{"start":{"line":981,"column":10},"end":{"line":981,"column":17}},"314":{"start":{"line":987,"column":4},"end":{"line":993,"column":5}},"315":{"start":{"line":988,"column":6},"end":{"line":992,"column":9}},"316":{"start":{"line":995,"column":19},"end":{"line":995,"column":50}},"317":{"start":{"line":998,"column":4},"end":{"line":998,"column":60}},"318":{"start":{"line":1000,"column":4},"end":{"line":1245,"column":5}},"319":{"start":{"line":1002,"column":32},"end":{"line":1002,"column":60}},"320":{"start":{"line":1003,"column":29},"end":{"line":1003,"column":71}},"321":{"start":{"line":1005,"column":8},"end":{"line":1014,"column":9}},"322":{"start":{"line":1006,"column":31},"end":{"line":1006,"column":53}},"323":{"start":{"line":1007,"column":31},"end":{"line":1009,"column":33}},"324":{"start":{"line":1010,"column":10},"end":{"line":1012,"column":40}},"325":{"start":{"line":1013,"column":10},"end":{"line":1013,"column":16}},"326":{"start":{"line":1016,"column":8},"end":{"line":1023,"column":9}},"327":{"start":{"line":1017,"column":10},"end":{"line":1021,"column":34}},"328":{"start":{"line":1022,"column":10},"end":{"line":1022,"column":16}},"329":{"start":{"line":1025,"column":29},"end":{"line":1025,"column":79}},"330":{"start":{"line":1026,"column":26},"end":{"line":1026,"column":48}},"331":{"start":{"line":1027,"column":24},"end":{"line":1027,"column":57}},"332":{"start":{"line":1029,"column":8},"end":{"line":1032,"column":9}},"333":{"start":{"line":1030,"column":10},"end":{"line":1030,"column":128}},"334":{"start":{"line":1031,"column":10},"end":{"line":1031,"column":16}},"335":{"start":{"line":1034,"column":8},"end":{"line":1034,"column":68}},"336":{"start":{"line":1035,"column":8},"end":{"line":1035,"column":126}},"337":{"start":{"line":1037,"column":29},"end":{"line":1037,"column":104}},"338":{"start":{"line":1038,"column":8},"end":{"line":1044,"column":9}},"339":{"start":{"line":1039,"column":27},"end":{"line":1039,"column":60}},"340":{"start":{"line":1040,"column":10},"end":{"line":1042,"column":68}},"341":{"start":{"line":1043,"column":10},"end":{"line":1043,"column":16}},"342":{"start":{"line":1046,"column":8},"end":{"line":1048,"column":9}},"343":{"start":{"line":1047,"column":10},"end":{"line":1047,"column":17}},"344":{"start":{"line":1050,"column":46},"end":{"line":1050,"column":58}},"345":{"start":{"line":1051,"column":34},"end":{"line":1051,"column":153}},"346":{"start":{"line":1052,"column":34},"end":{"line":1054,"column":15}},"347":{"start":{"line":1055,"column":30},"end":{"line":1055,"column":134}},"348":{"start":{"line":1057,"column":8},"end":{"line":1057,"column":82}},"349":{"start":{"line":1059,"column":8},"end":{"line":1066,"column":52}},"350":{"start":{"line":1068,"column":8},"end":{"line":1074,"column":11}},"351":{"start":{"line":1075,"column":8},"end":{"line":1075,"column":15}},"352":{"start":{"line":1077,"column":8},"end":{"line":1077,"column":14}},"353":{"start":{"line":1081,"column":27},"end":{"line":1081,"column":53}},"354":{"start":{"line":1083,"column":8},"end":{"line":1117,"column":9}},"355":{"start":{"line":1085,"column":10},"end":{"line":1085,"column":62}},"356":{"start":{"line":1086,"column":10},"end":{"line":1086,"column":78}},"357":{"start":{"line":1088,"column":10},"end":{"line":1093,"column":39}},"358":{"start":{"line":1095,"column":10},"end":{"line":1101,"column":13}},"359":{"start":{"line":1102,"column":10},"end":{"line":1102,"column":17}},"360":{"start":{"line":1103,"column":15},"end":{"line":1117,"column":9}},"361":{"start":{"line":1105,"column":10},"end":{"line":1105,"column":185}},"362":{"start":{"line":1106,"column":15},"end":{"line":1117,"column":9}},"363":{"start":{"line":1108,"column":10},"end":{"line":1108,"column":192}},"364":{"start":{"line":1111,"column":10},"end":{"line":1116,"column":99}},"365":{"start":{"line":1118,"column":8},"end":{"line":1118,"column":14}},"366":{"start":{"line":1121,"column":8},"end":{"line":1139,"column":76}},"367":{"start":{"line":1140,"column":8},"end":{"line":1140,"column":14}},"368":{"start":{"line":1143,"column":8},"end":{"line":1160,"column":46}},"369":{"start":{"line":1161,"column":8},"end":{"line":1161,"column":14}},"370":{"start":{"line":1164,"column":8},"end":{"line":1189,"column":45}},"371":{"start":{"line":1190,"column":8},"end":{"line":1190,"column":14}},"372":{"start":{"line":1194,"column":37},"end":{"line":1194,"column":85}},"373":{"start":{"line":1195,"column":8},"end":{"line":1217,"column":9}},"374":{"start":{"line":1196,"column":10},"end":{"line":1198,"column":11}},"375":{"start":{"line":1197,"column":12},"end":{"line":1197,"column":19}},"376":{"start":{"line":1199,"column":10},"end":{"line":1199,"column":90}},"377":{"start":{"line":1201,"column":10},"end":{"line":1207,"column":39}},"378":{"start":{"line":1209,"column":10},"end":{"line":1215,"column":13}},"379":{"start":{"line":1216,"column":10},"end":{"line":1216,"column":17}},"380":{"start":{"line":1219,"column":35},"end":{"line":1219,"column":61}},"381":{"start":{"line":1220,"column":8},"end":{"line":1239,"column":9}},"382":{"start":{"line":1221,"column":10},"end":{"line":1221,"column":78}},"383":{"start":{"line":1222,"column":10},"end":{"line":1222,"column":86}},"384":{"start":{"line":1224,"column":10},"end":{"line":1229,"column":39}},"385":{"start":{"line":1231,"column":10},"end":{"line":1237,"column":13}},"386":{"start":{"line":1238,"column":10},"end":{"line":1238,"column":17}},"387":{"start":{"line":1242,"column":36},"end":{"line":1242,"column":75}},"388":{"start":{"line":1243,"column":8},"end":{"line":1243,"column":93}},"389":{"start":{"line":1244,"column":8},"end":{"line":1244,"column":14}},"390":{"start":{"line":1247,"column":4},"end":{"line":1251,"column":7}},"391":{"start":{"line":1254,"column":4},"end":{"line":1254,"column":51}},"392":{"start":{"line":1255,"column":4},"end":{"line":1257,"column":7}},"393":{"start":{"line":513,"column":13},"end":{"line":513,"column":30}},"394":{"start":{"line":1261,"column":0},"end":{"line":1261,"column":30}}},"fnMap":{"0":{"name":"getSessionId","decl":{"start":{"line":11,"column":9},"end":{"line":11,"column":21}},"loc":{"start":{"line":11,"column":34},"end":{"line":13,"column":1}}},"1":{"name":"extractLeaveType","decl":{"start":{"line":18,"column":9},"end":{"line":18,"column":25}},"loc":{"start":{"line":18,"column":41},"end":{"line":52,"column":1}}},"2":{"name":"cleanReason","decl":{"start":{"line":54,"column":9},"end":{"line":54,"column":20}},"loc":{"start":{"line":54,"column":35},"end":{"line":69,"column":1}}},"3":{"name":"extractReason","decl":{"start":{"line":71,"column":9},"end":{"line":71,"column":22}},"loc":{"start":{"line":71,"column":38},"end":{"line":100,"column":1}}},"4":{"name":"calculateWorkingDays","decl":{"start":{"line":102,"column":9},"end":{"line":102,"column":29}},"loc":{"start":{"line":102,"column":97},"end":{"line":110,"column":1}}},"5":{"name":"extractWfhDetails","decl":{"start":{"line":113,"column":9},"end":{"line":113,"column":26}},"loc":{"start":{"line":113,"column":42},"end":{"line":115,"column":1}}},"6":{"name":"processWfhRequest","decl":{"start":{"line":118,"column":15},"end":{"line":118,"column":32}},"loc":{"start":{"line":118,"column":117},"end":{"line":128,"column":1}}},"7":{"name":"extractLeaveDetails","decl":{"start":{"line":131,"column":9},"end":{"line":131,"column":28}},"loc":{"start":{"line":131,"column":44},"end":{"line":180,"column":1}}},"8":{"name":"calculateInclusiveDays","decl":{"start":{"line":182,"column":9},"end":{"line":182,"column":31}},"loc":{"start":{"line":182,"column":74},"end":{"line":185,"column":1}}},"9":{"name":"applyLeaveDefaults","decl":{"start":{"line":187,"column":9},"end":{"line":187,"column":27}},"loc":{"start":{"line":196,"column":1},"end":{"line":226,"column":1}}},"10":{"name":"processLeaveRequest","decl":{"start":{"line":229,"column":15},"end":{"line":229,"column":34}},"loc":{"start":{"line":235,"column":21},"end":{"line":296,"column":1}}},"11":{"name":"getRequestedLeaveDays","decl":{"start":{"line":298,"column":9},"end":{"line":298,"column":30}},"loc":{"start":{"line":298,"column":152},"end":{"line":309,"column":1}}},"12":{"name":"enforceLeaveBalance","decl":{"start":{"line":311,"column":15},"end":{"line":311,"column":34}},"loc":{"start":{"line":314,"column":15},"end":{"line":346,"column":1}}},"13":{"name":"(anonymous_14)","decl":{"start":{"line":326,"column":25},"end":{"line":326,"column":26}},"loc":{"start":{"line":326,"column":45},"end":{"line":326,"column":100}}},"14":{"name":"handleLeaveEditRequest","decl":{"start":{"line":348,"column":15},"end":{"line":348,"column":37}},"loc":{"start":{"line":353,"column":15},"end":{"line":446,"column":1}}},"15":{"name":"handleWfhEditRequest","decl":{"start":{"line":448,"column":9},"end":{"line":448,"column":29}},"loc":{"start":{"line":453,"column":15},"end":{"line":511,"column":1}}},"16":{"name":"(anonymous_17)","decl":{"start":{"line":513,"column":30},"end":{"line":513,"column":35}},"loc":{"start":{"line":513,"column":68},"end":{"line":1259,"column":1}}}},"branchMap":{"0":{"loc":{"start":{"line":12,"column":9},"end":{"line":12,"column":67}},"type":"binary-expr","locations":[{"start":{"line":12,"column":9},"end":{"line":12,"column":46}},{"start":{"line":12,"column":50},"end":{"line":12,"column":67}}]},"1":{"loc":{"start":{"line":38,"column":4},"end":{"line":40,"column":5}},"type":"if","locations":[{"start":{"line":38,"column":4},"end":{"line":40,"column":5}}]},"2":{"loc":{"start":{"line":43,"column":2},"end":{"line":45,"column":3}},"type":"if","locations":[{"start":{"line":43,"column":2},"end":{"line":45,"column":3}}]},"3":{"loc":{"start":{"line":47,"column":2},"end":{"line":49,"column":3}},"type":"if","locations":[{"start":{"line":47,"column":2},"end":{"line":49,"column":3}}]},"4":{"loc":{"start":{"line":64,"column":2},"end":{"line":66,"column":3}},"type":"if","locations":[{"start":{"line":64,"column":2},"end":{"line":66,"column":3}}]},"5":{"loc":{"start":{"line":73,"column":2},"end":{"line":78,"column":3}},"type":"if","locations":[{"start":{"line":73,"column":2},"end":{"line":78,"column":3}}]},"6":{"loc":{"start":{"line":75,"column":4},"end":{"line":77,"column":5}},"type":"if","locations":[{"start":{"line":75,"column":4},"end":{"line":77,"column":5}}]},"7":{"loc":{"start":{"line":81,"column":2},"end":{"line":86,"column":3}},"type":"if","locations":[{"start":{"line":81,"column":2},"end":{"line":86,"column":3}}]},"8":{"loc":{"start":{"line":83,"column":4},"end":{"line":85,"column":5}},"type":"if","locations":[{"start":{"line":83,"column":4},"end":{"line":85,"column":5}}]},"9":{"loc":{"start":{"line":89,"column":2},"end":{"line":91,"column":3}},"type":"if","locations":[{"start":{"line":89,"column":2},"end":{"line":91,"column":3}}]},"10":{"loc":{"start":{"line":92,"column":2},"end":{"line":94,"column":3}},"type":"if","locations":[{"start":{"line":92,"column":2},"end":{"line":94,"column":3}}]},"11":{"loc":{"start":{"line":95,"column":2},"end":{"line":97,"column":3}},"type":"if","locations":[{"start":{"line":95,"column":2},"end":{"line":97,"column":3}}]},"12":{"loc":{"start":{"line":102,"column":80},"end":{"line":102,"column":97}},"type":"default-arg","locations":[{"start":{"line":102,"column":92},"end":{"line":102,"column":97}}]},"13":{"loc":{"start":{"line":103,"column":2},"end":{"line":105,"column":3}},"type":"if","locations":[{"start":{"line":103,"column":2},"end":{"line":105,"column":3}}]},"14":{"loc":{"start":{"line":107,"column":23},"end":{"line":107,"column":43}},"type":"binary-expr","locations":[{"start":{"line":107,"column":23},"end":{"line":107,"column":30}},{"start":{"line":107,"column":34},"end":{"line":107,"column":43}}]},"15":{"loc":{"start":{"line":109,"column":9},"end":{"line":109,"column":33}},"type":"cond-expr","locations":[{"start":{"line":109,"column":21},"end":{"line":109,"column":26}},{"start":{"line":109,"column":29},"end":{"line":109,"column":33}}]},"16":{"loc":{"start":{"line":119,"column":2},"end":{"line":121,"column":3}},"type":"if","locations":[{"start":{"line":119,"column":2},"end":{"line":121,"column":3}}]},"17":{"loc":{"start":{"line":119,"column":6},"end":{"line":119,"column":38}},"type":"binary-expr","locations":[{"start":{"line":119,"column":6},"end":{"line":119,"column":19}},{"start":{"line":119,"column":23},"end":{"line":119,"column":38}}]},"18":{"loc":{"start":{"line":124,"column":18},"end":{"line":124,"column":56}},"type":"binary-expr","locations":[{"start":{"line":124,"column":18},"end":{"line":124,"column":38}},{"start":{"line":124,"column":42},"end":{"line":124,"column":56}}]},"19":{"loc":{"start":{"line":147,"column":16},"end":{"line":147,"column":60}},"type":"binary-expr","locations":[{"start":{"line":147,"column":16},"end":{"line":147,"column":35}},{"start":{"line":147,"column":39},"end":{"line":147,"column":60}}]},"20":{"loc":{"start":{"line":149,"column":2},"end":{"line":153,"column":3}},"type":"if","locations":[{"start":{"line":149,"column":2},"end":{"line":153,"column":3}}]},"21":{"loc":{"start":{"line":149,"column":6},"end":{"line":149,"column":94}},"type":"binary-expr","locations":[{"start":{"line":149,"column":6},"end":{"line":149,"column":15}},{"start":{"line":149,"column":19},"end":{"line":149,"column":44}},{"start":{"line":149,"column":49},"end":{"line":149,"column":57}},{"start":{"line":149,"column":61},"end":{"line":149,"column":93}}]},"22":{"loc":{"start":{"line":150,"column":14},"end":{"line":152,"column":71}},"type":"cond-expr","locations":[{"start":{"line":151,"column":8},"end":{"line":151,"column":17}},{"start":{"line":152,"column":8},"end":{"line":152,"column":71}}]},"23":{"loc":{"start":{"line":155,"column":2},"end":{"line":157,"column":3}},"type":"if","locations":[{"start":{"line":155,"column":2},"end":{"line":157,"column":3}}]},"24":{"loc":{"start":{"line":155,"column":6},"end":{"line":155,"column":27}},"type":"binary-expr","locations":[{"start":{"line":155,"column":6},"end":{"line":155,"column":15}},{"start":{"line":155,"column":19},"end":{"line":155,"column":27}}]},"25":{"loc":{"start":{"line":160,"column":2},"end":{"line":166,"column":3}},"type":"if","locations":[{"start":{"line":160,"column":2},"end":{"line":166,"column":3}}]},"26":{"loc":{"start":{"line":160,"column":6},"end":{"line":160,"column":26}},"type":"binary-expr","locations":[{"start":{"line":160,"column":6},"end":{"line":160,"column":15}},{"start":{"line":160,"column":19},"end":{"line":160,"column":26}}]},"27":{"loc":{"start":{"line":163,"column":4},"end":{"line":165,"column":5}},"type":"if","locations":[{"start":{"line":163,"column":4},"end":{"line":165,"column":5}}]},"28":{"loc":{"start":{"line":163,"column":8},"end":{"line":163,"column":81}},"type":"binary-expr","locations":[{"start":{"line":163,"column":8},"end":{"line":163,"column":32}},{"start":{"line":163,"column":36},"end":{"line":163,"column":58}},{"start":{"line":163,"column":62},"end":{"line":163,"column":81}}]},"29":{"loc":{"start":{"line":168,"column":23},"end":{"line":168,"column":149}},"type":"binary-expr","locations":[{"start":{"line":168,"column":23},"end":{"line":168,"column":112}},{"start":{"line":168,"column":116},"end":{"line":168,"column":141}},{"start":{"line":168,"column":145},"end":{"line":168,"column":149}}]},"30":{"loc":{"start":{"line":168,"column":44},"end":{"line":168,"column":61}},"type":"binary-expr","locations":[{"start":{"line":168,"column":44},"end":{"line":168,"column":53}},{"start":{"line":168,"column":57},"end":{"line":168,"column":61}}]},"31":{"loc":{"start":{"line":168,"column":63},"end":{"line":168,"column":78}},"type":"binary-expr","locations":[{"start":{"line":168,"column":63},"end":{"line":168,"column":70}},{"start":{"line":168,"column":74},"end":{"line":168,"column":78}}]},"32":{"loc":{"start":{"line":168,"column":80},"end":{"line":168,"column":111}},"type":"binary-expr","locations":[{"start":{"line":168,"column":80},"end":{"line":168,"column":102}},{"start":{"line":168,"column":106},"end":{"line":168,"column":111}}]},"33":{"loc":{"start":{"line":171,"column":15},"end":{"line":171,"column":32}},"type":"binary-expr","locations":[{"start":{"line":171,"column":15},"end":{"line":171,"column":24}},{"start":{"line":171,"column":28},"end":{"line":171,"column":32}}]},"34":{"loc":{"start":{"line":172,"column":13},"end":{"line":172,"column":41}},"type":"binary-expr","locations":[{"start":{"line":172,"column":13},"end":{"line":172,"column":20}},{"start":{"line":172,"column":24},"end":{"line":172,"column":33}},{"start":{"line":172,"column":37},"end":{"line":172,"column":41}}]},"35":{"loc":{"start":{"line":177,"column":15},"end":{"line":177,"column":61}},"type":"binary-expr","locations":[{"start":{"line":177,"column":15},"end":{"line":177,"column":37}},{"start":{"line":177,"column":41},"end":{"line":177,"column":61}}]},"36":{"loc":{"start":{"line":178,"column":12},"end":{"line":178,"column":67}},"type":"cond-expr","locations":[{"start":{"line":178,"column":28},"end":{"line":178,"column":55}},{"start":{"line":178,"column":58},"end":{"line":178,"column":67}}]},"37":{"loc":{"start":{"line":183,"column":23},"end":{"line":183,"column":43}},"type":"binary-expr","locations":[{"start":{"line":183,"column":23},"end":{"line":183,"column":30}},{"start":{"line":183,"column":34},"end":{"line":183,"column":43}}]},"38":{"loc":{"start":{"line":197,"column":2},"end":{"line":211,"column":3}},"type":"if","locations":[{"start":{"line":197,"column":2},"end":{"line":211,"column":3}}]},"39":{"loc":{"start":{"line":198,"column":4},"end":{"line":210,"column":5}},"type":"if","locations":[{"start":{"line":198,"column":4},"end":{"line":210,"column":5}},{"start":{"line":201,"column":11},"end":{"line":210,"column":5}}]},"40":{"loc":{"start":{"line":201,"column":11},"end":{"line":210,"column":5}},"type":"if","locations":[{"start":{"line":201,"column":11},"end":{"line":210,"column":5}},{"start":{"line":205,"column":11},"end":{"line":210,"column":5}}]},"41":{"loc":{"start":{"line":201,"column":15},"end":{"line":201,"column":63}},"type":"binary-expr","locations":[{"start":{"line":201,"column":15},"end":{"line":201,"column":35}},{"start":{"line":201,"column":39},"end":{"line":201,"column":63}}]},"42":{"loc":{"start":{"line":202,"column":6},"end":{"line":204,"column":7}},"type":"if","locations":[{"start":{"line":202,"column":6},"end":{"line":204,"column":7}}]},"43":{"loc":{"start":{"line":202,"column":10},"end":{"line":202,"column":67}},"type":"binary-expr","locations":[{"start":{"line":202,"column":10},"end":{"line":202,"column":26}},{"start":{"line":202,"column":30},"end":{"line":202,"column":67}}]},"44":{"loc":{"start":{"line":205,"column":11},"end":{"line":210,"column":5}},"type":"if","locations":[{"start":{"line":205,"column":11},"end":{"line":210,"column":5}},{"start":{"line":207,"column":11},"end":{"line":210,"column":5}}]},"45":{"loc":{"start":{"line":213,"column":2},"end":{"line":215,"column":3}},"type":"if","locations":[{"start":{"line":213,"column":2},"end":{"line":215,"column":3}}]},"46":{"loc":{"start":{"line":213,"column":6},"end":{"line":213,"column":45}},"type":"binary-expr","locations":[{"start":{"line":213,"column":6},"end":{"line":213,"column":24}},{"start":{"line":213,"column":28},"end":{"line":213,"column":45}}]},"47":{"loc":{"start":{"line":217,"column":2},"end":{"line":219,"column":3}},"type":"if","locations":[{"start":{"line":217,"column":2},"end":{"line":219,"column":3}}]},"48":{"loc":{"start":{"line":217,"column":6},"end":{"line":217,"column":59}},"type":"binary-expr","locations":[{"start":{"line":217,"column":6},"end":{"line":217,"column":21}},{"start":{"line":217,"column":25},"end":{"line":217,"column":59}}]},"49":{"loc":{"start":{"line":221,"column":2},"end":{"line":223,"column":3}},"type":"if","locations":[{"start":{"line":221,"column":2},"end":{"line":223,"column":3}}]},"50":{"loc":{"start":{"line":236,"column":2},"end":{"line":238,"column":3}},"type":"if","locations":[{"start":{"line":236,"column":2},"end":{"line":238,"column":3}}]},"51":{"loc":{"start":{"line":236,"column":6},"end":{"line":236,"column":46}},"type":"binary-expr","locations":[{"start":{"line":236,"column":6},"end":{"line":236,"column":24}},{"start":{"line":236,"column":28},"end":{"line":236,"column":46}}]},"52":{"loc":{"start":{"line":240,"column":23},"end":{"line":240,"column":61}},"type":"binary-expr","locations":[{"start":{"line":240,"column":23},"end":{"line":240,"column":43}},{"start":{"line":240,"column":47},"end":{"line":240,"column":61}}]},"53":{"loc":{"start":{"line":241,"column":18},"end":{"line":241,"column":54}},"type":"binary-expr","locations":[{"start":{"line":241,"column":18},"end":{"line":241,"column":33}},{"start":{"line":241,"column":37},"end":{"line":241,"column":54}}]},"54":{"loc":{"start":{"line":256,"column":2},"end":{"line":265,"column":5}},"type":"if","locations":[{"start":{"line":256,"column":2},"end":{"line":265,"column":5}}]},"55":{"loc":{"start":{"line":274,"column":2},"end":{"line":281,"column":3}},"type":"if","locations":[{"start":{"line":274,"column":2},"end":{"line":281,"column":3}}]},"56":{"loc":{"start":{"line":290,"column":12},"end":{"line":290,"column":40}},"type":"binary-expr","locations":[{"start":{"line":290,"column":12},"end":{"line":290,"column":26}},{"start":{"line":290,"column":30},"end":{"line":290,"column":40}}]},"57":{"loc":{"start":{"line":299,"column":2},"end":{"line":301,"column":3}},"type":"if","locations":[{"start":{"line":299,"column":2},"end":{"line":301,"column":3}}]},"58":{"loc":{"start":{"line":299,"column":6},"end":{"line":299,"column":74}},"type":"binary-expr","locations":[{"start":{"line":299,"column":6},"end":{"line":299,"column":46}},{"start":{"line":299,"column":50},"end":{"line":299,"column":74}}]},"59":{"loc":{"start":{"line":303,"column":2},"end":{"line":306,"column":3}},"type":"if","locations":[{"start":{"line":303,"column":2},"end":{"line":306,"column":3}}]},"60":{"loc":{"start":{"line":304,"column":75},"end":{"line":304,"column":111}},"type":"binary-expr","locations":[{"start":{"line":304,"column":75},"end":{"line":304,"column":90}},{"start":{"line":304,"column":94},"end":{"line":304,"column":111}}]},"61":{"loc":{"start":{"line":305,"column":11},"end":{"line":305,"column":43}},"type":"cond-expr","locations":[{"start":{"line":305,"column":27},"end":{"line":305,"column":36}},{"start":{"line":305,"column":39},"end":{"line":305,"column":43}}]},"62":{"loc":{"start":{"line":317,"column":2},"end":{"line":319,"column":3}},"type":"if","locations":[{"start":{"line":317,"column":2},"end":{"line":319,"column":3}}]},"63":{"loc":{"start":{"line":317,"column":6},"end":{"line":317,"column":64}},"type":"binary-expr","locations":[{"start":{"line":317,"column":6},"end":{"line":317,"column":20}},{"start":{"line":317,"column":24},"end":{"line":317,"column":42}},{"start":{"line":317,"column":46},"end":{"line":317,"column":64}}]},"64":{"loc":{"start":{"line":325,"column":4},"end":{"line":340,"column":5}},"type":"if","locations":[{"start":{"line":325,"column":4},"end":{"line":340,"column":5}}]},"65":{"loc":{"start":{"line":325,"column":8},"end":{"line":325,"column":48}},"type":"binary-expr","locations":[{"start":{"line":325,"column":8},"end":{"line":325,"column":15}},{"start":{"line":325,"column":19},"end":{"line":325,"column":48}}]},"66":{"loc":{"start":{"line":326,"column":45},"end":{"line":326,"column":100}},"type":"cond-expr","locations":[{"start":{"line":326,"column":71},"end":{"line":326,"column":81}},{"start":{"line":326,"column":84},"end":{"line":326,"column":100}}]},"67":{"loc":{"start":{"line":329,"column":49},"end":{"line":329,"column":79}},"type":"cond-expr","locations":[{"start":{"line":329,"column":71},"end":{"line":329,"column":73}},{"start":{"line":329,"column":76},"end":{"line":329,"column":79}}]},"68":{"loc":{"start":{"line":330,"column":53},"end":{"line":330,"column":87}},"type":"cond-expr","locations":[{"start":{"line":330,"column":79},"end":{"line":330,"column":81}},{"start":{"line":330,"column":84},"end":{"line":330,"column":87}}]},"69":{"loc":{"start":{"line":355,"column":26},"end":{"line":355,"column":93}},"type":"cond-expr","locations":[{"start":{"line":355,"column":75},"end":{"line":355,"column":86}},{"start":{"line":355,"column":89},"end":{"line":355,"column":93}}]},"70":{"loc":{"start":{"line":355,"column":26},"end":{"line":355,"column":72}},"type":"binary-expr","locations":[{"start":{"line":355,"column":26},"end":{"line":355,"column":37}},{"start":{"line":355,"column":41},"end":{"line":355,"column":72}}]},"71":{"loc":{"start":{"line":358,"column":2},"end":{"line":377,"column":3}},"type":"if","locations":[{"start":{"line":358,"column":2},"end":{"line":377,"column":3}},{"start":{"line":369,"column":9},"end":{"line":377,"column":3}}]},"72":{"loc":{"start":{"line":359,"column":25},"end":{"line":359,"column":79}},"type":"binary-expr","locations":[{"start":{"line":359,"column":25},"end":{"line":359,"column":50}},{"start":{"line":359,"column":54},"end":{"line":359,"column":79}}]},"73":{"loc":{"start":{"line":360,"column":23},"end":{"line":360,"column":89}},"type":"binary-expr","locations":[{"start":{"line":360,"column":23},"end":{"line":360,"column":46}},{"start":{"line":360,"column":50},"end":{"line":360,"column":62}},{"start":{"line":360,"column":66},"end":{"line":360,"column":89}}]},"74":{"loc":{"start":{"line":363,"column":17},"end":{"line":363,"column":71}},"type":"binary-expr","locations":[{"start":{"line":363,"column":17},"end":{"line":363,"column":42}},{"start":{"line":363,"column":46},"end":{"line":363,"column":71}}]},"75":{"loc":{"start":{"line":366,"column":14},"end":{"line":366,"column":76}},"type":"binary-expr","locations":[{"start":{"line":366,"column":14},"end":{"line":366,"column":36}},{"start":{"line":366,"column":40},"end":{"line":366,"column":62}},{"start":{"line":366,"column":66},"end":{"line":366,"column":76}}]},"76":{"loc":{"start":{"line":367,"column":20},"end":{"line":367,"column":57}},"type":"binary-expr","locations":[{"start":{"line":367,"column":20},"end":{"line":367,"column":48}},{"start":{"line":367,"column":52},"end":{"line":367,"column":57}}]},"77":{"loc":{"start":{"line":371,"column":4},"end":{"line":376,"column":5}},"type":"if","locations":[{"start":{"line":371,"column":4},"end":{"line":376,"column":5}}]},"78":{"loc":{"start":{"line":379,"column":2},"end":{"line":381,"column":3}},"type":"if","locations":[{"start":{"line":379,"column":2},"end":{"line":381,"column":3}}]},"79":{"loc":{"start":{"line":383,"column":2},"end":{"line":397,"column":3}},"type":"if","locations":[{"start":{"line":383,"column":2},"end":{"line":397,"column":3}}]},"80":{"loc":{"start":{"line":385,"column":25},"end":{"line":387,"column":27}},"type":"cond-expr","locations":[{"start":{"line":386,"column":8},"end":{"line":386,"column":81}},{"start":{"line":387,"column":8},"end":{"line":387,"column":27}}]},"81":{"loc":{"start":{"line":399,"column":2},"end":{"line":423,"column":3}},"type":"if","locations":[{"start":{"line":399,"column":2},"end":{"line":423,"column":3}}]},"82":{"loc":{"start":{"line":399,"column":6},"end":{"line":399,"column":64}},"type":"binary-expr","locations":[{"start":{"line":399,"column":6},"end":{"line":399,"column":16}},{"start":{"line":399,"column":20},"end":{"line":399,"column":40}},{"start":{"line":399,"column":44},"end":{"line":399,"column":64}}]},"83":{"loc":{"start":{"line":400,"column":24},"end":{"line":400,"column":55}},"type":"binary-expr","locations":[{"start":{"line":400,"column":24},"end":{"line":400,"column":41}},{"start":{"line":400,"column":45},"end":{"line":400,"column":55}}]},"84":{"loc":{"start":{"line":401,"column":4},"end":{"line":403,"column":5}},"type":"if","locations":[{"start":{"line":401,"column":4},"end":{"line":403,"column":5}}]},"85":{"loc":{"start":{"line":410,"column":41},"end":{"line":410,"column":157}},"type":"cond-expr","locations":[{"start":{"line":410,"column":121},"end":{"line":410,"column":152}},{"start":{"line":410,"column":155},"end":{"line":410,"column":157}}]},"86":{"loc":{"start":{"line":410,"column":41},"end":{"line":410,"column":118}},"type":"binary-expr","locations":[{"start":{"line":410,"column":41},"end":{"line":410,"column":63}},{"start":{"line":410,"column":67},"end":{"line":410,"column":118}}]},"87":{"loc":{"start":{"line":429,"column":38},"end":{"line":429,"column":158}},"type":"cond-expr","locations":[{"start":{"line":429,"column":121},"end":{"line":429,"column":153}},{"start":{"line":429,"column":156},"end":{"line":429,"column":158}}]},"88":{"loc":{"start":{"line":429,"column":38},"end":{"line":429,"column":118}},"type":"binary-expr","locations":[{"start":{"line":429,"column":38},"end":{"line":429,"column":61}},{"start":{"line":429,"column":65},"end":{"line":429,"column":118}}]},"89":{"loc":{"start":{"line":430,"column":12},"end":{"line":430,"column":48}},"type":"binary-expr","locations":[{"start":{"line":430,"column":12},"end":{"line":430,"column":34}},{"start":{"line":430,"column":38},"end":{"line":430,"column":48}}]},"90":{"loc":{"start":{"line":455,"column":26},"end":{"line":455,"column":93}},"type":"cond-expr","locations":[{"start":{"line":455,"column":75},"end":{"line":455,"column":86}},{"start":{"line":455,"column":89},"end":{"line":455,"column":93}}]},"91":{"loc":{"start":{"line":455,"column":26},"end":{"line":455,"column":72}},"type":"binary-expr","locations":[{"start":{"line":455,"column":26},"end":{"line":455,"column":37}},{"start":{"line":455,"column":41},"end":{"line":455,"column":72}}]},"92":{"loc":{"start":{"line":458,"column":2},"end":{"line":473,"column":3}},"type":"if","locations":[{"start":{"line":458,"column":2},"end":{"line":473,"column":3}},{"start":{"line":465,"column":9},"end":{"line":473,"column":3}}]},"93":{"loc":{"start":{"line":461,"column":12},"end":{"line":461,"column":56}},"type":"binary-expr","locations":[{"start":{"line":461,"column":12},"end":{"line":461,"column":32}},{"start":{"line":461,"column":36},"end":{"line":461,"column":56}}]},"94":{"loc":{"start":{"line":462,"column":14},"end":{"line":462,"column":76}},"type":"binary-expr","locations":[{"start":{"line":462,"column":14},"end":{"line":462,"column":36}},{"start":{"line":462,"column":40},"end":{"line":462,"column":62}},{"start":{"line":462,"column":66},"end":{"line":462,"column":76}}]},"95":{"loc":{"start":{"line":463,"column":20},"end":{"line":463,"column":57}},"type":"binary-expr","locations":[{"start":{"line":463,"column":20},"end":{"line":463,"column":48}},{"start":{"line":463,"column":52},"end":{"line":463,"column":57}}]},"96":{"loc":{"start":{"line":467,"column":4},"end":{"line":472,"column":5}},"type":"if","locations":[{"start":{"line":467,"column":4},"end":{"line":472,"column":5}}]},"97":{"loc":{"start":{"line":475,"column":2},"end":{"line":494,"column":3}},"type":"if","locations":[{"start":{"line":475,"column":2},"end":{"line":494,"column":3}}]},"98":{"loc":{"start":{"line":475,"column":6},"end":{"line":475,"column":35}},"type":"binary-expr","locations":[{"start":{"line":475,"column":6},"end":{"line":475,"column":16}},{"start":{"line":475,"column":20},"end":{"line":475,"column":35}}]},"99":{"loc":{"start":{"line":476,"column":24},"end":{"line":476,"column":55}},"type":"binary-expr","locations":[{"start":{"line":476,"column":24},"end":{"line":476,"column":41}},{"start":{"line":476,"column":45},"end":{"line":476,"column":55}}]},"100":{"loc":{"start":{"line":500,"column":12},"end":{"line":500,"column":48}},"type":"binary-expr","locations":[{"start":{"line":500,"column":12},"end":{"line":500,"column":34}},{"start":{"line":500,"column":38},"end":{"line":500,"column":48}}]},"101":{"loc":{"start":{"line":517,"column":4},"end":{"line":519,"column":5}},"type":"if","locations":[{"start":{"line":517,"column":4},"end":{"line":519,"column":5}}]},"102":{"loc":{"start":{"line":517,"column":8},"end":{"line":517,"column":47}},"type":"binary-expr","locations":[{"start":{"line":517,"column":8},"end":{"line":517,"column":16}},{"start":{"line":517,"column":20},"end":{"line":517,"column":47}}]},"103":{"loc":{"start":{"line":525,"column":4},"end":{"line":531,"column":5}},"type":"if","locations":[{"start":{"line":525,"column":4},"end":{"line":531,"column":5}}]},"104":{"loc":{"start":{"line":525,"column":8},"end":{"line":525,"column":115}},"type":"binary-expr","locations":[{"start":{"line":525,"column":8},"end":{"line":525,"column":41}},{"start":{"line":525,"column":45},"end":{"line":525,"column":72}},{"start":{"line":525,"column":76},"end":{"line":525,"column":115}}]},"105":{"loc":{"start":{"line":527,"column":6},"end":{"line":530,"column":7}},"type":"if","locations":[{"start":{"line":527,"column":6},"end":{"line":530,"column":7}}]},"106":{"loc":{"start":{"line":533,"column":41},"end":{"line":533,"column":121}},"type":"cond-expr","locations":[{"start":{"line":533,"column":82},"end":{"line":533,"column":114}},{"start":{"line":533,"column":117},"end":{"line":533,"column":121}}]},"107":{"loc":{"start":{"line":534,"column":37},"end":{"line":534,"column":109}},"type":"cond-expr","locations":[{"start":{"line":534,"column":74},"end":{"line":534,"column":102}},{"start":{"line":534,"column":105},"end":{"line":534,"column":109}}]},"108":{"loc":{"start":{"line":535,"column":30},"end":{"line":535,"column":109}},"type":"binary-expr","locations":[{"start":{"line":535,"column":30},"end":{"line":535,"column":68}},{"start":{"line":535,"column":72},"end":{"line":535,"column":109}}]},"109":{"loc":{"start":{"line":541,"column":4},"end":{"line":543,"column":5}},"type":"if","locations":[{"start":{"line":541,"column":4},"end":{"line":543,"column":5}}]},"110":{"loc":{"start":{"line":546,"column":4},"end":{"line":586,"column":5}},"type":"if","locations":[{"start":{"line":546,"column":4},"end":{"line":586,"column":5}}]},"111":{"loc":{"start":{"line":546,"column":8},"end":{"line":546,"column":93}},"type":"binary-expr","locations":[{"start":{"line":546,"column":8},"end":{"line":546,"column":47}},{"start":{"line":546,"column":51},"end":{"line":546,"column":93}}]},"112":{"loc":{"start":{"line":550,"column":6},"end":{"line":585,"column":7}},"type":"if","locations":[{"start":{"line":550,"column":6},"end":{"line":585,"column":7}},{"start":{"line":570,"column":13},"end":{"line":585,"column":7}}]},"113":{"loc":{"start":{"line":589,"column":4},"end":{"line":622,"column":5}},"type":"if","locations":[{"start":{"line":589,"column":4},"end":{"line":622,"column":5}}]},"114":{"loc":{"start":{"line":592,"column":6},"end":{"line":621,"column":7}},"type":"if","locations":[{"start":{"line":592,"column":6},"end":{"line":621,"column":7}},{"start":{"line":611,"column":13},"end":{"line":621,"column":7}}]},"115":{"loc":{"start":{"line":625,"column":4},"end":{"line":631,"column":5}},"type":"if","locations":[{"start":{"line":625,"column":4},"end":{"line":631,"column":5}}]},"116":{"loc":{"start":{"line":625,"column":8},"end":{"line":625,"column":115}},"type":"binary-expr","locations":[{"start":{"line":625,"column":8},"end":{"line":625,"column":41}},{"start":{"line":625,"column":45},"end":{"line":625,"column":72}},{"start":{"line":625,"column":76},"end":{"line":625,"column":115}}]},"117":{"loc":{"start":{"line":627,"column":6},"end":{"line":630,"column":7}},"type":"if","locations":[{"start":{"line":627,"column":6},"end":{"line":630,"column":7}}]},"118":{"loc":{"start":{"line":634,"column":25},"end":{"line":634,"column":101}},"type":"binary-expr","locations":[{"start":{"line":634,"column":25},"end":{"line":634,"column":53}},{"start":{"line":634,"column":57},"end":{"line":634,"column":101}}]},"119":{"loc":{"start":{"line":636,"column":4},"end":{"line":691,"column":5}},"type":"if","locations":[{"start":{"line":636,"column":4},"end":{"line":691,"column":5}}]},"120":{"loc":{"start":{"line":636,"column":8},"end":{"line":636,"column":44}},"type":"binary-expr","locations":[{"start":{"line":636,"column":8},"end":{"line":636,"column":28}},{"start":{"line":636,"column":32},"end":{"line":636,"column":44}}]},"121":{"loc":{"start":{"line":639,"column":6},"end":{"line":682,"column":7}},"type":"if","locations":[{"start":{"line":639,"column":6},"end":{"line":682,"column":7}}]},"122":{"loc":{"start":{"line":640,"column":8},"end":{"line":675,"column":9}},"type":"if","locations":[{"start":{"line":640,"column":8},"end":{"line":675,"column":9}}]},"123":{"loc":{"start":{"line":641,"column":10},"end":{"line":654,"column":11}},"type":"if","locations":[{"start":{"line":641,"column":10},"end":{"line":654,"column":11}}]},"124":{"loc":{"start":{"line":646,"column":32},"end":{"line":646,"column":136}},"type":"cond-expr","locations":[{"start":{"line":646,"column":103},"end":{"line":646,"column":131}},{"start":{"line":646,"column":134},"end":{"line":646,"column":136}}]},"125":{"loc":{"start":{"line":646,"column":32},"end":{"line":646,"column":100}},"type":"binary-expr","locations":[{"start":{"line":646,"column":32},"end":{"line":646,"column":51}},{"start":{"line":646,"column":55},"end":{"line":646,"column":100}}]},"126":{"loc":{"start":{"line":647,"column":10},"end":{"line":647,"column":42}},"type":"binary-expr","locations":[{"start":{"line":647,"column":10},"end":{"line":647,"column":28}},{"start":{"line":647,"column":32},"end":{"line":647,"column":42}}]},"127":{"loc":{"start":{"line":656,"column":10},"end":{"line":668,"column":11}},"type":"if","locations":[{"start":{"line":656,"column":10},"end":{"line":668,"column":11}}]},"128":{"loc":{"start":{"line":661,"column":10},"end":{"line":661,"column":42}},"type":"binary-expr","locations":[{"start":{"line":661,"column":10},"end":{"line":661,"column":28}},{"start":{"line":661,"column":32},"end":{"line":661,"column":42}}]},"129":{"loc":{"start":{"line":684,"column":6},"end":{"line":690,"column":7}},"type":"if","locations":[{"start":{"line":684,"column":6},"end":{"line":690,"column":7}}]},"130":{"loc":{"start":{"line":693,"column":4},"end":{"line":868,"column":5}},"type":"if","locations":[{"start":{"line":693,"column":4},"end":{"line":868,"column":5}}]},"131":{"loc":{"start":{"line":695,"column":27},"end":{"line":695,"column":153}},"type":"binary-expr","locations":[{"start":{"line":695,"column":27},"end":{"line":695,"column":68}},{"start":{"line":695,"column":72},"end":{"line":695,"column":111}},{"start":{"line":695,"column":115},"end":{"line":695,"column":153}}]},"132":{"loc":{"start":{"line":697,"column":6},"end":{"line":710,"column":7}},"type":"if","locations":[{"start":{"line":697,"column":6},"end":{"line":710,"column":7}}]},"133":{"loc":{"start":{"line":697,"column":10},"end":{"line":697,"column":33}},"type":"binary-expr","locations":[{"start":{"line":697,"column":10},"end":{"line":697,"column":22}},{"start":{"line":697,"column":26},"end":{"line":697,"column":33}}]},"134":{"loc":{"start":{"line":700,"column":8},"end":{"line":709,"column":9}},"type":"if","locations":[{"start":{"line":700,"column":8},"end":{"line":709,"column":9}},{"start":{"line":705,"column":15},"end":{"line":709,"column":9}}]},"135":{"loc":{"start":{"line":702,"column":10},"end":{"line":704,"column":11}},"type":"if","locations":[{"start":{"line":702,"column":10},"end":{"line":704,"column":11}}]},"136":{"loc":{"start":{"line":705,"column":15},"end":{"line":709,"column":9}},"type":"if","locations":[{"start":{"line":705,"column":15},"end":{"line":709,"column":9}}]},"137":{"loc":{"start":{"line":706,"column":10},"end":{"line":708,"column":11}},"type":"if","locations":[{"start":{"line":706,"column":10},"end":{"line":708,"column":11}}]},"138":{"loc":{"start":{"line":712,"column":6},"end":{"line":867,"column":7}},"type":"if","locations":[{"start":{"line":712,"column":6},"end":{"line":867,"column":7}},{"start":{"line":838,"column":13},"end":{"line":867,"column":7}}]},"139":{"loc":{"start":{"line":712,"column":10},"end":{"line":712,"column":43}},"type":"binary-expr","locations":[{"start":{"line":712,"column":10},"end":{"line":712,"column":32}},{"start":{"line":712,"column":36},"end":{"line":712,"column":43}}]},"140":{"loc":{"start":{"line":716,"column":8},"end":{"line":837,"column":9}},"type":"if","locations":[{"start":{"line":716,"column":8},"end":{"line":837,"column":9}},{"start":{"line":795,"column":15},"end":{"line":837,"column":9}}]},"141":{"loc":{"start":{"line":720,"column":12},"end":{"line":785,"column":13}},"type":"if","locations":[{"start":{"line":720,"column":12},"end":{"line":785,"column":13}},{"start":{"line":737,"column":19},"end":{"line":785,"column":13}}]},"142":{"loc":{"start":{"line":737,"column":19},"end":{"line":785,"column":13}},"type":"if","locations":[{"start":{"line":737,"column":19},"end":{"line":785,"column":13}},{"start":{"line":759,"column":19},"end":{"line":785,"column":13}}]},"143":{"loc":{"start":{"line":765,"column":25},"end":{"line":765,"column":61}},"type":"binary-expr","locations":[{"start":{"line":765,"column":25},"end":{"line":765,"column":48}},{"start":{"line":765,"column":52},"end":{"line":765,"column":61}}]},"144":{"loc":{"start":{"line":766,"column":24},"end":{"line":766,"column":59}},"type":"binary-expr","locations":[{"start":{"line":766,"column":24},"end":{"line":766,"column":46}},{"start":{"line":766,"column":50},"end":{"line":766,"column":59}}]},"145":{"loc":{"start":{"line":773,"column":36},"end":{"line":773,"column":156}},"type":"cond-expr","locations":[{"start":{"line":773,"column":119},"end":{"line":773,"column":151}},{"start":{"line":773,"column":154},"end":{"line":773,"column":156}}]},"146":{"loc":{"start":{"line":773,"column":36},"end":{"line":773,"column":116}},"type":"binary-expr","locations":[{"start":{"line":773,"column":36},"end":{"line":773,"column":59}},{"start":{"line":773,"column":63},"end":{"line":773,"column":116}}]},"147":{"loc":{"start":{"line":795,"column":15},"end":{"line":837,"column":9}},"type":"if","locations":[{"start":{"line":795,"column":15},"end":{"line":837,"column":9}}]},"148":{"loc":{"start":{"line":800,"column":28},"end":{"line":800,"column":81}},"type":"binary-expr","locations":[{"start":{"line":800,"column":28},"end":{"line":800,"column":56}},{"start":{"line":800,"column":60},"end":{"line":800,"column":81}}]},"149":{"loc":{"start":{"line":803,"column":29},"end":{"line":803,"column":46}},"type":"binary-expr","locations":[{"start":{"line":803,"column":29},"end":{"line":803,"column":38}},{"start":{"line":803,"column":42},"end":{"line":803,"column":46}}]},"150":{"loc":{"start":{"line":838,"column":13},"end":{"line":867,"column":7}},"type":"if","locations":[{"start":{"line":838,"column":13},"end":{"line":867,"column":7}},{"start":{"line":853,"column":13},"end":{"line":867,"column":7}}]},"151":{"loc":{"start":{"line":870,"column":4},"end":{"line":876,"column":5}},"type":"if","locations":[{"start":{"line":870,"column":4},"end":{"line":876,"column":5}}]},"152":{"loc":{"start":{"line":870,"column":8},"end":{"line":870,"column":118}},"type":"binary-expr","locations":[{"start":{"line":870,"column":8},"end":{"line":870,"column":28}},{"start":{"line":870,"column":33},"end":{"line":870,"column":74}},{"start":{"line":870,"column":78},"end":{"line":870,"column":117}}]},"153":{"loc":{"start":{"line":879,"column":4},"end":{"line":896,"column":5}},"type":"if","locations":[{"start":{"line":879,"column":4},"end":{"line":896,"column":5}}]},"154":{"loc":{"start":{"line":879,"column":8},"end":{"line":879,"column":233}},"type":"binary-expr","locations":[{"start":{"line":879,"column":9},"end":{"line":879,"column":50}},{"start":{"line":879,"column":54},"end":{"line":879,"column":93}},{"start":{"line":879,"column":97},"end":{"line":879,"column":135}},{"start":{"line":879,"column":140},"end":{"line":879,"column":180}},{"start":{"line":879,"column":184},"end":{"line":879,"column":233}}]},"155":{"loc":{"start":{"line":900,"column":4},"end":{"line":984,"column":5}},"type":"if","locations":[{"start":{"line":900,"column":4},"end":{"line":984,"column":5}}]},"156":{"loc":{"start":{"line":903,"column":6},"end":{"line":946,"column":7}},"type":"if","locations":[{"start":{"line":903,"column":6},"end":{"line":946,"column":7}}]},"157":{"loc":{"start":{"line":903,"column":10},"end":{"line":904,"column":80}},"type":"binary-expr","locations":[{"start":{"line":903,"column":10},"end":{"line":903,"column":45}},{"start":{"line":903,"column":49},"end":{"line":903,"column":84}},{"start":{"line":904,"column":10},"end":{"line":904,"column":80}}]},"158":{"loc":{"start":{"line":911,"column":8},"end":{"line":923,"column":9}},"type":"if","locations":[{"start":{"line":911,"column":8},"end":{"line":923,"column":9}},{"start":{"line":913,"column":15},"end":{"line":923,"column":9}}]},"159":{"loc":{"start":{"line":913,"column":15},"end":{"line":923,"column":9}},"type":"if","locations":[{"start":{"line":913,"column":15},"end":{"line":923,"column":9}},{"start":{"line":917,"column":15},"end":{"line":923,"column":9}}]},"160":{"loc":{"start":{"line":914,"column":28},"end":{"line":914,"column":70}},"type":"cond-expr","locations":[{"start":{"line":914,"column":50},"end":{"line":914,"column":51}},{"start":{"line":914,"column":54},"end":{"line":914,"column":70}}]},"161":{"loc":{"start":{"line":915,"column":27},"end":{"line":915,"column":78}},"type":"cond-expr","locations":[{"start":{"line":915,"column":49},"end":{"line":915,"column":64}},{"start":{"line":915,"column":67},"end":{"line":915,"column":78}}]},"162":{"loc":{"start":{"line":920,"column":10},"end":{"line":922,"column":11}},"type":"if","locations":[{"start":{"line":920,"column":10},"end":{"line":922,"column":11}}]},"163":{"loc":{"start":{"line":950,"column":6},"end":{"line":983,"column":7}},"type":"if","locations":[{"start":{"line":950,"column":6},"end":{"line":983,"column":7}}]},"164":{"loc":{"start":{"line":950,"column":10},"end":{"line":950,"column":62}},"type":"binary-expr","locations":[{"start":{"line":950,"column":10},"end":{"line":950,"column":24}},{"start":{"line":950,"column":28},"end":{"line":950,"column":62}}]},"165":{"loc":{"start":{"line":955,"column":8},"end":{"line":982,"column":9}},"type":"if","locations":[{"start":{"line":955,"column":8},"end":{"line":982,"column":9}}]},"166":{"loc":{"start":{"line":955,"column":12},"end":{"line":955,"column":60}},"type":"binary-expr","locations":[{"start":{"line":955,"column":12},"end":{"line":955,"column":34}},{"start":{"line":955,"column":38},"end":{"line":955,"column":60}}]},"167":{"loc":{"start":{"line":957,"column":10},"end":{"line":959,"column":11}},"type":"if","locations":[{"start":{"line":957,"column":10},"end":{"line":959,"column":11}}]},"168":{"loc":{"start":{"line":963,"column":32},"end":{"line":963,"column":65}},"type":"binary-expr","locations":[{"start":{"line":963,"column":32},"end":{"line":963,"column":51}},{"start":{"line":963,"column":55},"end":{"line":963,"column":65}}]},"169":{"loc":{"start":{"line":969,"column":39},"end":{"line":969,"column":147}},"type":"cond-expr","locations":[{"start":{"line":969,"column":113},"end":{"line":969,"column":142}},{"start":{"line":969,"column":145},"end":{"line":969,"column":147}}]},"170":{"loc":{"start":{"line":969,"column":39},"end":{"line":969,"column":110}},"type":"binary-expr","locations":[{"start":{"line":969,"column":39},"end":{"line":969,"column":59}},{"start":{"line":969,"column":63},"end":{"line":969,"column":110}}]},"171":{"loc":{"start":{"line":970,"column":16},"end":{"line":970,"column":49}},"type":"binary-expr","locations":[{"start":{"line":970,"column":16},"end":{"line":970,"column":35}},{"start":{"line":970,"column":39},"end":{"line":970,"column":49}}]},"172":{"loc":{"start":{"line":987,"column":4},"end":{"line":993,"column":5}},"type":"if","locations":[{"start":{"line":987,"column":4},"end":{"line":993,"column":5}}]},"173":{"loc":{"start":{"line":989,"column":15},"end":{"line":989,"column":78}},"type":"binary-expr","locations":[{"start":{"line":989,"column":15},"end":{"line":989,"column":23}},{"start":{"line":989,"column":27},"end":{"line":989,"column":78}}]},"174":{"loc":{"start":{"line":1000,"column":4},"end":{"line":1245,"column":5}},"type":"switch","locations":[{"start":{"line":1001,"column":6},"end":{"line":1077,"column":14}},{"start":{"line":1079,"column":6},"end":{"line":1118,"column":14}},{"start":{"line":1120,"column":6},"end":{"line":1140,"column":14}},{"start":{"line":1142,"column":6},"end":{"line":1161,"column":14}},{"start":{"line":1163,"column":6},"end":{"line":1190,"column":14}},{"start":{"line":1192,"column":6},"end":{"line":1244,"column":14}}]},"175":{"loc":{"start":{"line":1005,"column":8},"end":{"line":1014,"column":9}},"type":"if","locations":[{"start":{"line":1005,"column":8},"end":{"line":1014,"column":9}}]},"176":{"loc":{"start":{"line":1005,"column":12},"end":{"line":1005,"column":61}},"type":"binary-expr","locations":[{"start":{"line":1005,"column":12},"end":{"line":1005,"column":31}},{"start":{"line":1005,"column":35},"end":{"line":1005,"column":61}}]},"177":{"loc":{"start":{"line":1007,"column":31},"end":{"line":1009,"column":33}},"ty
[...]
,"C:\\Users\\karis\\hr-agent-bot\\src\\utils\\intentDetector.ts": {"path":"C:\\Users\\karis\\hr-agent-bot\\src\\utils\\intentDetector.ts","statementMap":{"0":{"start":{"line":18,"column":10},"end":{"line":18,"column":78}},"1":{"start":{"line":24,"column":25},"end":{"line":24,"column":46}},"2":{"start":{"line":25,"column":26},"end":{"line":25,"column":28}},"3":{"start":{"line":28,"column":4},"end":{"line":34,"column":5}},"4":{"start":{"line":29,"column":6},"end":{"line":33,"column":8}},"5":{"start":{"line":37,"column":4},"end":{"line":43,"column":5}},"6":{"start":{"line":38,"column":6},"end":{"line":42,"column":8}},"7":{"start":{"line":46,"column":4},"end":{"line":48,"column":5}},"8":{"start":{"line":47,"column":6},"end":{"line":47,"column":71}},"9":{"start":{"line":50,"column":4},"end":{"line":52,"column":5}},"10":{"start":{"line":51,"column":6},"end":{"line":51,"column":72}},"11":{"start":{"line":54,"column":4},"end":{"line":56,"column":5}},"12":{"start":{"line":55,"column":6},"end":{"line":55,"column":70}},"13":{"start":{"line":59,"column":4},"end":{"line":61,"column":5}},"14":{"start":{"line":60,"column":6},"end":{"line":60,"column":73}},"15":{"start":{"line":64,"column":4},"end":{"line":64,"column":70}},"16":{"start":{"line":71,"column":24},"end":{"line":71,"column":85}},"17":{"start":{"line":72,"column":26},"end":{"line":72,"column":80}},"18":{"start":{"line":72,"column":54},"end":{"line":72,"column":79}},"19":{"start":{"line":74,"column":4},"end":{"line":74,"column":37}},"20":{"start":{"line":74,"column":24},"end":{"line":74,"column":37}},"21":{"start":{"line":77,"column":28},"end":{"line":77,"column":89}},"22":{"start":{"line":78,"column":29},"end":{"line":78,"column":87}},"23":{"start":{"line":78,"column":61},"end":{"line":78,"column":86}},"24":{"start":{"line":80,"column":4},"end":{"line":80,"column":29}},"25":{"start":{"line":87,"column":28},"end":{"line":87,"column":84}},"26":{"start":{"line":89,"column":4},"end":{"line":89,"column":39}},"27":{"start":{"line":89,"column":26},"end":{"line":89,"column":39}},"28":{"start":{"line":92,"column":4},"end":{"line":92,"column":84}},"29":{"start":{"line":92,"column":71},"end":{"line":92,"column":84}},"30":{"start":{"line":95,"column":34},"end":{"line":102,"column":6}},"31":{"start":{"line":104,"column":4},"end":{"line":110,"column":7}},"32":{"start":{"line":105,"column":6},"end":{"line":109,"column":7}},"33":{"start":{"line":106,"column":8},"end":{"line":106,"column":43}},"34":{"start":{"line":108,"column":8},"end":{"line":108,"column":39}},"35":{"start":{"line":117,"column":28},"end":{"line":120,"column":6}},"36":{"start":{"line":122,"column":21},"end":{"line":122,"column":46}},"37":{"start":{"line":123,"column":30},"end":{"line":123,"column":88}},"38":{"start":{"line":123,"column":62},"end":{"line":123,"column":87}},"39":{"start":{"line":125,"column":4},"end":{"line":125,"column":41}},"40":{"start":{"line":132,"column":21},"end":{"line":132,"column":24}},"41":{"start":{"line":135,"column":4},"end":{"line":135,"column":58}},"42":{"start":{"line":135,"column":40},"end":{"line":135,"column":58}},"43":{"start":{"line":138,"column":4},"end":{"line":138,"column":83}},"44":{"start":{"line":138,"column":65},"end":{"line":138,"column":83}},"45":{"start":{"line":141,"column":4},"end":{"line":141,"column":96}},"46":{"start":{"line":141,"column":78},"end":{"line":141,"column":96}},"47":{"start":{"line":143,"column":4},"end":{"line":143,"column":37}},"48":{"start":{"line":150,"column":21},"end":{"line":150,"column":24}},"49":{"start":{"line":153,"column":4},"end":{"line":153,"column":81}},"50":{"start":{"line":153,"column":37},"end":{"line":153,"column":59}},"51":{"start":{"line":153,"column":62},"end":{"line":153,"column":81}},"52":{"start":{"line":156,"column":4},"end":{"line":156,"column":59}},"53":{"start":{"line":156,"column":40},"end":{"line":156,"column":59}},"54":{"start":{"line":159,"column":4},"end":{"line":159,"column":83}},"55":{"start":{"line":159,"column":65},"end":{"line":159,"column":83}},"56":{"start":{"line":161,"column":4},"end":{"line":161,"column":37}},"57":{"start":{"line":168,"column":25},"end":{"line":173,"column":6}},"58":{"start":{"line":175,"column":4},"end":{"line":175,"column":63}},"59":{"start":{"line":175,"column":40},"end":{"line":175,"column":61}},"60":{"start":{"line":182,"column":26},"end":{"line":182,"column":28}},"61":{"start":{"line":185,"column":4},"end":{"line":187,"column":5}},"62":{"start":{"line":186,"column":6},"end":{"line":186,"column":30}},"63":{"start":{"line":190,"column":24},"end":{"line":190,"column":70}},"64":{"start":{"line":191,"column":4},"end":{"line":193,"column":5}},"65":{"start":{"line":192,"column":6},"end":{"line":192,"column":46}},"66":{"start":{"line":195,"column":4},"end":{"line":195,"column":20}},"67":{"start":{"line":202,"column":26},"end":{"line":202,"column":28}},"68":{"start":{"line":203,"column":25},"end":{"line":203,"column":46}},"69":{"start":{"line":206,"column":4},"end":{"line":211,"column":5}},"70":{"start":{"line":207,"column":6},"end":{"line":210,"column":7}},"71":{"start":{"line":208,"column":8},"end":{"line":208,"column":48}},"72":{"start":{"line":209,"column":8},"end":{"line":209,"column":14}},"73":{"start":{"line":214,"column":4},"end":{"line":225,"column":5}},"74":{"start":{"line":215,"column":6},"end":{"line":224,"column":7}},"75":{"start":{"line":216,"column":8},"end":{"line":216,"column":36}},"76":{"start":{"line":217,"column":8},"end":{"line":217,"column":37}},"77":{"start":{"line":218,"column":13},"end":{"line":224,"column":7}},"78":{"start":{"line":219,"column":8},"end":{"line":219,"column":38}},"79":{"start":{"line":220,"column":8},"end":{"line":220,"column":37}},"80":{"start":{"line":221,"column":13},"end":{"line":224,"column":7}},"81":{"start":{"line":222,"column":8},"end":{"line":222,"column":38}},"82":{"start":{"line":223,"column":8},"end":{"line":223,"column":37}},"83":{"start":{"line":228,"column":4},"end":{"line":230,"column":5}},"84":{"start":{"line":229,"column":6},"end":{"line":229,"column":30}},"85":{"start":{"line":233,"column":24},"end":{"line":233,"column":54}},"86":{"start":{"line":234,"column":4},"end":{"line":236,"column":5}},"87":{"start":{"line":235,"column":6},"end":{"line":235,"column":46}},"88":{"start":{"line":238,"column":4},"end":{"line":238,"column":20}},"89":{"start":{"line":245,"column":25},"end":{"line":245,"column":46}},"90":{"start":{"line":248,"column":21},"end":{"line":248,"column":87}},"91":{"start":{"line":249,"column":4},"end":{"line":255,"column":5}},"92":{"start":{"line":250,"column":21},"end":{"line":250,"column":39}},"93":{"start":{"line":252,"column":6},"end":{"line":254,"column":7}},"94":{"start":{"line":253,"column":8},"end":{"line":253,"column":22}},"95":{"start":{"line":258,"column":25},"end":{"line":258,"column":59}},"96":{"start":{"line":259,"column":4},"end":{"line":261,"column":5}},"97":{"start":{"line":260,"column":6},"end":{"line":260,"column":36}},"98":{"start":{"line":264,"column":4},"end":{"line":283,"column":5}},"99":{"start":{"line":265,"column":30},"end":{"line":276,"column":8}},"100":{"start":{"line":278,"column":6},"end":{"line":282,"column":7}},"101":{"start":{"line":279,"column":8},"end":{"line":281,"column":9}},"102":{"start":{"line":280,"column":10},"end":{"line":280,"column":24}},"103":{"start":{"line":285,"column":4},"end":{"line":285,"column":16}},"104":{"start":{"line":17,"column":0},"end":{"line":17,"column":13}},"105":{"start":{"line":289,"column":0},"end":{"line":289,"column":36}}},"fnMap":{"0":{"name":"(anonymous_0)","decl":{"start":{"line":17,"column":0},"end":{"line":17,"column":13}},"loc":{"start":{"line":17,"column":0},"end":{"line":287,"column":1}}},"1":{"name":"(anonymous_1)","decl":{"start":{"line":23,"column":2},"end":{"line":23,"column":14}},"loc":{"start":{"line":23,"column":30},"end":{"line":65,"column":3}}},"2":{"name":"(anonymous_2)","decl":{"start":{"line":70,"column":10},"end":{"line":70,"column":22}},"loc":{"start":{"line":70,"column":38},"end":{"line":81,"column":3}}},"3":{"name":"(anonymous_3)","decl":{"start":{"line":72,"column":43},"end":{"line":72,"column":50}},"loc":{"start":{"line":72,"column":54},"end":{"line":72,"column":79}}},"4":{"name":"(anonymous_4)","decl":{"start":{"line":78,"column":50},"end":{"line":78,"column":57}},"loc":{"start":{"line":78,"column":61},"end":{"line":78,"column":86}}},"5":{"name":"(anonymous_5)","decl":{"start":{"line":86,"column":10},"end":{"line":86,"column":24}},"loc":{"start":{"line":86,"column":40},"end":{"line":111,"column":3}}},"6":{"name":"(anonymous_6)","decl":{"start":{"line":104,"column":38},"end":{"line":104,"column":47}},"loc":{"start":{"line":104,"column":50},"end":{"line":110,"column":5}}},"7":{"name":"(anonymous_7)","decl":{"start":{"line":116,"column":10},"end":{"line":116,"column":29}},"loc":{"start":{"line":116,"column":45},"end":{"line":126,"column":3}}},"8":{"name":"(anonymous_8)","decl":{"start":{"line":123,"column":51},"end":{"line":123,"column":58}},"loc":{"start":{"line":123,"column":62},"end":{"line":123,"column":87}}},"9":{"name":"(anonymous_9)","decl":{"start":{"line":131,"column":10},"end":{"line":131,"column":32}},"loc":{"start":{"line":131,"column":48},"end":{"line":144,"column":3}}},"10":{"name":"(anonymous_10)","decl":{"start":{"line":149,"column":10},"end":{"line":149,"column":34}},"loc":{"start":{"line":149,"column":50},"end":{"line":162,"column":3}}},"11":{"name":"(anonymous_11)","decl":{"start":{"line":153,"column":29},"end":{"line":153,"column":33}},"loc":{"start":{"line":153,"column":37},"end":{"line":153,"column":59}}},"12":{"name":"(anonymous_12)","decl":{"start":{"line":167,"column":10},"end":{"line":167,"column":26}},"loc":{"start":{"line":167,"column":42},"end":{"line":176,"column":3}}},"13":{"name":"(anonymous_13)","decl":{"start":{"line":175,"column":29},"end":{"line":175,"column":36}},"loc":{"start":{"line":175,"column":40},"end":{"line":175,"column":61}}},"14":{"name":"(anonymous_14)","decl":{"start":{"line":181,"column":10},"end":{"line":181,"column":28}},"loc":{"start":{"line":181,"column":44},"end":{"line":196,"column":3}}},"15":{"name":"(anonymous_15)","decl":{"start":{"line":201,"column":10},"end":{"line":201,"column":30}},"loc":{"start":{"line":201,"column":46},"end":{"line":239,"column":3}}},"16":{"name":"(anonymous_16)","decl":{"start":{"line":244,"column":2},"end":{"line":244,"column":15}},"loc":{"start":{"line":244,"column":54},"end":{"line":286,"column":3}}}},"branchMap":{"0":{"loc":{"start":{"line":28,"column":4},"end":{"line":34,"column":5}},"type":"if","locations":[{"start":{"line":28,"column":4},"end":{"line":34,"column":5}}]},"1":{"loc":{"start":{"line":37,"column":4},"end":{"line":43,"column":5}},"type":"if","locations":[{"start":{"line":37,"column":4},"end":{"line":43,"column":5}}]},"2":{"loc":{"start":{"line":46,"column":4},"end":{"line":48,"column":5}},"type":"if","locations":[{"start":{"line":46,"column":4},"end":{"line":48,"column":5}}]},"3":{"loc":{"start":{"line":46,"column":8},"end":{"line":46,"column":112}},"type":"binary-expr","locations":[{"start":{"line":46,"column":8},"end":{"line":46,"column":40}},{"start":{"line":46,"column":45},"end":{"line":46,"column":74}},{"start":{"line":46,"column":78},"end":{"line":46,"column":111}}]},"4":{"loc":{"start":{"line":50,"column":4},"end":{"line":52,"column":5}},"type":"if","locations":[{"start":{"line":50,"column":4},"end":{"line":52,"column":5}}]},"5":{"loc":{"start":{"line":50,"column":8},"end":{"line":50,"column":73}},"type":"binary-expr","locations":[{"start":{"line":50,"column":8},"end":{"line":50,"column":38}},{"start":{"line":50,"column":42},"end":{"line":50,"column":73}}]},"6":{"loc":{"start":{"line":54,"column":4},"end":{"line":56,"column":5}},"type":"if","locations":[{"start":{"line":54,"column":4},"end":{"line":56,"column":5}}]},"7":{"loc":{"start":{"line":54,"column":8},"end":{"line":54,"column":71}},"type":"binary-expr","locations":[{"start":{"line":54,"column":8},"end":{"line":54,"column":36}},{"start":{"line":54,"column":40},"end":{"line":54,"column":71}}]},"8":{"loc":{"start":{"line":59,"column":4},"end":{"line":61,"column":5}},"type":"if","locations":[{"start":{"line":59,"column":4},"end":{"line":61,"column":5}}]},"9":{"loc":{"start":{"line":74,"column":4},"end":{"line":74,"column":37}},"type":"if","locations":[{"start":{"line":74,"column":4},"end":{"line":74,"column":37}}]},"10":{"loc":{"start":{"line":87,"column":28},"end":{"line":87,"column":84}},"type":"binary-expr","locations":[{"start":{"line":87,"column":28},"end":{"line":87,"column":53}},{"start":{"line":87,"column":57},"end":{"line":87,"column":84}}]},"11":{"loc":{"start":{"line":89,"column":4},"end":{"line":89,"column":39}},"type":"if","locations":[{"start":{"line":89,"column":4},"end":{"line":89,"column":39}}]},"12":{"loc":{"start":{"line":92,"column":4},"end":{"line":92,"column":84}},"type":"if","locations":[{"start":{"line":92,"column":4},"end":{"line":92,"column":84}}]},"13":{"loc":{"start":{"line":92,"column":8},"end":{"line":92,"column":69}},"type":"binary-expr","locations":[{"start":{"line":92,"column":8},"end":{"line":92,"column":31}},{"start":{"line":92,"column":35},"end":{"line":92,"column":69}}]},"14":{"loc":{"start":{"line":105,"column":6},"end":{"line":109,"column":7}},"type":"if","locations":[{"start":{"line":105,"column":6},"end":{"line":109,"column":7}},{"start":{"line":107,"column":13},"end":{"line":109,"column":7}}]},"15":{"loc":{"start":{"line":125,"column":11},"end":{"line":125,"column":40}},"type":"binary-expr","locations":[{"start":{"line":125,"column":11},"end":{"line":125,"column":19}},{"start":{"line":125,"column":23},"end":{"line":125,"column":40}}]},"16":{"loc":{"start":{"line":135,"column":4},"end":{"line":135,"column":58}},"type":"if","locations":[{"start":{"line":135,"column":4},"end":{"line":135,"column":58}}]},"17":{"loc":{"start":{"line":138,"column":4},"end":{"line":138,"column":83}},"type":"if","locations":[{"start":{"line":138,"column":4},"end":{"line":138,"column":83}}]},"18":{"loc":{"start":{"line":138,"column":8},"end":{"line":138,"column":63}},"type":"binary-expr","locations":[{"start":{"line":138,"column":8},"end":{"line":138,"column":32}},{"start":{"line":138,"column":36},"end":{"line":138,"column":63}}]},"19":{"loc":{"start":{"line":141,"column":4},"end":{"line":141,"column":96}},"type":"if","locations":[{"start":{"line":141,"column":4},"end":{"line":141,"column":96}}]},"20":{"loc":{"start":{"line":141,"column":8},"end":{"line":141,"column":76}},"type":"binary-expr","locations":[{"start":{"line":141,"column":8},"end":{"line":141,"column":41}},{"start":{"line":141,"column":45},"end":{"line":141,"column":76}}]},"21":{"loc":{"start":{"line":153,"column":4},"end":{"line":153,"column":81}},"type":"if","locations":[{"start":{"line":153,"column":4},"end":{"line":153,"column":81}}]},"22":{"loc":{"start":{"line":156,"column":4},"end":{"line":156,"column":59}},"type":"if","locations":[{"start":{"line":156,"column":4},"end":{"line":156,"column":59}}]},"23":{"loc":{"start":{"line":159,"column":4},"end":{"line":159,"column":83}},"type":"if","locations":[{"start":{"line":159,"column":4},"end":{"line":159,"column":83}}]},"24":{"loc":{"start":{"line":159,"column":8},"end":{"line":159,"column":63}},"type":"binary-expr","locations":[{"start":{"line":159,"column":8},"end":{"line":159,"column":32}},{"start":{"line":159,"column":36},"end":{"line":159,"column":63}}]},"25":{"loc":{"start":{"line":185,"column":4},"end":{"line":187,"column":5}},"type":"if","locations":[{"start":{"line":185,"column":4},"end":{"line":187,"column":5}}]},"26":{"loc":{"start":{"line":191,"column":4},"end":{"line":193,"column":5}},"type":"if","locations":[{"start":{"line":191,"column":4},"end":{"line":193,"column":5}}]},"27":{"loc":{"start":{"line":207,"column":6},"end":{"line":210,"column":7}},"type":"if","locations":[{"start":{"line":207,"column":6},"end":{"line":210,"column":7}}]},"28":{"loc":{"start":{"line":214,"column":4},"end":{"line":225,"column":5}},"type":"if","locations":[{"start":{"line":214,"column":4},"end":{"line":225,"column":5}}]},"29":{"loc":{"start":{"line":215,"column":6},"end":{"line":224,"column":7}},"type":"if","locations":[{"start":{"line":215,"column":6},"end":{"line":224,"column":7}},{"start":{"line":218,"column":13},"end":{"line":224,"column":7}}]},"30":{"loc":{"start":{"line":218,"column":13},"end":{"line":224,"column":7}},"type":"if","locations":[{"start":{"line":218,"column":13},"end":{"line":224,"column":7}},{"start":{"line":221,"column":13},"end":{"line":224,"column":7}}]},"31":{"loc":{"start":{"line":221,"column":13},"end":{"line":224,"column":7}},"type":"if","locations":[{"start":{"line":221,"column":13},"end":{"line":224,"column":7}}]},"32":{"loc":{"start":{"line":228,"column":4},"end":{"line":230,"column":5}},"type":"if","locations":[{"start":{"line":228,"column":4},"end":{"line":230,"column":5}}]},"33":{"loc":{"start":{"line":234,"column":4},"end":{"line":236,"column":5}},"type":"if","locations":[{"start":{"line":234,"column":4},"end":{"line":236,"column":5}}]},"34":{"loc":{"start":{"line":249,"column":4},"end":{"line":255,"column":5}},"type":"if","locations":[{"start":{"line":249,"column":4},"end":{"line":255,"column":5}}]},"35":{"loc":{"start":{"line":252,"column":6},"end":{"line":254,"column":7}},"type":"if","locations":[{"start":{"line":252,"column":6},"end":{"line":254,"column":7}}]},"36":{"loc":{"start":{"line":252,"column":10},"end":{"line":252,"column":83}},"type":"binary-expr","locations":[{"start":{"line":252,"column":10},"end":{"line":252,"column":27}},{"start":{"line":252,"column":31},"end":{"line":252,"column":83}}]},"37":{"loc":{"start":{"line":259,"column":4},"end":{"line":261,"column":5}},"type":"if","locations":[{"start":{"line":259,"column":4},"end":{"line":261,"column":5}}]},"38":{"loc":{"start":{"line":264,"column":4},"end":{"line":283,"column":5}},"type":"if","locations":[{"start":{"line":264,"column":4},"end":{"line":283,"column":5}}]},"39":{"loc":{"start":{"line":279,"column":8},"end":{"line":281,"column":9}},"type":"if","locations":[{"start":{"line":279,"column":8},"end":{"line":281,"column":9}}]}},"s":{"0":0,"1":0,"2":0,"3":0,"4":0,"5":0,"6":0,"7":0,"8":0,"9":0,"10":0,"11":0,"12":0,"13":0,"14":0,"15":0,"16":0,"17":0,"18":0,"19":0,"20":0,"21":0,"22":0,"23":0,"24":0,"25":0,"26":0,"27":0,"28":0,"29":0,"30":0,"31":0,"32":0,"33":0,"34":0,"35":0,"36":0,"37":0,"38":0,"39":0,"40":0,"41":0,"42":0,"43":0,"44":0,"45":0,"46":0,"47":0,"48":0,"49":0,"50":0,"51":0,"52":0,"53":0,"54":0,"55":0,"56":0,"57":0,"58":0,"59":0,"60":0,"61":0,"62":0,"63":0,"64":0,"65":0,"66":0,"67":0,"68":0,"69":0,"70":0,"71":0,"72":0,"73":0,"74":0,"75":0,"76":0,"77":0,"78":0,"79":0,"80":0,"81":0,"82":0,"83":0,"84":0,"85":0,"86":0,"87":0,"88":0,"89":0,"90":0,"91":0,"92":0,"93":0,"94":0,"95":0,"96":0,"97":0,"98":0,"99":0,"100":0,"101":0,"102":0,"103":0,"104":0,"105":0},"f":{"0":0,"1":0,"2":0,"3":0,"4":0,"5":0,"6":0,"7":0,"8":0,"9":0,"10":0,"11":0,"12":0,"13":0,"14":0,"15":0,"16":0},"b":{"0":[0],"1":[0],"2":[0],"3":[0,0,0],"4":[0],"5":[0,0],"6":[0],"7":[0,0],"8":[0],"9":[0],"10":[0,0],"11":[0],"12":[0],"13":[0,0],"14":[0,0],"15":[0,0],"16":[0],"17":[0],"18":[0,0],"19":[0],"20":[0,0],"21":[0],"22":[0],"23":[0],"24":[0,0],"25":[0],"26":[0],"27":[0],"28":[0],"29":[0,0],"30":[0,0],"31":[0],"32":[0],"33":[0],"34":[0],"35":[0],"36":[0,0],"37":[0],"38":[0],"39":[0]}}
,"C:\\Users\\karis\\hr-agent-bot\\src\\utils\\logger.ts": {"path":"C:\\Users\\karis\\hr-agent-bot\\src\\utils\\logger.ts","statementMap":{"0":{"start":{"line":1,"column":0},"end":{"line":1,"column":59}},"1":{"start":{"line":3,"column":15},"end":{"line":14,"column":2}},"2":{"start":{"line":16,"column":0},"end":{"line":16,"column":22}}},"fnMap":{},"branchMap":{},"s":{"0":0,"1":0,"2":0},"f":{},"b":{}}
}
