TN:
SF:src\services\dateParser.ts
FN:28,(anonymous_0)
FN:57,(anonymous_1)
FN:82,(anonymous_2)
FN:114,(anonymous_3)
FN:122,(anonymous_4)
FN:130,(anonymous_5)
FN:141,(anonymous_6)
FN:150,(anonymous_7)
FN:166,(anonymous_8)
FN:177,(anonymous_9)
FN:238,(anonymous_10)
FN:280,(anonymous_11)
FN:323,(anonymous_12)
FN:345,(anonymous_13)
FN:369,(anonymous_14)
FN:382,(anonymous_15)
FN:451,(anonymous_16)
FN:463,(anonymous_17)
FN:471,(anonymous_18)
FNF:19
FNH:15
FNDA:1,(anonymous_0)
FNDA:13,(anonymous_1)
FNDA:0,(anonymous_2)
FNDA:0,(anonymous_3)
FNDA:0,(anonymous_4)
FNDA:1,(anonymous_5)
FNDA:1,(anonymous_6)
FNDA:6,(anonymous_7)
FNDA:0,(anonymous_8)
FNDA:13,(anonymous_9)
FNDA:2,(anonymous_10)
FNDA:12,(anonymous_11)
FNDA:12,(anonymous_12)
FNDA:9,(anonymous_13)
FNDA:1,(anonymous_14)
FNDA:7,(anonymous_15)
FNDA:8,(anonymous_16)
FNDA:16,(anonymous_17)
FNDA:12,(anonymous_18)
DA:1,1
DA:28,1
DA:29,1
DA:30,1
DA:58,13
DA:59,13
DA:60,0
DA:63,13
DA:64,13
DA:65,13
DA:66,1
DA:69,12
DA:70,12
DA:71,11
DA:74,1
DA:83,0
DA:84,0
DA:85,0
DA:87,0
DA:88,0
DA:89,0
DA:90,0
DA:91,0
DA:93,0
DA:98,0
DA:102,0
DA:103,0
DA:104,0
DA:107,0
DA:115,0
DA:116,0
DA:117,0
DA:119,0
DA:123,0
DA:124,0
DA:125,0
DA:127,0
DA:131,1
DA:132,1
DA:133,0
DA:136,1
DA:137,1
DA:138,1
DA:142,1
DA:143,1
DA:144,0
DA:147,1
DA:151,6
DA:152,6
DA:154,6
DA:155,0
DA:158,6
DA:159,6
DA:160,0
DA:163,6
DA:167,0
DA:168,0
DA:169,0
DA:172,0
DA:173,0
DA:174,0
DA:178,13
DA:179,13
DA:181,13
DA:182,13
DA:183,1
DA:184,1
DA:187,13
DA:188,12
DA:189,12
DA:190,0
DA:191,0
DA:195,13
DA:196,12
DA:199,1
DA:200,1
DA:202,1
DA:204,1
DA:205,0
DA:207,1
DA:208,0
DA:211,1
DA:212,0
DA:220,1
DA:221,1
DA:222,1
DA:223,1
DA:224,0
DA:225,1
DA:226,0
DA:230,1
DA:239,2
DA:240,2
DA:241,0
DA:242,0
DA:243,0
DA:244,0
DA:245,0
DA:247,0
DA:248,0
DA:249,0
DA:252,2
DA:253,2
DA:254,0
DA:255,0
DA:256,0
DA:257,0
DA:258,0
DA:260,0
DA:261,0
DA:262,0
DA:265,2
DA:266,2
DA:267,2
DA:268,2
DA:269,2
DA:272,0
DA:273,0
DA:274,0
DA:277,0
DA:281,12
DA:282,12
DA:283,3
DA:291,9
DA:292,9
DA:293,2
DA:301,7
DA:302,7
DA:303,6
DA:304,1
DA:312,5
DA:320,1
DA:324,12
DA:326,12
DA:327,0
DA:330,12
DA:331,1
DA:334,11
DA:335,1
DA:338,10
DA:339,1
DA:342,9
DA:346,9
DA:347,9
DA:348,7
DA:351,2
DA:352,2
DA:353,2
DA:354,2
DA:356,2
DA:357,1
DA:358,1
DA:361,1
DA:362,1
DA:363,0
DA:366,1
DA:370,1
DA:371,1
DA:372,0
DA:375,1
DA:376,1
DA:379,0
DA:383,7
DA:384,7
DA:385,0
DA:386,0
DA:387,0
DA:389,0
DA:392,7
DA:393,7
DA:394,2
DA:395,2
DA:396,2
DA:397,2
DA:398,2
DA:401,5
DA:402,5
DA:403,0
DA:404,0
DA:405,0
DA:406,0
DA:407,0
DA:410,5
DA:414,5
DA:415,5
DA:416,0
DA:417,0
DA:418,0
DA:419,0
DA:420,0
DA:422,0
DA:423,0
DA:424,0
DA:427,5
DA:431,5
DA:432,5
DA:433,0
DA:434,0
DA:435,0
DA:436,0
DA:437,0
DA:438,0
DA:441,5
DA:442,5
DA:443,4
DA:444,4
DA:445,4
DA:448,1
DA:452,8
DA:453,0
DA:456,8
DA:457,1
DA:460,7
DA:464,16
DA:465,16
DA:466,0
DA:468,16
DA:472,12
DA:476,1
DA:477,1
LF:220
LH:131
BRDA:57,0,0,0
BRDA:58,1,0,13
BRDA:58,1,1,0
BRDA:59,2,0,0
BRDA:65,3,0,1
BRDA:70,4,0,11
BRDA:83,5,0,0
BRDA:83,5,1,0
BRDA:88,6,0,0
BRDA:90,7,0,0
BRDA:90,7,1,0
BRDA:90,8,0,0
BRDA:90,8,1,0
BRDA:98,9,0,0
BRDA:98,9,1,0
BRDA:98,9,2,0
BRDA:98,9,3,0
BRDA:98,9,4,0
BRDA:102,10,0,0
BRDA:114,11,0,0
BRDA:116,12,0,0
BRDA:116,13,0,0
BRDA:116,13,1,0
BRDA:122,14,0,0
BRDA:124,15,0,0
BRDA:124,16,0,0
BRDA:124,16,1,0
BRDA:124,16,2,0
BRDA:124,16,3,0
BRDA:130,17,0,0
BRDA:132,18,0,0
BRDA:143,19,0,0
BRDA:150,20,0,6
BRDA:154,21,0,0
BRDA:154,22,0,6
BRDA:154,22,1,6
BRDA:159,23,0,0
BRDA:163,24,0,5
BRDA:163,24,1,1
BRDA:168,25,0,0
BRDA:168,26,0,0
BRDA:168,26,1,0
BRDA:182,27,0,1
BRDA:187,28,0,12
BRDA:187,29,0,13
BRDA:187,29,1,1
BRDA:189,30,0,0
BRDA:195,31,0,12
BRDA:195,32,0,13
BRDA:195,32,1,1
BRDA:204,33,0,0
BRDA:205,34,0,0
BRDA:205,34,1,0
BRDA:207,35,0,0
BRDA:208,36,0,0
BRDA:208,36,1,0
BRDA:211,37,0,0
BRDA:220,38,0,1
BRDA:220,39,0,1
BRDA:220,39,1,1
BRDA:223,40,0,0
BRDA:223,40,1,1
BRDA:223,41,0,1
BRDA:223,41,1,1
BRDA:225,42,0,0
BRDA:240,43,0,0
BRDA:242,44,0,0
BRDA:242,44,1,0
BRDA:244,45,0,0
BRDA:253,46,0,0
BRDA:256,47,0,0
BRDA:256,47,1,0
BRDA:257,48,0,0
BRDA:266,49,0,2
BRDA:273,50,0,0
BRDA:273,51,0,0
BRDA:273,51,1,0
BRDA:282,52,0,3
BRDA:292,53,0,2
BRDA:302,54,0,6
BRDA:303,55,0,1
BRDA:326,56,0,0
BRDA:330,57,0,1
BRDA:334,58,0,1
BRDA:338,59,0,1
BRDA:347,60,0,7
BRDA:356,61,0,1
BRDA:362,62,0,0
BRDA:371,63,0,0
BRDA:375,64,0,1
BRDA:384,65,0,0
BRDA:386,66,0,0
BRDA:393,67,0,2
BRDA:402,68,0,0
BRDA:415,69,0,0
BRDA:418,70,0,0
BRDA:418,70,1,0
BRDA:419,71,0,0
BRDA:432,72,0,0
BRDA:435,73,0,0
BRDA:435,73,1,0
BRDA:442,74,0,4
BRDA:452,75,0,0
BRDA:456,76,0,1
BRDA:456,77,0,8
BRDA:456,77,1,7
BRDA:465,78,0,0
BRF:107
BRH:37
end_of_record
