TN:
SF:src\app.ts
FN:32,(anonymous_1)
FN:186,(anonymous_2)
FN:196,(anonymous_3)
FN:200,(anonymous_4)
FNF:4
FNH:0
FNDA:0,(anonymous_1)
FNDA:0,(anonymous_2)
FNDA:0,(anonymous_3)
FNDA:0,(anonymous_4)
DA:1,0
DA:2,0
DA:3,0
DA:4,0
DA:6,0
DA:8,0
DA:9,0
DA:12,0
DA:13,0
DA:14,0
DA:17,0
DA:18,0
DA:19,0
DA:20,0
DA:22,0
DA:25,0
DA:26,0
DA:27,0
DA:28,0
DA:29,0
DA:32,0
DA:33,0
DA:34,0
DA:36,0
DA:37,0
DA:49,0
DA:50,0
DA:62,0
DA:64,0
DA:65,0
DA:76,0
DA:78,0
DA:80,0
DA:83,0
DA:86,0
DA:88,0
DA:116,0
DA:118,0
DA:121,0
DA:124,0
DA:126,0
DA:160,0
DA:172,0
DA:173,0
DA:186,0
DA:187,0
DA:196,0
DA:197,0
DA:200,0
DA:201,0
DA:202,0
DA:203,0
LF:52
LH:0
BRDA:9,0,0,0
BRDA:9,0,1,0
BRDA:36,1,0,0
BRDA:36,2,0,0
BRDA:36,2,1,0
BRDA:36,2,2,0
BRDA:49,3,0,0
BRDA:64,4,0,0
BRDA:78,5,0,0
BRDA:78,5,1,0
BRDA:83,6,0,0
BRDA:83,6,1,0
BRDA:116,7,0,0
BRDA:116,7,1,0
BRDA:121,8,0,0
BRDA:121,8,1,0
BRDA:202,9,0,0
BRDA:202,9,1,0
BRDA:203,10,0,0
BRDA:203,10,1,0
BRF:20
BRH:0
end_of_record
TN:
SF:src\controllers\chatController.ts
FN:11,getSessionId
FN:16,extractWfhDetails
FN:21,processWfhRequest
FN:34,extractLeaveDetails
FN:45,processLeaveRequest
FN:114,(anonymous_6)
FNF:6
FNH:2
FNDA:3,getSessionId
FNDA:0,extractWfhDetails
FNDA:0,processWfhRequest
FNDA:0,extractLeaveDetails
FNDA:0,processLeaveRequest
FNDA:4,(anonymous_6)
DA:2,1
DA:3,1
DA:5,1
DA:6,1
DA:8,1
DA:9,1
DA:12,3
DA:17,0
DA:22,0
DA:23,0
DA:26,0
DA:41,0
DA:52,0
DA:53,0
DA:56,0
DA:57,0
DA:60,0
DA:61,0
DA:62,0
DA:63,0
DA:65,0
DA:72,0
DA:74,0
DA:75,0
DA:84,0
DA:90,0
DA:92,0
DA:100,0
DA:101,0
DA:109,0
DA:111,0
DA:114,1
DA:115,4
DA:116,4
DA:118,4
DA:119,1
DA:122,3
DA:124,3
DA:125,3
DA:126,3
DA:127,3
DA:130,3
DA:133,3
DA:135,1
DA:137,1
DA:139,0
DA:140,0
DA:142,0
DA:152,0
DA:159,1
DA:161,1
DA:167,1
DA:176,2
DA:177,0
DA:179,0
DA:180,0
DA:181,0
DA:183,0
DA:193,0
DA:199,0
DA:203,0
DA:212,2
DA:213,0
DA:214,0
DA:216,0
DA:218,0
DA:220,0
DA:221,0
DA:222,0
DA:224,0
DA:225,0
DA:241,0
DA:242,0
DA:243,0
DA:248,0
DA:265,0
DA:274,0
DA:286,0
DA:295,0
DA:296,0
DA:297,0
DA:303,0
DA:305,0
DA:306,0
DA:307,0
DA:314,0
DA:324,0
DA:332,0
DA:333,0
DA:334,0
DA:341,0
DA:343,0
DA:344,0
DA:351,0
DA:358,0
DA:364,0
DA:373,2
DA:374,0
DA:376,0
DA:378,0
DA:380,0
DA:382,0
DA:383,0
DA:385,0
DA:401,0
DA:406,0
DA:408,0
DA:410,0
DA:412,0
DA:414,0
DA:415,0
DA:417,0
DA:431,0
DA:436,0
DA:441,0
DA:459,0
DA:464,0
DA:468,2
DA:469,2
DA:472,0
DA:476,0
DA:477,0
DA:478,0
DA:480,0
DA:481,0
DA:482,0
DA:483,0
DA:484,0
DA:485,0
DA:488,0
DA:489,0
DA:490,0
DA:495,0
DA:504,0
DA:509,0
DA:514,0
DA:518,0
DA:519,0
DA:521,0
DA:522,0
DA:524,0
DA:526,0
DA:529,0
DA:531,0
DA:537,0
DA:543,0
DA:549,2
DA:556,2
DA:559,2
DA:560,2
DA:562,2
DA:565,0
DA:567,0
DA:568,0
DA:573,0
DA:585,0
DA:587,0
DA:589,0
DA:591,0
DA:597,0
DA:603,0
DA:604,0
DA:606,0
DA:607,0
DA:609,0
DA:616,0
DA:617,0
DA:618,0
DA:626,0
DA:636,0
DA:640,0
DA:642,0
DA:644,0
DA:645,0
DA:648,0
DA:655,0
DA:667,0
DA:669,0
DA:671,0
DA:672,0
DA:674,0
DA:677,0
DA:684,0
DA:687,1
DA:706,1
DA:709,1
DA:727,1
DA:730,0
DA:756,0
DA:760,0
DA:761,0
DA:762,0
DA:765,2
DA:772,0
DA:773,0
DA:779,1
LF:196
LH:40
BRDA:12,0,0,3
BRDA:12,0,1,0
BRDA:22,1,0,0
BRDA:22,2,0,0
BRDA:22,2,1,0
BRDA:27,3,0,0
BRDA:27,3,1,0
BRDA:52,4,0,0
BRDA:52,5,0,0
BRDA:52,5,1,0
BRDA:56,6,0,0
BRDA:56,6,1,0
BRDA:57,7,0,0
BRDA:57,7,1,0
BRDA:72,8,0,0
BRDA:90,9,0,0
BRDA:106,10,0,0
BRDA:106,10,1,0
BRDA:118,11,0,1
BRDA:133,12,0,1
BRDA:133,13,0,3
BRDA:133,13,1,1
BRDA:137,14,0,0
BRDA:137,14,1,1
BRDA:176,15,0,0
BRDA:179,16,0,0
BRDA:179,16,1,0
BRDA:212,17,0,0
BRDA:216,18,0,0
BRDA:216,18,1,0
BRDA:216,19,0,0
BRDA:216,19,1,0
BRDA:220,20,0,0
BRDA:220,20,1,0
BRDA:224,21,0,0
BRDA:224,21,1,0
BRDA:241,22,0,0
BRDA:241,22,1,0
BRDA:269,23,0,0
BRDA:269,23,1,0
BRDA:270,24,0,0
BRDA:270,24,1,0
BRDA:278,25,0,0
BRDA:278,25,1,0
BRDA:280,26,0,0
BRDA:280,26,1,0
BRDA:280,27,0,0
BRDA:280,27,1,0
BRDA:303,28,0,0
BRDA:341,29,0,0
BRDA:341,29,1,0
BRDA:373,30,0,0
BRDA:373,31,0,2
BRDA:373,31,1,0
BRDA:376,32,0,0
BRDA:376,32,1,0
BRDA:380,33,0,0
BRDA:380,34,0,0
BRDA:380,34,1,0
BRDA:389,35,0,0
BRDA:389,35,1,0
BRDA:389,36,0,0
BRDA:389,36,1,0
BRDA:394,37,0,0
BRDA:394,37,1,0
BRDA:394,38,0,0
BRDA:394,38,1,0
BRDA:395,39,0,0
BRDA:395,39,1,0
BRDA:408,40,0,0
BRDA:412,41,0,0
BRDA:425,42,0,0
BRDA:425,42,1,0
BRDA:444,43,0,0
BRDA:444,43,1,0
BRDA:446,44,0,0
BRDA:446,44,1,0
BRDA:446,45,0,0
BRDA:446,45,1,0
BRDA:455,46,0,0
BRDA:455,46,1,0
BRDA:469,47,0,0
BRDA:472,48,0,0
BRDA:472,49,0,0
BRDA:472,49,1,0
BRDA:472,49,2,0
BRDA:480,50,0,0
BRDA:480,50,1,0
BRDA:482,51,0,0
BRDA:482,51,1,0
BRDA:483,52,0,0
BRDA:483,52,1,0
BRDA:484,53,0,0
BRDA:484,53,1,0
BRDA:489,54,0,0
BRDA:519,55,0,0
BRDA:519,56,0,0
BRDA:519,56,1,0
BRDA:524,57,0,0
BRDA:524,58,0,0
BRDA:524,58,1,0
BRDA:534,59,0,0
BRDA:534,59,1,0
BRDA:534,60,0,0
BRDA:534,60,1,0
BRDA:535,61,0,0
BRDA:535,61,1,0
BRDA:549,62,0,2
BRDA:549,62,1,2
BRDA:549,62,2,2
BRDA:549,62,3,2
BRDA:549,62,4,2
BRDA:562,63,0,0
BRDA:562,63,1,0
BRDA:562,63,2,1
BRDA:562,63,3,1
BRDA:562,63,4,0
BRDA:562,63,5,0
BRDA:565,64,0,0
BRDA:565,64,1,0
BRDA:569,65,0,0
BRDA:569,65,1,0
BRDA:587,66,0,0
BRDA:587,66,1,0
BRDA:587,67,0,0
BRDA:587,67,1,0
BRDA:587,67,2,0
BRDA:594,68,0,0
BRDA:594,68,1,0
BRDA:594,69,0,0
BRDA:594,69,1,0
BRDA:595,70,0,0
BRDA:595,70,1,0
BRDA:604,71,0,0
BRDA:604,71,1,0
BRDA:604,72,0,0
BRDA:604,72,1,0
BRDA:607,73,0,0
BRDA:607,73,1,0
BRDA:607,74,0,0
BRDA:607,74,1,0
BRDA:617,75,0,0
BRDA:617,75,1,0
BRDA:642,76,0,0
BRDA:642,76,1,0
BRDA:642,77,0,0
BRDA:642,77,1,0
BRDA:660,78,0,0
BRDA:660,78,1,0
BRDA:669,79,0,0
BRDA:669,79,1,0
BRDA:672,80,0,0
BRDA:672,80,1,0
BRF:153
BRH:14
end_of_record
TN:
SF:src\controllers\leaveController.ts
FN:7,(anonymous_0)
FN:59,(anonymous_1)
FNF:2
FNH:0
FNDA:0,(anonymous_0)
FNDA:0,(anonymous_1)
DA:2,0
DA:4,0
DA:6,0
DA:8,0
DA:9,0
DA:12,0
DA:13,0
DA:18,0
DA:21,0
DA:29,0
DA:30,0
DA:45,0
DA:52,0
DA:53,0
DA:60,0
DA:61,0
DA:63,0
DA:65,0
DA:66,0
DA:71,0
DA:76,0
DA:77,0
LF:22
LH:0
BRDA:12,0,0,0
BRDA:12,1,0,0
BRDA:12,1,1,0
BRDA:12,1,2,0
BRDA:12,1,3,0
BRDA:26,2,0,0
BRDA:26,2,1,0
BRDA:29,3,0,0
BRDA:29,3,1,0
BRDA:65,4,0,0
BRDA:65,4,1,0
BRF:11
BRH:0
end_of_record
TN:
SF:src\controllers\wfhController.ts
FN:7,(anonymous_0)
FN:56,(anonymous_1)
FNF:2
FNH:0
FNDA:0,(anonymous_0)
FNDA:0,(anonymous_1)
DA:2,0
DA:4,0
DA:6,0
DA:8,0
DA:9,0
DA:12,0
DA:13,0
DA:18,0
DA:21,0
DA:27,0
DA:28,0
DA:42,0
DA:49,0
DA:50,0
DA:57,0
DA:58,0
DA:60,0
DA:62,0
DA:63,0
DA:68,0
DA:73,0
DA:74,0
LF:22
LH:0
BRDA:12,0,0,0
BRDA:12,1,0,0
BRDA:12,1,1,0
BRDA:24,2,0,0
BRDA:24,2,1,0
BRDA:27,3,0,0
BRDA:27,3,1,0
BRDA:35,4,0,0
BRDA:35,4,1,0
BRDA:62,5,0,0
BRDA:62,5,1,0
BRF:11
BRH:0
end_of_record
TN:
SF:src\middleware\auth.ts
FN:3,(anonymous_0)
FNF:1
FNH:0
FNDA:0,(anonymous_0)
DA:3,0
DA:4,0
DA:6,0
DA:7,0
DA:21,0
LF:5
LH:0
BRDA:6,0,0,0
BRF:1
BRH:0
end_of_record
TN:
SF:src\middleware\validation.ts
FN:3,(anonymous_0)
FN:13,(anonymous_1)
FN:23,(anonymous_2)
FNF:3
FNH:0
FNDA:0,(anonymous_0)
FNDA:0,(anonymous_1)
FNDA:0,(anonymous_2)
DA:3,0
DA:4,0
DA:6,0
DA:7,0
DA:10,0
DA:13,0
DA:14,0
DA:16,0
DA:17,0
DA:20,0
DA:23,0
DA:24,0
DA:26,0
DA:27,0
DA:30,0
LF:15
LH:0
BRDA:6,0,0,0
BRDA:6,1,0,0
BRDA:6,1,1,0
BRDA:6,1,2,0
BRDA:6,1,3,0
BRDA:6,1,4,0
BRDA:16,2,0,0
BRDA:16,3,0,0
BRDA:16,3,1,0
BRDA:16,3,2,0
BRDA:16,3,3,0
BRDA:26,4,0,0
BRF:12
BRH:0
end_of_record
TN:
SF:src\models\Employee.ts
FN:6,(anonymous_0)
FNF:1
FNH:0
FNDA:0,(anonymous_0)
DA:1,0
DA:7,0
DA:8,0
DA:9,0
LF:4
LH:0
BRF:0
BRH:0
end_of_record
TN:
SF:src\models\LeaveRequest.ts
FN:9,(anonymous_0)
FNF:1
FNH:0
FNDA:0,(anonymous_0)
DA:1,0
DA:10,0
DA:11,0
DA:12,0
DA:13,0
DA:14,0
DA:15,0
LF:7
LH:0
BRF:0
BRH:0
end_of_record
TN:
SF:src\models\WfhRequest.ts
FN:8,(anonymous_0)
FNF:1
FNH:0
FNDA:0,(anonymous_0)
DA:1,0
DA:9,0
DA:10,0
DA:11,0
DA:12,0
DA:13,0
LF:6
LH:0
BRF:0
BRH:0
end_of_record
TN:
SF:src\routes\chat.ts
FN:6,setChatRoutes
FNF:1
FNH:0
FNDA:0,setChatRoutes
DA:1,0
DA:2,0
DA:4,0
DA:6,0
DA:7,0
LF:5
LH:0
BRF:0
BRH:0
end_of_record
TN:
SF:src\routes\leave.ts
FN:6,setLeaveRoutes
FNF:1
FNH:0
FNDA:0,setLeaveRoutes
DA:1,0
DA:2,0
DA:4,0
DA:6,0
DA:7,0
LF:5
LH:0
BRF:0
BRH:0
end_of_record
TN:
SF:src\routes\wfh.ts
FN:6,setWfhRoutes
FNF:1
FNH:0
FNDA:0,setWfhRoutes
DA:1,0
DA:2,0
DA:4,0
DA:6,0
DA:7,0
LF:5
LH:0
BRF:0
BRH:0
end_of_record
TN:
SF:src\services\aiService.ts
FN:15,(anonymous_10)
FN:51,(anonymous_11)
FN:58,(anonymous_12)
FN:92,(anonymous_13)
FN:97,(anonymous_14)
FN:102,(anonymous_15)
FN:120,(anonymous_16)
FN:136,(anonymous_17)
FN:162,(anonymous_18)
FN:166,(anonymous_19)
FNF:10
FNH:4
FNDA:0,(anonymous_10)
FNDA:0,(anonymous_11)
FNDA:0,(anonymous_12)
FNDA:2,(anonymous_13)
FNDA:10,(anonymous_14)
FNDA:0,(anonymous_15)
FNDA:14,(anonymous_16)
FNDA:15,(anonymous_17)
FNDA:0,(anonymous_18)
FNDA:0,(anonymous_19)
DA:1,1
DA:2,1
DA:3,1
DA:5,1
DA:10,1
DA:11,1
DA:12,1
DA:14,1
DA:16,0
DA:18,0
DA:52,0
DA:54,0
DA:55,0
DA:56,0
DA:58,0
DA:62,0
DA:64,0
DA:75,0
DA:77,0
DA:80,0
DA:81,0
DA:82,0
DA:83,0
DA:84,0
DA:88,0
DA:93,2
DA:96,2
DA:97,10
DA:99,2
DA:101,0
DA:102,0
DA:104,0
DA:105,0
DA:109,0
DA:110,0
DA:115,2
DA:117,2
DA:119,2
DA:120,14
DA:121,0
DA:125,2
DA:126,1
DA:130,1
DA:136,15
DA:139,1
DA:143,1
DA:144,0
DA:149,1
DA:150,1
DA:154,0
DA:155,0
DA:159,0
DA:163,0
DA:167,0
LF:54
LH:24
BRDA:16,0,0,0
BRDA:16,0,1,0
BRDA:55,1,0,0
BRDA:55,2,0,0
BRDA:55,2,1,0
BRDA:75,3,0,0
BRDA:75,3,1,0
BRDA:80,4,0,0
BRDA:81,5,0,0
BRDA:81,5,1,0
BRDA:83,6,0,0
BRDA:99,7,0,0
BRDA:104,8,0,0
BRDA:109,9,0,0
BRDA:109,10,0,0
BRDA:109,10,1,0
BRDA:115,11,0,2
BRDA:115,11,1,1
BRDA:117,12,0,2
BRDA:117,13,0,2
BRDA:117,13,1,2
BRDA:120,14,0,0
BRDA:125,15,0,1
BRDA:125,16,0,2
BRDA:125,16,1,1
BRDA:125,16,2,1
BRDA:139,17,0,1
BRDA:139,17,1,1
BRDA:139,17,2,1
BRDA:143,18,0,0
BRDA:143,19,0,1
BRDA:143,19,1,1
BRDA:149,20,0,1
BRDA:149,21,0,1
BRDA:149,21,1,1
BRDA:149,21,2,1
BRDA:149,21,3,0
BRDA:154,22,0,0
BRDA:154,23,0,0
BRDA:154,23,1,0
BRDA:154,23,2,0
BRF:41
BRH:18
end_of_record
TN:
SF:src\services\hrService.ts
FN:2,(anonymous_0)
FN:6,(anonymous_1)
FNF:2
FNH:0
FNDA:0,(anonymous_0)
FNDA:0,(anonymous_1)
DA:1,0
LF:1
LH:0
BRF:0
BRH:0
end_of_record
TN:
SF:src\services\salesforceService.ts
FN:10,(anonymous_1)
FN:27,(anonymous_2)
FN:46,(anonymous_3)
FN:63,(anonymous_4)
FN:72,(anonymous_5)
FN:131,(anonymous_6)
FN:148,(anonymous_7)
FN:157,(anonymous_8)
FN:166,(anonymous_9)
FN:209,(anonymous_10)
FN:225,(anonymous_11)
FN:234,(anonymous_12)
FN:243,(anonymous_13)
FN:244,(anonymous_14)
FN:253,(anonymous_15)
FN:278,(anonymous_16)
FN:283,(anonymous_17)
FN:292,(anonymous_18)
FN:341,(anonymous_19)
FN:342,(anonymous_20)
FN:355,(anonymous_21)
FN:364,(anonymous_22)
FN:387,(anonymous_23)
FN:407,(anonymous_24)
FN:409,(anonymous_25)
FN:415,(anonymous_26)
FN:423,(anonymous_27)
FN:436,(anonymous_28)
FN:451,(anonymous_29)
FN:453,(anonymous_30)
FN:459,(anonymous_31)
FN:464,(anonymous_32)
FNF:32
FNH:2
FNDA:1,(anonymous_1)
FNDA:0,(anonymous_2)
FNDA:1,(anonymous_3)
FNDA:0,(anonymous_4)
FNDA:0,(anonymous_5)
FNDA:0,(anonymous_6)
FNDA:0,(anonymous_7)
FNDA:0,(anonymous_8)
FNDA:0,(anonymous_9)
FNDA:0,(anonymous_10)
FNDA:0,(anonymous_11)
FNDA:0,(anonymous_12)
FNDA:0,(anonymous_13)
FNDA:0,(anonymous_14)
FNDA:0,(anonymous_15)
FNDA:0,(anonymous_16)
FNDA:0,(anonymous_17)
FNDA:0,(anonymous_18)
FNDA:0,(anonymous_19)
FNDA:0,(anonymous_20)
FNDA:0,(anonymous_21)
FNDA:0,(anonymous_22)
FNDA:0,(anonymous_23)
FNDA:0,(anonymous_24)
FNDA:0,(anonymous_25)
FNDA:0,(anonymous_26)
FNDA:0,(anonymous_27)
FNDA:0,(anonymous_28)
FNDA:0,(anonymous_29)
FNDA:0,(anonymous_30)
FNDA:0,(anonymous_31)
FNDA:0,(anonymous_32)
DA:2,1
DA:4,1
DA:5,1
DA:6,1
DA:11,1
DA:12,1
DA:15,1
DA:16,0
DA:22,1
DA:23,1
DA:28,0
DA:29,0
DA:30,0
DA:31,0
DA:33,0
DA:35,0
DA:36,0
DA:37,0
DA:39,0
DA:41,0
DA:42,0
DA:48,1
DA:60,1
DA:64,0
DA:65,0
DA:69,0
DA:73,0
DA:75,0
DA:76,0
DA:77,0
DA:81,0
DA:89,0
DA:92,0
DA:103,0
DA:104,0
DA:105,0
DA:107,0
DA:110,0
DA:112,0
DA:113,0
DA:115,0
DA:123,0
DA:124,0
DA:132,0
DA:145,0
DA:148,0
DA:150,0
DA:151,0
DA:154,0
DA:158,0
DA:159,0
DA:163,0
DA:167,0
DA:168,0
DA:169,0
DA:170,0
DA:174,0
DA:184,0
DA:185,0
DA:188,0
DA:190,0
DA:191,0
DA:193,0
DA:201,0
DA:202,0
DA:211,0
DA:222,0
DA:225,0
DA:227,0
DA:228,0
DA:231,0
DA:235,0
DA:236,0
DA:240,0
DA:244,0
DA:246,0
DA:247,0
DA:249,0
DA:254,0
DA:255,0
DA:256,0
DA:257,0
DA:260,0
DA:262,0
DA:264,0
DA:265,0
DA:266,0
DA:268,0
DA:269,0
DA:273,0
DA:274,0
DA:279,0
DA:284,0
DA:285,0
DA:289,0
DA:293,0
DA:294,0
DA:295,0
DA:296,0
DA:300,0
DA:305,0
DA:308,0
DA:309,0
DA:316,0
DA:327,0
DA:330,0
DA:333,0
DA:336,0
DA:337,0
DA:342,0
DA:344,0
DA:345,0
DA:346,0
DA:347,0
DA:348,0
DA:350,0
DA:356,0
DA:357,0
DA:361,0
DA:365,0
DA:366,0
DA:367,0
DA:368,0
DA:372,0
DA:382,0
DA:384,0
DA:385,0
DA:387,0
DA:398,0
DA:401,0
DA:403,0
DA:409,0
DA:411,0
DA:412,0
DA:415,0
DA:416,0
DA:423,0
DA:424,0
DA:425,0
DA:428,0
DA:430,0
DA:433,0
DA:434,0
DA:436,0
DA:447,0
DA:452,0
DA:453,0
DA:454,0
DA:455,0
DA:460,0
DA:465,0
DA:466,0
DA:468,0
LF:153
LH:11
BRDA:12,0,0,1
BRDA:12,0,1,0
BRDA:15,1,0,0
BRDA:17,2,0,0
BRDA:17,2,1,0
BRDA:22,3,0,1
BRDA:29,4,0,0
BRDA:29,4,1,0
BRDA:30,5,0,0
BRDA:30,5,1,0
BRDA:31,6,0,0
BRDA:31,6,1,0
BRDA:64,7,0,0
BRDA:76,8,0,0
BRDA:89,9,0,0
BRDA:89,9,1,0
BRDA:103,10,0,0
BRDA:103,10,1,0
BRDA:135,11,0,0
BRDA:135,11,1,0
BRDA:158,12,0,0
BRDA:169,13,0,0
BRDA:184,14,0,0
BRDA:214,15,0,0
BRDA:214,15,1,0
BRDA:235,16,0,0
BRDA:246,17,0,0
BRDA:246,17,1,0
BRDA:256,18,0,0
BRDA:264,19,0,0
BRDA:264,19,1,0
BRDA:264,20,0,0
BRDA:264,20,1,0
BRDA:284,21,0,0
BRDA:295,22,0,0
BRDA:310,23,0,0
BRDA:310,23,1,0
BRDA:344,24,0,0
BRDA:344,24,1,0
BRDA:356,25,0,0
BRDA:367,26,0,0
BRDA:384,27,0,0
BRDA:384,28,0,0
BRDA:384,28,1,0
BRDA:416,29,0,0
BRDA:416,29,1,0
BRDA:416,29,2,0
BRDA:416,29,3,0
BRDA:428,30,0,0
BRDA:428,30,1,0
BRDA:433,31,0,0
BRDA:465,32,0,0
BRF:52
BRH:2
end_of_record
TN:
SF:src\utils\config.ts
FNF:0
FNH:0
DA:1,0
LF:1
LH:0
BRDA:2,0,0,0
BRDA:2,0,1,0
BRDA:3,1,0,0
BRDA:3,1,1,0
BRDA:4,2,0,0
BRDA:4,2,1,0
BRDA:5,3,0,0
BRDA:5,3,1,0
BRDA:6,4,0,0
BRDA:6,4,1,0
BRF:10
BRH:0
end_of_record
TN:
SF:src\utils\contextManager.ts
FN:40,(anonymous_0)
FN:48,(anonymous_1)
FN:61,(anonymous_2)
FN:70,(anonymous_3)
FN:94,(anonymous_4)
FN:104,(anonymous_5)
FN:112,(anonymous_6)
FN:120,(anonymous_7)
FN:130,(anonymous_8)
FN:138,(anonymous_9)
FN:145,(anonymous_10)
FN:152,(anonymous_11)
FN:160,(anonymous_12)
FN:167,(anonymous_13)
FN:174,(anonymous_14)
FN:182,(anonymous_15)
FN:189,(anonymous_16)
FN:196,(anonymous_17)
FN:204,(anonymous_18)
FN:211,(anonymous_19)
FN:219,(anonymous_20)
FN:226,(anonymous_21)
FN:247,(anonymous_22)
FN:256,(anonymous_23)
FN:264,(anonymous_24)
FN:272,(anonymous_25)
FN:281,(anonymous_26)
FNF:27
FNH:11
FNDA:1,(anonymous_0)
FNDA:23,(anonymous_1)
FNDA:3,(anonymous_2)
FNDA:5,(anonymous_3)
FNDA:2,(anonymous_4)
FNDA:3,(anonymous_5)
FNDA:0,(anonymous_6)
FNDA:2,(anonymous_7)
FNDA:3,(anonymous_8)
FNDA:1,(anonymous_9)
FNDA:0,(anonymous_10)
FNDA:0,(anonymous_11)
FNDA:0,(anonymous_12)
FNDA:0,(anonymous_13)
FNDA:0,(anonymous_14)
FNDA:0,(anonymous_15)
FNDA:0,(anonymous_16)
FNDA:2,(anonymous_17)
FNDA:0,(anonymous_18)
FNDA:0,(anonymous_19)
FNDA:0,(anonymous_20)
FNDA:0,(anonymous_21)
FNDA:0,(anonymous_22)
FNDA:0,(anonymous_23)
FNDA:2,(anonymous_24)
FNDA:0,(anonymous_25)
FNDA:0,(anonymous_26)
DA:40,1
DA:41,1
DA:42,1
DA:43,1
DA:49,23
DA:50,3
DA:55,23
DA:62,3
DA:63,3
DA:64,3
DA:71,5
DA:73,5
DA:74,0
DA:77,5
DA:84,5
DA:85,0
DA:88,5
DA:95,2
DA:96,2
DA:98,2
DA:105,3
DA:106,3
DA:113,0
DA:114,0
DA:121,2
DA:131,3
DA:132,3
DA:139,1
DA:146,0
DA:153,0
DA:154,0
DA:161,0
DA:168,0
DA:175,0
DA:176,0
DA:183,0
DA:190,0
DA:197,2
DA:198,2
DA:205,0
DA:212,0
DA:213,0
DA:220,0
DA:227,0
DA:229,0
DA:230,0
DA:231,0
DA:234,0
DA:235,0
DA:237,0
DA:238,0
DA:239,0
DA:248,0
DA:249,0
DA:250,0
DA:257,0
DA:258,0
DA:265,2
DA:266,2
DA:273,0
DA:274,0
DA:275,0
DA:282,0
DA:284,0
DA:296,1
LF:65
LH:29
BRDA:49,0,0,3
BRDA:73,1,0,0
BRDA:84,2,0,0
BRDA:94,3,0,2
BRDA:96,4,0,0
BRDA:132,5,0,3
BRDA:132,5,1,0
BRDA:213,6,0,0
BRDA:213,6,1,0
BRDA:230,7,0,0
BRDA:230,8,0,0
BRDA:230,8,1,0
BRDA:237,9,0,0
BRDA:287,10,0,0
BRDA:287,10,1,0
BRF:15
BRH:3
end_of_record
TN:
SF:src\utils\dateParser.ts
FN:11,(anonymous_0)
FN:30,(anonymous_1)
FN:80,(anonymous_2)
FN:141,(anonymous_3)
FN:173,(anonymous_4)
FN:208,(anonymous_5)
FN:221,(anonymous_6)
FN:232,(anonymous_7)
FNF:8
FNH:1
FNDA:1,(anonymous_0)
FNDA:0,(anonymous_1)
FNDA:0,(anonymous_2)
FNDA:0,(anonymous_3)
FNDA:0,(anonymous_4)
FNDA:0,(anonymous_5)
FNDA:0,(anonymous_6)
FNDA:0,(anonymous_7)
DA:11,1
DA:12,1
DA:31,0
DA:33,0
DA:36,0
DA:37,0
DA:40,0
DA:41,0
DA:42,0
DA:46,0
DA:47,0
DA:48,0
DA:49,0
DA:50,0
DA:53,0
DA:54,0
DA:59,0
DA:60,0
DA:61,0
DA:62,0
DA:63,0
DA:65,0
DA:66,0
DA:71,0
DA:72,0
DA:74,0
DA:81,0
DA:84,0
DA:85,0
DA:86,0
DA:87,0
DA:88,0
DA:89,0
DA:90,0
DA:91,0
DA:92,0
DA:93,0
DA:95,0
DA:102,0
DA:103,0
DA:104,0
DA:105,0
DA:106,0
DA:107,0
DA:109,0
DA:116,0
DA:117,0
DA:118,0
DA:119,0
DA:120,0
DA:121,0
DA:123,0
DA:124,0
DA:126,0
DA:127,0
DA:128,0
DA:135,0
DA:142,0
DA:143,0
DA:145,0
DA:146,0
DA:149,0
DA:150,0
DA:151,0
DA:152,0
DA:155,0
DA:156,0
DA:157,0
DA:158,0
DA:161,0
DA:162,0
DA:163,0
DA:164,0
DA:167,0
DA:175,0
DA:176,0
DA:178,0
DA:179,0
DA:180,0
DA:181,0
DA:182,0
DA:183,0
DA:185,0
DA:186,0
DA:190,0
DA:191,0
DA:192,0
DA:193,0
DA:194,0
DA:195,0
DA:197,0
DA:198,0
DA:202,0
DA:209,0
DA:210,0
DA:212,0
DA:213,0
DA:222,0
DA:223,0
DA:224,0
DA:225,0
DA:226,0
DA:233,0
DA:234,0
DA:239,0
DA:243,1
LF:106
LH:3
BRDA:31,0,0,0
BRDA:37,1,0,0
BRDA:41,2,0,0
BRDA:47,3,0,0
BRDA:53,4,0,0
BRDA:60,5,0,0
BRDA:65,6,0,0
BRDA:72,7,0,0
BRDA:85,8,0,0
BRDA:92,9,0,0
BRDA:92,9,1,0
BRDA:93,10,0,0
BRDA:93,10,1,0
BRDA:103,11,0,0
BRDA:117,12,0,0
BRDA:126,13,0,0
BRDA:126,14,0,0
BRDA:126,14,1,0
BRDA:145,15,0,0
BRDA:149,16,0,0
BRDA:155,17,0,0
BRDA:161,18,0,0
BRDA:179,19,0,0
BRDA:182,20,0,0
BRDA:182,20,1,0
BRDA:185,21,0,0
BRDA:185,22,0,0
BRDA:185,22,1,0
BRDA:191,23,0,0
BRDA:194,24,0,0
BRDA:194,24,1,0
BRDA:197,25,0,0
BRDA:197,26,0,0
BRDA:197,26,1,0
BRDA:209,27,0,0
BRDA:209,28,0,0
BRDA:209,28,1,0
BRDA:210,29,0,0
BRDA:210,30,0,0
BRDA:210,30,1,0
BRDA:213,31,0,0
BRDA:213,31,1,0
BRDA:213,31,2,0
BRF:43
BRH:0
end_of_record
TN:
SF:src\utils\entityExtractor.ts
FN:23,(anonymous_1)
FN:35,(anonymous_2)
FN:54,(anonymous_3)
FN:89,(anonymous_4)
FN:122,(anonymous_5)
FN:167,(anonymous_6)
FN:209,(anonymous_7)
FN:232,(anonymous_8)
FN:240,(anonymous_9)
FN:243,(anonymous_10)
FN:249,(anonymous_11)
FN:252,(anonymous_12)
FN:258,(anonymous_13)
FN:263,(anonymous_14)
FN:269,(anonymous_15)
FN:279,(anonymous_16)
FN:282,(anonymous_17)
FNF:17
FNH:4
FNDA:1,(anonymous_1)
FNDA:0,(anonymous_2)
FNDA:0,(anonymous_3)
FNDA:0,(anonymous_4)
FNDA:0,(anonymous_5)
FNDA:0,(anonymous_6)
FNDA:0,(anonymous_7)
FNDA:1,(anonymous_8)
FNDA:2,(anonymous_9)
FNDA:14,(anonymous_10)
FNDA:0,(anonymous_11)
FNDA:0,(anonymous_12)
FNDA:0,(anonymous_13)
FNDA:0,(anonymous_14)
FNDA:0,(anonymous_15)
FNDA:0,(anonymous_16)
FNDA:0,(anonymous_17)
DA:6,1
DA:23,1
DA:24,1
DA:36,0
DA:39,0
DA:40,0
DA:41,0
DA:44,0
DA:56,0
DA:57,0
DA:58,0
DA:60,0
DA:61,0
DA:62,0
DA:64,0
DA:65,0
DA:69,0
DA:72,0
DA:73,0
DA:74,0
DA:77,0
DA:90,0
DA:93,0
DA:94,0
DA:95,0
DA:101,0
DA:102,0
DA:106,0
DA:107,0
DA:111,0
DA:112,0
DA:116,0
DA:124,0
DA:125,0
DA:126,0
DA:129,0
DA:130,0
DA:131,0
DA:134,0
DA:135,0
DA:136,0
DA:140,0
DA:141,0
DA:142,0
DA:143,0
DA:144,0
DA:149,0
DA:150,0
DA:151,0
DA:155,0
DA:156,0
DA:157,0
DA:161,0
DA:168,0
DA:193,0
DA:194,0
DA:198,0
DA:199,0
DA:200,0
DA:203,0
DA:210,0
DA:213,0
DA:214,0
DA:216,0
DA:217,0
DA:219,0
DA:220,0
DA:222,0
DA:223,0
DA:226,0
DA:233,1
DA:234,1
DA:241,2
DA:242,2
DA:243,14
DA:250,0
DA:251,0
DA:252,0
DA:259,0
DA:262,0
DA:263,0
DA:264,0
DA:268,0
DA:269,0
DA:270,0
DA:273,0
DA:280,0
DA:281,0
DA:282,0
DA:286,1
LF:90
LH:9
BRDA:40,0,0,0
BRDA:40,1,0,0
BRDA:40,1,1,0
BRDA:60,2,0,0
BRDA:60,2,1,0
BRDA:73,3,0,0
BRDA:73,4,0,0
BRDA:73,4,1,0
BRDA:94,5,0,0
BRDA:101,6,0,0
BRDA:106,7,0,0
BRDA:111,8,0,0
BRDA:125,9,0,0
BRDA:130,10,0,0
BRDA:135,11,0,0
BRDA:141,12,0,0
BRDA:143,13,0,0
BRDA:143,14,0,0
BRDA:143,14,1,0
BRDA:150,15,0,0
BRDA:156,16,0,0
BRDA:156,17,0,0
BRDA:156,17,1,0
BRDA:156,17,2,0
BRDA:193,18,0,0
BRDA:199,19,0,0
BRDA:213,20,0,0
BRDA:216,21,0,0
BRDA:219,22,0,0
BRDA:222,23,0,0
BRDA:234,24,0,0
BRDA:234,24,1,1
BRDA:252,25,0,0
BRDA:252,25,1,0
BRDA:263,26,0,0
BRDA:263,27,0,0
BRDA:263,27,1,0
BRDA:269,28,0,0
BRDA:269,29,0,0
BRDA:269,29,1,0
BRDA:282,30,0,0
BRDA:282,30,1,0
BRF:42
BRH:1
end_of_record
TN:
SF:src\utils\intentDetector.ts
FN:17,(anonymous_0)
FN:23,(anonymous_1)
FN:70,(anonymous_2)
FN:72,(anonymous_3)
FN:78,(anonymous_4)
FN:86,(anonymous_5)
FN:104,(anonymous_6)
FN:116,(anonymous_7)
FN:123,(anonymous_8)
FN:131,(anonymous_9)
FN:149,(anonymous_10)
FN:153,(anonymous_11)
FN:167,(anonymous_12)
FN:175,(anonymous_13)
FN:181,(anonymous_14)
FN:201,(anonymous_15)
FN:244,(anonymous_16)
FNF:17
FNH:0
FNDA:0,(anonymous_0)
FNDA:0,(anonymous_1)
FNDA:0,(anonymous_2)
FNDA:0,(anonymous_3)
FNDA:0,(anonymous_4)
FNDA:0,(anonymous_5)
FNDA:0,(anonymous_6)
FNDA:0,(anonymous_7)
FNDA:0,(anonymous_8)
FNDA:0,(anonymous_9)
FNDA:0,(anonymous_10)
FNDA:0,(anonymous_11)
FNDA:0,(anonymous_12)
FNDA:0,(anonymous_13)
FNDA:0,(anonymous_14)
FNDA:0,(anonymous_15)
FNDA:0,(anonymous_16)
DA:17,0
DA:18,0
DA:24,0
DA:25,0
DA:28,0
DA:29,0
DA:37,0
DA:38,0
DA:46,0
DA:47,0
DA:50,0
DA:51,0
DA:54,0
DA:55,0
DA:59,0
DA:60,0
DA:64,0
DA:71,0
DA:72,0
DA:74,0
DA:77,0
DA:78,0
DA:80,0
DA:87,0
DA:89,0
DA:92,0
DA:95,0
DA:104,0
DA:105,0
DA:106,0
DA:108,0
DA:117,0
DA:122,0
DA:123,0
DA:125,0
DA:132,0
DA:135,0
DA:138,0
DA:141,0
DA:143,0
DA:150,0
DA:153,0
DA:156,0
DA:159,0
DA:161,0
DA:168,0
DA:175,0
DA:182,0
DA:185,0
DA:186,0
DA:190,0
DA:191,0
DA:192,0
DA:195,0
DA:202,0
DA:203,0
DA:206,0
DA:207,0
DA:208,0
DA:209,0
DA:214,0
DA:215,0
DA:216,0
DA:217,0
DA:218,0
DA:219,0
DA:220,0
DA:221,0
DA:222,0
DA:223,0
DA:228,0
DA:229,0
DA:233,0
DA:234,0
DA:235,0
DA:238,0
DA:245,0
DA:248,0
DA:249,0
DA:250,0
DA:252,0
DA:253,0
DA:258,0
DA:259,0
DA:260,0
DA:264,0
DA:265,0
DA:278,0
DA:279,0
DA:280,0
DA:285,0
DA:289,0
LF:92
LH:0
BRDA:28,0,0,0
BRDA:37,1,0,0
BRDA:46,2,0,0
BRDA:46,3,0,0
BRDA:46,3,1,0
BRDA:46,3,2,0
BRDA:50,4,0,0
BRDA:50,5,0,0
BRDA:50,5,1,0
BRDA:54,6,0,0
BRDA:54,7,0,0
BRDA:54,7,1,0
BRDA:59,8,0,0
BRDA:74,9,0,0
BRDA:87,10,0,0
BRDA:87,10,1,0
BRDA:89,11,0,0
BRDA:92,12,0,0
BRDA:92,13,0,0
BRDA:92,13,1,0
BRDA:105,14,0,0
BRDA:105,14,1,0
BRDA:125,15,0,0
BRDA:125,15,1,0
BRDA:135,16,0,0
BRDA:138,17,0,0
BRDA:138,18,0,0
BRDA:138,18,1,0
BRDA:141,19,0,0
BRDA:141,20,0,0
BRDA:141,20,1,0
BRDA:153,21,0,0
BRDA:156,22,0,0
BRDA:159,23,0,0
BRDA:159,24,0,0
BRDA:159,24,1,0
BRDA:185,25,0,0
BRDA:191,26,0,0
BRDA:207,27,0,0
BRDA:214,28,0,0
BRDA:215,29,0,0
BRDA:215,29,1,0
BRDA:218,30,0,0
BRDA:218,30,1,0
BRDA:221,31,0,0
BRDA:228,32,0,0
BRDA:234,33,0,0
BRDA:249,34,0,0
BRDA:252,35,0,0
BRDA:252,36,0,0
BRDA:252,36,1,0
BRDA:259,37,0,0
BRDA:264,38,0,0
BRDA:279,39,0,0
BRF:54
BRH:0
end_of_record
TN:
SF:src\utils\logger.ts
FNF:0
FNH:0
DA:1,0
DA:3,0
DA:16,0
LF:3
LH:0
BRF:0
BRH:0
end_of_record
